This is pdfTeX, Version 3.14159265-2.6-1.40.21 (MiKTeX 20.6.29) (preloaded format=pdflatex 2020.7.4)  18 OCT 2020 17:53
entering extended mode
**./fdi_draft.tex
(fdi_draft.tex
LaTeX2e <2020-02-02> patch level 5
L3 programming layer <2020-06-18>
(/home/johnschoeneman/.miktex/texmfs/install/tex/latex/base/article.cls
Document Class: article 2019/12/20 v1.4l Standard LaTeX document class
(/home/johnschoeneman/.miktex/texmfs/install/tex/latex/base/size12.clo
File: size12.clo 2019/12/20 v1.4l Standard LaTeX file (size option)
)
\c@part=\count167
\c@section=\count168
\c@subsection=\count169
\c@subsubsection=\count170
\c@paragraph=\count171
\c@subparagraph=\count172
\c@figure=\count173
\c@table=\count174
\abovecaptionskip=\skip47
\belowcaptionskip=\skip48
\bibindent=\dimen134
)
(/home/johnschoeneman/.miktex/texmfs/install/tex/latex/geometry/geometry.sty
Package: geometry 2020/01/02 v5.9 Page Geometry

(/home/johnschoeneman/.miktex/texmfs/install/tex/latex/graphics/keyval.sty
Package: keyval 2014/10/28 v1.15 key=value parser (DPC)
\KV@toks@=\toks15
)
(/home/johnschoeneman/.miktex/texmfs/install/tex/generic/iftex/ifvtex.sty
Package: ifvtex 2019/10/25 v1.7 ifvtex legacy package. Use iftex instead.

(/home/johnschoeneman/.miktex/texmfs/install/tex/generic/iftex/iftex.sty
Package: iftex 2020/03/06 v1.0d TeX engine tests
))
\Gm@cnth=\count175
\Gm@cntv=\count176
\c@Gm@tempcnt=\count177
\Gm@bindingoffset=\dimen135
\Gm@wd@mp=\dimen136
\Gm@odd@mp=\dimen137
\Gm@even@mp=\dimen138
\Gm@layoutwidth=\dimen139
\Gm@layoutheight=\dimen140
\Gm@layouthoffset=\dimen141
\Gm@layoutvoffset=\dimen142
\Gm@dimlist=\toks16

(/home/johnschoeneman/.miktex/texmfs/install/tex/latex/geometry/geometry.cfg))
(/home/johnschoeneman/.miktex/texmfs/install/tex/latex/tools/longtable.sty
Package: longtable 2020/01/07 v4.13 Multi-page Table package (DPC)
\LTleft=\skip49
\LTright=\skip50
\LTpre=\skip51
\LTpost=\skip52
\LTchunksize=\count178
\LTcapwidth=\dimen143
\LT@head=\box45
\LT@firsthead=\box46
\LT@foot=\box47
\LT@lastfoot=\box48
\LT@cols=\count179
\LT@rows=\count180
\c@LT@tables=\count181
\c@LT@chunks=\count182
\LT@p@ftn=\toks17
)
(/home/johnschoeneman/.miktex/texmfs/install/tex/latex/tools/bm.sty
Package: bm 2019/07/24 v1.2d Bold Symbol Support (DPC/FMi)
\symboldoperators=\mathgroup4
\symboldletters=\mathgroup5
\symboldsymbols=\mathgroup6
LaTeX Font Info:    Redeclaring math alphabet \mathbf on input line 141.
LaTeX Info: Redefining \bm on input line 209.
)
(/home/johnschoeneman/.miktex/texmfs/install/tex/latex/hyperref/hyperref.sty
Package: hyperref 2020-05-15 v7.00e Hypertext links for LaTeX

(/home/johnschoeneman/.miktex/texmfs/install/tex/generic/ltxcmds/ltxcmds.sty
Package: ltxcmds 2019/12/15 v1.24 LaTeX kernel commands for general use (HO)
)
(/home/johnschoeneman/.miktex/texmfs/install/tex/generic/pdftexcmds/pdftexcmds.
sty
Package: pdftexcmds 2020-06-27 v0.33 Utility functions of pdfTeX for LuaTeX (HO
)

(/home/johnschoeneman/.miktex/texmfs/install/tex/generic/infwarerr/infwarerr.st
y
Package: infwarerr 2019/12/03 v1.5 Providing info/warning/error messages (HO)
)
Package pdftexcmds Info: \pdf@primitive is available.
Package pdftexcmds Info: \pdf@ifprimitive is available.
Package pdftexcmds Info: \pdfdraftmode found.
)
(/home/johnschoeneman/.miktex/texmfs/install/tex/generic/kvsetkeys/kvsetkeys.st
y
Package: kvsetkeys 2019/12/15 v1.18 Key value parser (HO)
)
(/home/johnschoeneman/.miktex/texmfs/install/tex/generic/kvdefinekeys/kvdefinek
eys.sty
Package: kvdefinekeys 2019-12-19 v1.6 Define keys (HO)
)
(/home/johnschoeneman/.miktex/texmfs/install/tex/generic/pdfescape/pdfescape.st
y
Package: pdfescape 2019/12/09 v1.15 Implements pdfTeX's escape features (HO)
) (/home/johnschoeneman/.miktex/texmfs/install/tex/latex/hycolor/hycolor.sty
Package: hycolor 2020-01-27 v1.10 Color options for hyperref/bookmark (HO)
)
(/home/johnschoeneman/.miktex/texmfs/install/tex/latex/letltxmacro/letltxmacro.
sty
Package: letltxmacro 2019/12/03 v1.6 Let assignment for LaTeX macros (HO)
) (/home/johnschoeneman/.miktex/texmfs/install/tex/latex/auxhook/auxhook.sty
Package: auxhook 2019-12-17 v1.6 Hooks for auxiliary files (HO)
)
(/home/johnschoeneman/.miktex/texmfs/install/tex/latex/kvoptions/kvoptions.sty
Package: kvoptions 2019/11/29 v3.13 Key value format for package options (HO)
)
\@linkdim=\dimen144
\Hy@linkcounter=\count183
\Hy@pagecounter=\count184
(/home/johnschoeneman/.miktex/texmfs/install/tex/latex/hyperref/pd1enc.def
File: pd1enc.def 2020-05-15 v7.00e Hyperref: PDFDocEncoding definition (HO)
Now handling font encoding PD1 ...
... no UTF-8 mapping file for font encoding PD1
)
(/home/johnschoeneman/.miktex/texmfs/install/tex/generic/intcalc/intcalc.sty
Package: intcalc 2019/12/15 v1.3 Expandable calculations with integers (HO)
)
(/home/johnschoeneman/.miktex/texmfs/install/tex/generic/etexcmds/etexcmds.sty
Package: etexcmds 2019/12/15 v1.7 Avoid name clashes with e-TeX commands (HO)
)
\Hy@SavedSpaceFactor=\count185
Package hyperref Info: Hyper figures OFF on input line 4464.
Package hyperref Info: Link nesting OFF on input line 4469.
Package hyperref Info: Hyper index ON on input line 4472.
Package hyperref Info: Plain pages OFF on input line 4479.
Package hyperref Info: Backreferencing OFF on input line 4484.
Package hyperref Info: Implicit mode ON; LaTeX internals redefined.
Package hyperref Info: Bookmarks ON on input line 4717.
\c@Hy@tempcnt=\count186
(/home/johnschoeneman/.miktex/texmfs/install/tex/latex/url/url.sty
\Urlmuskip=\muskip16
Package: url 2013/09/16  ver 3.4  Verb mode for urls, etc.
)
LaTeX Info: Redefining \url on input line 5076.
\XeTeXLinkMargin=\dimen145

(/home/johnschoeneman/.miktex/texmfs/install/tex/generic/bitset/bitset.sty
Package: bitset 2019/12/09 v1.3 Handle bit-vector datatype (HO)

(/home/johnschoeneman/.miktex/texmfs/install/tex/generic/bigintcalc/bigintcalc.
sty
Package: bigintcalc 2019/12/15 v1.5 Expandable calculations on big integers (HO
)
))
\Fld@menulength=\count187
\Field@Width=\dimen146
\Fld@charsize=\dimen147
Package hyperref Info: Hyper figures OFF on input line 6347.
Package hyperref Info: Link nesting OFF on input line 6352.
Package hyperref Info: Hyper index ON on input line 6355.
Package hyperref Info: backreferencing OFF on input line 6362.
Package hyperref Info: Link coloring OFF on input line 6367.
Package hyperref Info: Link coloring with OCG OFF on input line 6372.
Package hyperref Info: PDF/A mode OFF on input line 6377.
LaTeX Info: Redefining \ref on input line 6417.
LaTeX Info: Redefining \pageref on input line 6421.

(/home/johnschoeneman/.miktex/texmfs/install/tex/generic/atbegshi/atbegshi.sty
Package: atbegshi 2019/12/05 v1.19 At begin shipout hook (HO)
)
\Hy@abspage=\count188
\c@Item=\count189
\c@Hfootnote=\count190
)
Package hyperref Info: Driver (autodetected): hpdftex.
 (/home/johnschoeneman/.miktex/texmfs/install/tex/latex/hyperref/hpdftex.def
File: hpdftex.def 2020-05-15 v7.00e Hyperref driver for pdfTeX

(/home/johnschoeneman/.miktex/texmfs/install/tex/latex/atveryend/atveryend.sty
Package: atveryend 2019-12-11 v1.11 Hooks at the very end of document (HO)
Package atveryend Info: \enddocument detected (standard20110627).
)
\Fld@listcount=\count191
\c@bookmark@seq@number=\count192

(/home/johnschoeneman/.miktex/texmfs/install/tex/latex/rerunfilecheck/rerunfile
check.sty
Package: rerunfilecheck 2019/12/05 v1.9 Rerun checks for auxiliary files (HO)

(/home/johnschoeneman/.miktex/texmfs/install/tex/generic/uniquecounter/uniqueco
unter.sty
Package: uniquecounter 2019/12/15 v1.4 Provide unlimited unique counter (HO)
)
Package uniquecounter Info: New unique counter `rerunfilecheck' on input line 2
86.
)
\Hy@SectionHShift=\skip53
)
Package hyperref Info: Option `colorlinks' set `true' on input line 12.

(/home/johnschoeneman/.miktex/texmfs/install/tex/latex/graphics/graphicx.sty
Package: graphicx 2019/11/30 v1.2a Enhanced LaTeX Graphics (DPC,SPQR)

(/home/johnschoeneman/.miktex/texmfs/install/tex/latex/graphics/graphics.sty
Package: graphics 2019/11/30 v1.4a Standard LaTeX Graphics (DPC,SPQR)

(/home/johnschoeneman/.miktex/texmfs/install/tex/latex/graphics/trig.sty
Package: trig 2016/01/03 v1.10 sin cos tan (DPC)
)
(/home/johnschoeneman/.miktex/texmfs/install/tex/latex/graphics-cfg/graphics.cf
g
File: graphics.cfg 2016/06/04 v1.11 sample graphics configuration
)
Package graphics Info: Driver file: pdftex.def on input line 105.

(/home/johnschoeneman/.miktex/texmfs/install/tex/latex/graphics-def/pdftex.def
File: pdftex.def 2018/01/08 v1.0l Graphics/color driver for pdftex
))
\Gin@req@height=\dimen148
\Gin@req@width=\dimen149
) (/home/johnschoeneman/.miktex/texmfs/install/tex/latex/soul/soul.sty
Package: soul 2003/11/17 v2.4 letterspacing/underlining (mf)
\SOUL@word=\toks18
\SOUL@lasttoken=\toks19
\SOUL@cmds=\toks20
\SOUL@buffer=\toks21
\SOUL@token=\toks22
\SOUL@spaceskip=\skip54
\SOUL@ttwidth=\dimen150
\SOUL@uldp=\dimen151
\SOUL@ulht=\dimen152
)
(/home/johnschoeneman/.miktex/texmfs/install/tex/latex/graphics/rotating.sty
Package: rotating 2016/08/11 v2.16d rotated objects in LaTeX

(/home/johnschoeneman/.miktex/texmfs/install/tex/latex/base/ifthen.sty
Package: ifthen 2014/09/29 v1.1c Standard LaTeX ifthen package (DPC)
)
\c@r@tfl@t=\count193
\rotFPtop=\skip55
\rotFPbot=\skip56
\rot@float@box=\box49
\rot@mess@toks=\toks23
)
(/home/johnschoeneman/.miktex/texmfs/install/tex/latex/amsmath/amsmath.sty
Package: amsmath 2020/01/20 v2.17e AMS math features
\@mathmargin=\skip57

For additional information on amsmath, use the `?' option.
(/home/johnschoeneman/.miktex/texmfs/install/tex/latex/amsmath/amstext.sty
Package: amstext 2000/06/29 v2.01 AMS text

(/home/johnschoeneman/.miktex/texmfs/install/tex/latex/amsmath/amsgen.sty
File: amsgen.sty 1999/11/30 v2.0 generic functions
\@emptytoks=\toks24
\ex@=\dimen153
))
(/home/johnschoeneman/.miktex/texmfs/install/tex/latex/amsmath/amsbsy.sty
Package: amsbsy 1999/11/29 v1.2d Bold Symbols
LaTeX Info: Redefining \boldsymbol on input line 28.
\pmbraise@=\dimen154
)
(/home/johnschoeneman/.miktex/texmfs/install/tex/latex/amsmath/amsopn.sty
Package: amsopn 2016/03/08 v2.02 operator names
)
\inf@bad=\count194
LaTeX Info: Redefining \frac on input line 227.
\uproot@=\count195
\leftroot@=\count196
LaTeX Info: Redefining \overline on input line 389.
\classnum@=\count197
\DOTSCASE@=\count198
LaTeX Info: Redefining \ldots on input line 486.
LaTeX Info: Redefining \dots on input line 489.
LaTeX Info: Redefining \cdots on input line 610.
\Mathstrutbox@=\box50
\strutbox@=\box51
\big@size=\dimen155
LaTeX Font Info:    Redeclaring font encoding OML on input line 733.
LaTeX Font Info:    Redeclaring font encoding OMS on input line 734.
\macc@depth=\count199
\c@MaxMatrixCols=\count266
\dotsspace@=\muskip17
\c@parentequation=\count267
\dspbrk@lvl=\count268
\tag@help=\toks25
\row@=\count269
\column@=\count270
\maxfields@=\count271
\andhelp@=\toks26
\eqnshift@=\dimen156
\alignsep@=\dimen157
\tagshift@=\dimen158
\tagwidth@=\dimen159
\totwidth@=\dimen160
\lineht@=\dimen161
\@envbody=\toks27
\multlinegap=\skip58
\multlinetaggap=\skip59
\mathdisplay@stack=\toks28
LaTeX Info: Redefining \[ on input line 2859.
LaTeX Info: Redefining \] on input line 2860.
)
(/home/johnschoeneman/.miktex/texmfs/install/tex/latex/setspace/setspace.sty
Package: setspace 2011/12/19 v6.7a set line spacing
)
(/home/johnschoeneman/.miktex/texmfs/install/tex/latex/amsfonts/amssymb.sty
Package: amssymb 2013/01/14 v3.01 AMS font symbols

(/home/johnschoeneman/.miktex/texmfs/install/tex/latex/amsfonts/amsfonts.sty
Package: amsfonts 2013/01/14 v3.01 Basic AMSFonts support
\symAMSa=\mathgroup7
\symAMSb=\mathgroup8
LaTeX Font Info:    Redeclaring math symbol \hbar on input line 98.
LaTeX Font Info:    Overwriting math alphabet `\mathfrak' in version `bold'
(Font)                  U/euf/m/n --> U/euf/b/n on input line 106.
))
(/home/johnschoeneman/.miktex/texmfs/install/tex/latex/natbib/natbib.sty
Package: natbib 2010/09/13 8.31b (PWD, AO)
\bibhang=\skip60
\bibsep=\skip61
LaTeX Info: Redefining \cite on input line 694.
\c@NAT@ctr=\count272
)
(/home/johnschoeneman/.miktex/texmfs/install/tex/latex/graphics/lscape.sty
Package: lscape 2000/10/22 v3.01 Landscape Pages (DPC)
)
(/home/johnschoeneman/.miktex/texmfs/install/tex/latex/xcolor/xcolor.sty
Package: xcolor 2016/05/11 v2.12 LaTeX color extensions (UK)

(/home/johnschoeneman/.miktex/texmfs/install/tex/latex/graphics-cfg/color.cfg
File: color.cfg 2016/01/02 v1.6 sample color configuration
)
Package xcolor Info: Driver file: pdftex.def on input line 225.

(/home/johnschoeneman/.miktex/texmfs/install/tex/latex/colortbl/colortbl.sty
Package: colortbl 2020/01/04 v1.0e Color table columns (DPC)

(/home/johnschoeneman/.miktex/texmfs/install/tex/latex/tools/array.sty
Package: array 2019/08/31 v2.4l Tabular extension package (FMi)
\col@sep=\dimen162
\ar@mcellbox=\box52
\extrarowheight=\dimen163
\NC@list=\toks29
\extratabsurround=\skip62
\backup@length=\skip63
\ar@cellbox=\box53
)
\everycr=\toks30
\minrowclearance=\skip64
)
\rownum=\count273
Package xcolor Info: Model `cmy' substituted by `cmy0' on input line 1348.
Package xcolor Info: Model `hsb' substituted by `rgb' on input line 1352.
Package xcolor Info: Model `RGB' extended on input line 1364.
Package xcolor Info: Model `HTML' substituted by `rgb' on input line 1366.
Package xcolor Info: Model `Hsb' substituted by `hsb' on input line 1367.
Package xcolor Info: Model `tHsb' substituted by `hsb' on input line 1368.
Package xcolor Info: Model `HSB' substituted by `hsb' on input line 1369.
Package xcolor Info: Model `Gray' substituted by `gray' on input line 1370.
Package xcolor Info: Model `wave' substituted by `hsb' on input line 1371.
)
(/home/johnschoeneman/.miktex/texmfs/install/tex/latex/booktabs/booktabs.sty
Package: booktabs 2020/01/12 v1.61803398 Publication quality tables
\heavyrulewidth=\dimen164
\lightrulewidth=\dimen165
\cmidrulewidth=\dimen166
\belowrulesep=\dimen167
\belowbottomsep=\dimen168
\aboverulesep=\dimen169
\abovetopsep=\dimen170
\cmidrulesep=\dimen171
\cmidrulekern=\dimen172
\defaultaddspace=\dimen173
\@cmidla=\count274
\@cmidlb=\count275
\@aboverulesep=\dimen174
\@belowrulesep=\dimen175
\@thisruleclass=\count276
\@lastruleclass=\count277
\@thisrulewidth=\dimen176
)
(/home/johnschoeneman/.miktex/texmfs/install/tex/latex/caption/subcaption.sty
Package: subcaption 2020/01/22 v1.3d Sub-captions (AR)

(/home/johnschoeneman/.miktex/texmfs/install/tex/latex/caption/caption.sty
Package: caption 2020/05/30 v3.4k Customizing captions (AR)

(/home/johnschoeneman/.miktex/texmfs/install/tex/latex/caption/caption3.sty
Package: caption3 2020/05/30 v1.12 caption3 kernel (AR)
Package caption3 Info: TeX engine: e-TeX on input line 61.
\captionmargin=\dimen177
\captionmargin@=\dimen178
\captionwidth=\dimen179
\caption@tempdima=\dimen180
\caption@indent=\dimen181
\caption@parindent=\dimen182
\caption@hangindent=\dimen183
Package caption Info: Standard document class detected.
)
\c@caption@flags=\count278
\c@continuedfloat=\count279
Package caption Info: hyperref package is loaded.
Package caption Info: longtable package is loaded.

(/home/johnschoeneman/.miktex/texmfs/install/tex/latex/caption/ltcaption.sty
Package: ltcaption 2020/05/30 v1.4b longtable captions (AR)
)
Package caption Info: rotating package is loaded.
)
\c@subfigure=\count280
\c@subtable=\count281
) (/home/johnschoeneman/.miktex/texmfs/install/tex/latex/psnfss/courier.sty
Package: courier 2020/03/25 PSNFSS-v9.3 (WaS) 
)
(/home/johnschoeneman/.miktex/texmfs/install/tex/latex/l3backend/l3backend-pdfm
ode.def
File: l3backend-pdfmode.def 2020-06-29 L3 backend support: PDF mode
\l__kernel_color_stack_int=\count282
\l__pdf_internal_box=\box54
) (fdi_draft.aux)
\openout1 = `fdi_draft.aux'.

LaTeX Font Info:    Checking defaults for OML/cmm/m/it on input line 32.
LaTeX Font Info:    ... okay on input line 32.
LaTeX Font Info:    Checking defaults for OMS/cmsy/m/n on input line 32.
LaTeX Font Info:    ... okay on input line 32.
LaTeX Font Info:    Checking defaults for OT1/cmr/m/n on input line 32.
LaTeX Font Info:    ... okay on input line 32.
LaTeX Font Info:    Checking defaults for T1/cmr/m/n on input line 32.
LaTeX Font Info:    ... okay on input line 32.
LaTeX Font Info:    Checking defaults for TS1/cmr/m/n on input line 32.
LaTeX Font Info:    ... okay on input line 32.
LaTeX Font Info:    Checking defaults for OMX/cmex/m/n on input line 32.
LaTeX Font Info:    ... okay on input line 32.
LaTeX Font Info:    Checking defaults for U/cmr/m/n on input line 32.
LaTeX Font Info:    ... okay on input line 32.
LaTeX Font Info:    Checking defaults for PD1/pdf/m/n on input line 32.
LaTeX Font Info:    ... okay on input line 32.

*geometry* driver: auto-detecting
*geometry* detected driver: pdftex
*geometry* verbose mode - [ preamble ] result:
* driver: pdftex
* paper: letterpaper
* layout: <same size as paper>
* layoutoffset:(h,v)=(0.0pt,0.0pt)
* modes: 
* h-part:(L,W,R)=(72.26999pt, 469.75502pt, 72.26999pt)
* v-part:(T,H,B)=(72.26999pt, 650.43001pt, 72.26999pt)
* \paperwidth=614.295pt
* \paperheight=794.96999pt
* \textwidth=469.75502pt
* \textheight=650.43001pt
* \oddsidemargin=0.0pt
* \evensidemargin=0.0pt
* \topmargin=-37.0pt
* \headheight=12.0pt
* \headsep=25.0pt
* \topskip=12.0pt
* \footskip=30.0pt
* \marginparwidth=44.0pt
* \marginparsep=10.0pt
* \columnsep=10.0pt
* \skip\footins=10.8pt plus 4.0pt minus 2.0pt
* \hoffset=0.0pt
* \voffset=0.0pt
* \mag=1000
* \@twocolumnfalse
* \@twosidefalse
* \@mparswitchfalse
* \@reversemarginfalse
* (1in=72.27pt=25.4mm, 1cm=28.453pt)

\AtBeginShipoutBox=\box55
Package hyperref Info: Link coloring ON on input line 32.
(/home/johnschoeneman/.miktex/texmfs/install/tex/latex/hyperref/nameref.sty
Package: nameref 2019/09/16 v2.46 Cross-referencing by name of section

(/home/johnschoeneman/.miktex/texmfs/install/tex/latex/refcount/refcount.sty
Package: refcount 2019/12/15 v3.6 Data extraction from label references (HO)
)
(/home/johnschoeneman/.miktex/texmfs/install/tex/generic/gettitlestring/gettitl
estring.sty
Package: gettitlestring 2019/12/15 v1.6 Cleanup title references (HO)
)
\c@section@level=\count283
)
LaTeX Info: Redefining \ref on input line 32.
LaTeX Info: Redefining \pageref on input line 32.
LaTeX Info: Redefining \nameref on input line 32.
 (fdi_draft.out) (fdi_draft.out)
\@outlinefile=\write3
\openout3 = `fdi_draft.out'.


(/home/johnschoeneman/.miktex/texmfs/install/tex/context/base/mkii/supp-pdf.mki
i
[Loading MPS to PDF converter (version 2006.09.02).]
\scratchcounter=\count284
\scratchdimen=\dimen184
\scratchbox=\box56
\nofMPsegments=\count285
\nofMParguments=\count286
\everyMPshowfont=\toks31
\MPscratchCnt=\count287
\MPscratchDim=\dimen185
\MPnumerator=\count288
\makeMPintoPDFobject=\count289
\everyMPtoPDFconversion=\toks32
)
(/home/johnschoeneman/.miktex/texmfs/install/tex/latex/epstopdf-pkg/epstopdf-ba
se.sty
Package: epstopdf-base 2020-01-24 v2.11 Base part for package epstopdf
Package epstopdf-base Info: Redefining graphics rule for `.eps' on input line 4
85.
)
Package caption Info: Begin \AtBeginDocument code.
Package caption Info: End \AtBeginDocument code.
LaTeX Font Info:    Trying to load font information for U+msa on input line 43.

 (/home/johnschoeneman/.miktex/texmfs/install/tex/latex/amsfonts/umsa.fd
File: umsa.fd 2013/01/14 v3.01 AMS symbols A
)
LaTeX Font Info:    Trying to load font information for U+msb on input line 43.

 (/home/johnschoeneman/.miktex/texmfs/install/tex/latex/amsfonts/umsb.fd
File: umsb.fd 2013/01/14 v3.01 AMS symbols B
)
Overfull \hbox (25.98094pt too wide) in paragraph at lines 47--49
\OT1/cmr/m/n/10.95 movements. Yet, today's globalized economy is characterized 
by the increasing fragmentation
 []


Underfull \hbox (badness 10000) in paragraph at lines 54--55

 []

[1

{/home/johnschoeneman/.miktex/texmfs/data/pdftex/config/pdftex.map}]
LaTeX Font Info:    Trying to load font information for OT1+pcr on input line 8
2.

(/home/johnschoeneman/.miktex/texmfs/install/tex/latex/psnfss/ot1pcr.fd
File: ot1pcr.fd 2001/06/04 font definitions for OT1/pcr.
)pdfTeX warning (ext4): destination with the same identifier (name{page.1}) has
 been already used, duplicate ignored
<to be read again> 
                   \relax 
l.83 
      [1

] [2] [3] [4] [5] [6] [7] [8] [9]
Underfull \hbox (badness 2903) in paragraph at lines 211--211
[][]\OT1/cmr/m/n/10 Jesse Drucker. ``Google 2.4% Rate Shows How \TS1/cmr/m/n/10
 $\OT1/cmr/m/n/10 60 Billion Is Lost to Tax Loopholes.''
 []


Underfull \hbox (badness 10000) in paragraph at lines 211--211
\OT1/pcr/m/n/10 google-[]2-[]4-[]rate-[]shows-[]how-[]60-[]billion-[]u-[]s-[]re
venue-[]lost-[]to-[]tax-[]loopholes$[][]
 []

[10] [11] [12] [13] [14] [15]
<figures/BICdiff.pdf, id=490, 469.755pt x 289.08pt>
File: figures/BICdiff.pdf Graphic file (type pdf)
<use figures/BICdiff.pdf>
Package pdftex.def Info: figures/BICdiff.pdf  used on input line 295.
(pdftex.def)             Requested size: 352.31538pt x 216.80946pt.
 [16]
<figures/main_rl_plots/Transitivity.pdf, id=500, 205.76875pt x 144.54pt>
File: figures/main_rl_plots/Transitivity.pdf Graphic file (type pdf)
<use figures/main_rl_plots/Transitivity.pdf>
Package pdftex.def Info: figures/main_rl_plots/Transitivity.pdf  used on input 
line 310.
(pdftex.def)             Requested size: 161.2686pt x 107.31657pt.
<figures/main_rl_plots/Mutuality_OECD.pdf, id=502, 205.76875pt x 144.54pt>
File: figures/main_rl_plots/Mutuality_OECD.pdf Graphic file (type pdf)
<use figures/main_rl_plots/Mutuality_OECD.pdf>
Package pdftex.def Info: figures/main_rl_plots/Mutuality_OECD.pdf  used on inpu
t line 311.
(pdftex.def)             Requested size: 161.2686pt x 107.31657pt.
<figures/main_rl_plots/Mutuality_notOECD.pdf, id=504, 205.76875pt x 144.54pt>
File: figures/main_rl_plots/Mutuality_notOECD.pdf Graphic file (type pdf)
<use figures/main_rl_plots/Mutuality_notOECD.pdf>
Package pdftex.def Info: figures/main_rl_plots/Mutuality_notOECD.pdf  used on i
nput line 312.
(pdftex.def)             Requested size: 161.2686pt x 107.31657pt.

Overfull \hbox (7.24715pt too wide) in paragraph at lines 308--314
 [][] 
 []

[17 <./figures/main_rl_plots/Transitivity.pdf> <./figures/main_rl_plots/Mutuali
ty_OECD.pdf> <./figures/main_rl_plots/Mutuality_notOECD.pdf> <./figures/BICdiff
.pdf>]
<figures/transitiveInterpretation.pdf, id=539, 578.16pt x 289.08pt>
File: figures/transitiveInterpretation.pdf Graphic file (type pdf)
<use figures/transitiveInterpretation.pdf>
Package pdftex.def Info: figures/transitiveInterpretation.pdf  used on input li
ne 323.
(pdftex.def)             Requested size: 433.61893pt x 216.80946pt.
<figures/mutualInterpretation.pdf, id=540, 578.16pt x 289.08pt>
File: figures/mutualInterpretation.pdf Graphic file (type pdf)
<use figures/mutualInterpretation.pdf>
Package pdftex.def Info: figures/mutualInterpretation.pdf  used on input line 3
24.
(pdftex.def)             Requested size: 433.61893pt x 216.80946pt.


LaTeX Warning: `!h' float specifier changed to `!ht'.

<figures/main_rl_plots/Sum.pdf, id=542, 205.76875pt x 144.54pt>
File: figures/main_rl_plots/Sum.pdf Graphic file (type pdf)
<use figures/main_rl_plots/Sum.pdf>
Package pdftex.def Info: figures/main_rl_plots/Sum.pdf  used on input line 341.

(pdftex.def)             Requested size: 161.2686pt x 107.31657pt.
<figures/main_rl_plots/Sum_5.pdf, id=544, 205.76875pt x 144.54pt>
File: figures/main_rl_plots/Sum_5.pdf Graphic file (type pdf)
<use figures/main_rl_plots/Sum_5.pdf>
Package pdftex.def Info: figures/main_rl_plots/Sum_5.pdf  used on input line 34
2.
(pdftex.def)             Requested size: 161.2686pt x 107.31657pt.
<figures/main_rl_plots/Nonzero.pdf, id=546, 205.76875pt x 144.54pt>
File: figures/main_rl_plots/Nonzero.pdf Graphic file (type pdf)
<use figures/main_rl_plots/Nonzero.pdf>
Package pdftex.def Info: figures/main_rl_plots/Nonzero.pdf  used on input line 
343.
(pdftex.def)             Requested size: 161.2686pt x 107.31657pt.

Overfull \hbox (7.24715pt too wide) in paragraph at lines 337--345
 [][] 
 []

<figures/main_rl_plots/LDV.pdf, id=548, 205.76875pt x 144.54pt>
File: figures/main_rl_plots/LDV.pdf Graphic file (type pdf)
<use figures/main_rl_plots/LDV.pdf>
Package pdftex.def Info: figures/main_rl_plots/LDV.pdf  used on input line 356.

(pdftex.def)             Requested size: 161.2686pt x 107.31657pt.
<figures/main_rl_plots/Mass.pdf, id=550, 205.76875pt x 144.54pt>
File: figures/main_rl_plots/Mass.pdf Graphic file (type pdf)
<use figures/main_rl_plots/Mass.pdf>
Package pdftex.def Info: figures/main_rl_plots/Mass.pdf  used on input line 357
.
(pdftex.def)             Requested size: 161.2686pt x 107.31657pt.
<figures/main_rl_plots/Distance.pdf, id=552, 205.76875pt x 144.54pt>
File: figures/main_rl_plots/Distance.pdf Graphic file (type pdf)
<use figures/main_rl_plots/Distance.pdf>
Package pdftex.def Info: figures/main_rl_plots/Distance.pdf  used on input line
 358.
(pdftex.def)             Requested size: 161.2686pt x 107.31657pt.
<figures/main_rl_plots/Defense_Treaty.pdf, id=554, 205.76875pt x 144.54pt>
File: figures/main_rl_plots/Defense_Treaty.pdf Graphic file (type pdf)
<use figures/main_rl_plots/Defense_Treaty.pdf>
Package pdftex.def Info: figures/main_rl_plots/Defense_Treaty.pdf  used on inpu
t line 365.
(pdftex.def)             Requested size: 161.2686pt x 107.31657pt.
<figures/main_rl_plots/Non_Defense_Treaty.pdf, id=556, 205.76875pt x 144.54pt>
File: figures/main_rl_plots/Non_Defense_Treaty.pdf Graphic file (type pdf)
<use figures/main_rl_plots/Non_Defense_Treaty.pdf>
Package pdftex.def Info: figures/main_rl_plots/Non_Defense_Treaty.pdf  used on 
input line 366.
(pdftex.def)             Requested size: 161.2686pt x 107.31657pt.
<figures/main_rl_plots/Bilateral_Investment_Treaty.pdf, id=558, 205.76875pt x 1
44.54pt>
File: figures/main_rl_plots/Bilateral_Investment_Treaty.pdf Graphic file (type 
pdf)
<use figures/main_rl_plots/Bilateral_Investment_Treaty.pdf>
Package pdftex.def Info: figures/main_rl_plots/Bilateral_Investment_Treaty.pdf 
 used on input line 367.
(pdftex.def)             Requested size: 161.2686pt x 107.31657pt.
<figures/main_rl_plots/Trade_Volume.pdf, id=560, 205.76875pt x 144.54pt>
File: figures/main_rl_plots/Trade_Volume.pdf Graphic file (type pdf)
<use figures/main_rl_plots/Trade_Volume.pdf>
Package pdftex.def Info: figures/main_rl_plots/Trade_Volume.pdf  used on input 
line 376.
(pdftex.def)             Requested size: 161.2686pt x 107.31657pt.
<figures/main_rl_plots/Nodematch_OECD.pdf, id=562, 205.76875pt x 144.54pt>
File: figures/main_rl_plots/Nodematch_OECD.pdf Graphic file (type pdf)
<use figures/main_rl_plots/Nodematch_OECD.pdf>
Package pdftex.def Info: figures/main_rl_plots/Nodematch_OECD.pdf  used on inpu
t line 377.
(pdftex.def)             Requested size: 161.2686pt x 107.31657pt.
<figures/main_rl_plots/PTA_Depth.pdf, id=564, 205.76875pt x 144.54pt>
File: figures/main_rl_plots/PTA_Depth.pdf Graphic file (type pdf)
<use figures/main_rl_plots/PTA_Depth.pdf>
Package pdftex.def Info: figures/main_rl_plots/PTA_Depth.pdf  used on input lin
e 378.
(pdftex.def)             Requested size: 161.2686pt x 107.31657pt.

Overfull \hbox (7.24715pt too wide) in paragraph at lines 350--381
 [][] 
 []


LaTeX Warning: `!h' float specifier changed to `!ht'.

<figures/main_rl_plots/Dest_Polity.pdf, id=566, 205.76875pt x 144.54pt>
File: figures/main_rl_plots/Dest_Polity.pdf Graphic file (type pdf)
<use figures/main_rl_plots/Dest_Polity.pdf>
Package pdftex.def Info: figures/main_rl_plots/Dest_Polity.pdf  used on input l
ine 390.
(pdftex.def)             Requested size: 161.2686pt x 107.31657pt.
<figures/main_rl_plots/Origin_Polity.pdf, id=568, 205.76875pt x 144.54pt>
File: figures/main_rl_plots/Origin_Polity.pdf Graphic file (type pdf)
<use figures/main_rl_plots/Origin_Polity.pdf>
Package pdftex.def Info: figures/main_rl_plots/Origin_Polity.pdf  used on input
 line 391.
(pdftex.def)             Requested size: 161.2686pt x 107.31657pt.
<figures/main_rl_plots/Dest_GDPpc.pdf, id=570, 205.76875pt x 144.54pt>
File: figures/main_rl_plots/Dest_GDPpc.pdf Graphic file (type pdf)
<use figures/main_rl_plots/Dest_GDPpc.pdf>
Package pdftex.def Info: figures/main_rl_plots/Dest_GDPpc.pdf  used on input li
ne 392.
(pdftex.def)             Requested size: 161.2686pt x 107.31657pt.
<figures/main_rl_plots/Origin_GDPpc.pdf, id=572, 205.76875pt x 144.54pt>
File: figures/main_rl_plots/Origin_GDPpc.pdf Graphic file (type pdf)
<use figures/main_rl_plots/Origin_GDPpc.pdf>
Package pdftex.def Info: figures/main_rl_plots/Origin_GDPpc.pdf  used on input 
line 398.
(pdftex.def)             Requested size: 161.2686pt x 107.31657pt.
<figures/main_rl_plots/Dest_TO.pdf, id=574, 205.76875pt x 144.54pt>
File: figures/main_rl_plots/Dest_TO.pdf Graphic file (type pdf)
<use figures/main_rl_plots/Dest_TO.pdf>
Package pdftex.def Info: figures/main_rl_plots/Dest_TO.pdf  used on input line 
399.
(pdftex.def)             Requested size: 161.2686pt x 107.31657pt.
<figures/main_rl_plots/Origin_TO.pdf, id=576, 205.76875pt x 144.54pt>
File: figures/main_rl_plots/Origin_TO.pdf Graphic file (type pdf)
<use figures/main_rl_plots/Origin_TO.pdf>
Package pdftex.def Info: figures/main_rl_plots/Origin_TO.pdf  used on input lin
e 400.
(pdftex.def)             Requested size: 161.2686pt x 107.31657pt.

Overfull \hbox (7.24715pt too wide) in paragraph at lines 386--404
 [][] 
 []


LaTeX Warning: `!h' float specifier changed to `!ht'.

[18] [19 <./figures/transitiveInterpretation.pdf> <./figures/mutualInterpretati
on.pdf>] [20 <./figures/main_rl_plots/Sum.pdf> <./figures/main_rl_plots/Sum_5.p
df> <./figures/main_rl_plots/Nonzero.pdf>]
Underfull \hbox (badness 2035) in paragraph at lines 418--419
[]\OT1/cmr/m/n/12 We noted above that omitting dependent network structure, a c
ondition that
 []

[21 <./figures/main_rl_plots/LDV.pdf> <./figures/main_rl_plots/Mass.pdf> <./fig
ures/main_rl_plots/Distance.pdf> <./figures/main_rl_plots/Defense_Treaty.pdf> <
./figures/main_rl_plots/Non_Defense_Treaty.pdf> <./figures/main_rl_plots/Bilate
ral_Investment_Treaty.pdf> <./figures/main_rl_plots/Trade_Volume.pdf> <./figure
s/main_rl_plots/Nodematch_OECD.pdf> <./figures/main_rl_plots/PTA_Depth.pdf>]
<./figures/tradevol_sims.pdf, id=709, 578.16pt x 289.08pt>
File: ./figures/tradevol_sims.pdf Graphic file (type pdf)
<use ./figures/tradevol_sims.pdf>
Package pdftex.def Info: ./figures/tradevol_sims.pdf  used on input line 422.
(pdftex.def)             Requested size: 433.61893pt x 216.80946pt.


LaTeX Warning: `!h' float specifier changed to `!ht'.

[22 <./figures/main_rl_plots/Dest_Polity.pdf> <./figures/main_rl_plots/Origin_P
olity.pdf> <./figures/main_rl_plots/Dest_GDPpc.pdf> <./figures/main_rl_plots/Or
igin_GDPpc.pdf> <./figures/main_rl_plots/Dest_TO.pdf> <./figures/main_rl_plots/
Origin_TO.pdf>]
Underfull \hbox (badness 1038) in paragraph at lines 430--431
\OT1/cmr/m/n/12 To check the robustness of our findings, we conduct a number of
 different model
 []

[23 <./figures/tradevol_sims.pdf>] [24]
<./figures/contagion_simulation_results.pdf, id=787, 397.485pt x 234.8775pt>
File: ./figures/contagion_simulation_results.pdf Graphic file (type pdf)
<use ./figures/contagion_simulation_results.pdf>
Package pdftex.def Info: ./figures/contagion_simulation_results.pdf  used on in
put line 445.
(pdftex.def)             Requested size: 337.86385pt x 199.6468pt.
 [25 <./figures/contagion_simulation_results.pdf>] [26] [27] (fdi_draft.bbl
LaTeX Font Info:    Font shape `OT1/pcr/m/it' in size <12> not available
(Font)              Font shape `OT1/pcr/m/sl' tried instead on input line 40.
 [28] [29] [30]
Underfull \hbox (badness 10000) in paragraph at lines 269--274
\OT1/cmr/bx/n/12 URL: [][]$\OT1/pcr/m/sl/12 https : / / www . internationalpoli
ticaleconomysociety . org /
 []


Underfull \hbox (badness 10000) in paragraph at lines 269--274
\OT1/pcr/m/sl/12 sites / default / files / paper-[]uploads / 2017-[]11-[]15-[]1
7 _ 30 _ 32-[]sooyeon .
 []


Underfull \hbox (badness 10000) in paragraph at lines 300--304
\OT1/cmr/bx/n/12 URL: [][]$\OT1/pcr/m/sl/12 https : / / statnet . csde . washin
gton . edu / trac / raw-[]attachment /
 []

[31]
Underfull \hbox (badness 10000) in paragraph at lines 364--369
\OT1/cmr/bx/n/12 URL: [][]$\OT1/pcr/m/sl/12 https : / / papers . ssrn . com / s
ol3 / papers . cfm ? abstract _ id =
 []


Overfull \hbox (124.75499pt too wide) in paragraph at lines 371--375
\OT1/cmr/bx/n/12 URL: [][]$\OT1/pcr/m/sl/12 http : / / www . oecd . org / trade
 / bilateraltradeingoodsbyindustryandend-[]usecategory .
 []

[32])
Package atveryend Info: Empty hook `BeforeClearDocument' on input line 491.
 [33]
Package atveryend Info: Empty hook `AfterLastShipout' on input line 491.
 (fdi_draft.aux)
Package atveryend Info: Executing hook `AtVeryEndDocument' on input line 491.
Package atveryend Info: Executing hook `AtEndAfterFileList' on input line 491.
Package rerunfilecheck Info: File `fdi_draft.out' has not changed.
(rerunfilecheck)             Checksum: FCE8FB20A0050629B107872465326254;785.
Package atveryend Info: Empty hook `AtVeryVeryEnd' on input line 491.
 ) 
Here is how much of TeX's memory you used:
 10135 strings out of 482723
 159286 string characters out of 2948145
 422397 words of memory out of 3000000
 25515 multiletter control sequences out of 15000+200000
 554358 words of font info for 103 fonts, out of 3000000 for 9000
 0 hyphenation exceptions out of 8191
 45i,14n,47p,2292b,558s stack positions out of 5000i,500n,10000p,200000b,50000s
pdfTeX warning (dest): name{Hfootnote.21} has been referenced but does not ex
ist, replaced by a fixed one

pdfTeX warning (dest): name{Hfootnote.20} has been referenced but does not exis
t, replaced by a fixed one

pdfTeX warning (dest): name{Hfootnote.19} has been referenced but does not exis
t, replaced by a fixed one

pdfTeX warning (dest): name{Hfootnote.18} has been referenced but does not exis
t, replaced by a fixed one

pdfTeX warning (dest): name{Hfootnote.17} has been referenced but does not exis
t, replaced by a fixed one

pdfTeX warning (dest): name{Hfootnote.16} has been referenced but does not exis
t, replaced by a fixed one

pdfTeX warning (dest): name{Hfootnote.15} has been referenced but does not exis
t, replaced by a fixed one

pdfTeX warning (dest): name{Hfootnote.14} has been referenced but does not exis
t, replaced by a fixed one

pdfTeX warning (dest): name{Hfootnote.13} has been referenced but does not exis
t, replaced by a fixed one

pdfTeX warning (dest): name{Hfootnote.12} has been referenced but does not exis
t, replaced by a fixed one

pdfTeX warning (dest): name{Hfootnote.11} has been referenced but does not exis
t, replaced by a fixed one

pdfTeX warning (dest): name{Hfootnote.10} has been referenced but does not exis
t, replaced by a fixed one

pdfTeX warning (dest): name{Hfootnote.9} has been referenced but does not exist
, replaced by a fixed one

pdfTeX warning (dest): name{Hfootnote.8} has been referenced but does not exist
, replaced by a fixed one

pdfTeX warning (dest): name{Hfootnote.7} has been referenced but does not exist
, replaced by a fixed one

pdfTeX warning (dest): name{Hfootnote.6} has been referenced but does not exist
, replaced by a fixed one

pdfTeX warning (dest): name{Hfootnote.5} has been referenced but does not exist
, replaced by a fixed one

pdfTeX warning (dest): name{Hfootnote.4} has been referenced but does not exist
, replaced by a fixed one

pdfTeX warning (dest): name{Hfootnote.3} has been referenced but does not exist
, replaced by a fixed one

pdfTeX warning (dest): name{Hfootnote.2} has been referenced but does not exist
, replaced by a fixed one

pdfTeX warning (dest): name{Hfootnote.1} has been referenced but does not exist
, replaced by a fixed one

{/home/johnschoeneman/.miktex/texmfs/install/fonts/enc/dvips/base/8r.enc} </hom
e/johnschoeneman/.miktex/texmfs/data/fonts/pk/ljfour/jknappen/ec/dpi600/tcrm120
0.pk> </home/johnschoeneman/.miktex/texmfs/data/fonts/pk/ljfour/jknappen/ec/dpi
600/tcrm0700.pk> </home/johnschoeneman/.miktex/texmfs/data/fonts/pk/ljfour/jkna
ppen/ec/dpi600/tcrm1000.pk> </home/johnschoeneman/.miktex/texmfs/data/fonts/pk/
ljfour/jknappen/ec/dpi600/tcrm1440.pk></home/johnschoeneman/.miktex/texmfs/inst
all/fonts/type1/public/amsfonts/cm/cmbsy10.pfb></home/johnschoeneman/.miktex/te
xmfs/install/fonts/type1/public/amsfonts/cmextra/cmbsy8.pfb></home/johnschoenem
an/.miktex/texmfs/install/fonts/type1/public/amsfonts/cm/cmbx10.pfb></home/john
schoeneman/.miktex/texmfs/install/fonts/type1/public/amsfonts/cm/cmbx12.pfb></h
ome/johnschoeneman/.miktex/texmfs/install/fonts/type1/public/amsfonts/cm/cmex10
.pfb></home/johnschoeneman/.miktex/texmfs/install/fonts/type1/public/amsfonts/c
m/cmmi12.pfb></home/johnschoeneman/.miktex/texmfs/install/fonts/type1/public/am
sfonts/cm/cmmi8.pfb></home/johnschoeneman/.miktex/texmfs/install/fonts/type1/pu
blic/amsfonts/cm/cmmib10.pfb></home/johnschoeneman/.miktex/texmfs/install/fonts
/type1/public/amsfonts/cmextra/cmmib8.pfb></home/johnschoeneman/.miktex/texmfs/
install/fonts/type1/public/amsfonts/cm/cmr10.pfb></home/johnschoeneman/.miktex/
texmfs/install/fonts/type1/public/amsfonts/cm/cmr12.pfb></home/johnschoeneman/.
miktex/texmfs/install/fonts/type1/public/amsfonts/cm/cmr17.pfb></home/johnschoe
neman/.miktex/texmfs/install/fonts/type1/public/amsfonts/cm/cmr7.pfb></home/joh
nschoeneman/.miktex/texmfs/install/fonts/type1/public/amsfonts/cm/cmr8.pfb></ho
me/johnschoeneman/.miktex/texmfs/install/fonts/type1/public/amsfonts/cm/cmsy10.
pfb></home/johnschoeneman/.miktex/texmfs/install/fonts/type1/public/amsfonts/cm
/cmsy8.pfb></home/johnschoeneman/.miktex/texmfs/install/fonts/type1/public/amsf
onts/cm/cmti10.pfb></home/johnschoeneman/.miktex/texmfs/install/fonts/type1/pub
lic/amsfonts/cm/cmti12.pfb></home/johnschoeneman/.miktex/texmfs/install/fonts/t
ype1/public/amsfonts/symbols/msbm10.pfb></home/johnschoeneman/.miktex/texmfs/in
stall/fonts/type1/urw/courier/ucrr8a.pfb></home/johnschoeneman/.miktex/texmfs/i
nstall/fonts/type1/urw/courier/ucrro8a.pfb>
Output written on fdi_draft.pdf (34 pages, 661678 bytes).
PDF statistics:
 973 PDF objects out of 1000 (max. 8388607)
 157 named destinations out of 1000 (max. 500000)
 353 words of extra memory for PDF output out of 10000 (max. 10000000)

