This is pdfTeX, Version 3.14159265-2.6-1.40.18 (TeX Live 2017) (preloaded format=pdflatex 2017.5.23)  19 OCT 2020 09:50
entering extended mode
 restricted \write18 enabled.
 file:line:error style messages enabled.
 %&-line parsing enabled.
**fdi_draftSI.tex
(./fdi_draftSI.tex
LaTeX2e <2017-04-15>
Babel <3.10> and hyphenation patterns for 84 language(s) loaded.
(/usr/local/texlive/2017/texmf-dist/tex/latex/base/article.cls
Document Class: article 2014/09/29 v1.4h Standard LaTeX document class
(/usr/local/texlive/2017/texmf-dist/tex/latex/base/size12.clo
File: size12.clo 2014/09/29 v1.4h Standard LaTeX file (size option)
)
\c@part=\count79
\c@section=\count80
\c@subsection=\count81
\c@subsubsection=\count82
\c@paragraph=\count83
\c@subparagraph=\count84
\c@figure=\count85
\c@table=\count86
\abovecaptionskip=\skip41
\belowcaptionskip=\skip42
\bibindent=\dimen102
)
(/usr/local/texlive/2017/texmf-dist/tex/latex/geometry/geometry.sty
Package: geometry 2010/09/12 v5.6 Page Geometry

(/usr/local/texlive/2017/texmf-dist/tex/latex/graphics/keyval.sty
Package: keyval 2014/10/28 v1.15 key=value parser (DPC)
\KV@toks@=\toks14
)
(/usr/local/texlive/2017/texmf-dist/tex/generic/oberdiek/ifpdf.sty
Package: ifpdf 2017/03/15 v3.2 Provides the ifpdf switch
)
(/usr/local/texlive/2017/texmf-dist/tex/generic/oberdiek/ifvtex.sty
Package: ifvtex 2016/05/16 v1.6 Detect VTeX and its facilities (HO)
Package ifvtex Info: VTeX not detected.
)
(/usr/local/texlive/2017/texmf-dist/tex/generic/ifxetex/ifxetex.sty
Package: ifxetex 2010/09/12 v0.6 Provides ifxetex conditional
)
\Gm@cnth=\count87
\Gm@cntv=\count88
\c@Gm@tempcnt=\count89
\Gm@bindingoffset=\dimen103
\Gm@wd@mp=\dimen104
\Gm@odd@mp=\dimen105
\Gm@even@mp=\dimen106
\Gm@layoutwidth=\dimen107
\Gm@layoutheight=\dimen108
\Gm@layouthoffset=\dimen109
\Gm@layoutvoffset=\dimen110
\Gm@dimlist=\toks15
)
(/usr/local/texlive/2017/texmf-dist/tex/latex/tools/longtable.sty
Package: longtable 2014/10/28 v4.11 Multi-page Table package (DPC)
\LTleft=\skip43
\LTright=\skip44
\LTpre=\skip45
\LTpost=\skip46
\LTchunksize=\count90
\LTcapwidth=\dimen111
\LT@head=\box26
\LT@firsthead=\box27
\LT@foot=\box28
\LT@lastfoot=\box29
\LT@cols=\count91
\LT@rows=\count92
\c@LT@tables=\count93
\c@LT@chunks=\count94
\LT@p@ftn=\toks16
)
(/usr/local/texlive/2017/texmf-dist/tex/latex/tools/bm.sty
Package: bm 2017/01/16 v1.2c Bold Symbol Support (DPC/FMi)
\symboldoperators=\mathgroup4
\symboldletters=\mathgroup5
\symboldsymbols=\mathgroup6
LaTeX Font Info:    Redeclaring math alphabet \mathbf on input line 141.
LaTeX Info: Redefining \bm on input line 207.
)
(/usr/local/texlive/2017/texmf-dist/tex/latex/hyperref/hyperref.sty
Package: hyperref 2017/03/14 v6.85a Hypertext links for LaTeX

(/usr/local/texlive/2017/texmf-dist/tex/generic/oberdiek/hobsub-hyperref.sty
Package: hobsub-hyperref 2016/05/16 v1.14 Bundle oberdiek, subset hyperref (HO)


(/usr/local/texlive/2017/texmf-dist/tex/generic/oberdiek/hobsub-generic.sty
Package: hobsub-generic 2016/05/16 v1.14 Bundle oberdiek, subset generic (HO)
Package: hobsub 2016/05/16 v1.14 Construct package bundles (HO)
Package: infwarerr 2016/05/16 v1.4 Providing info/warning/error messages (HO)
Package: ltxcmds 2016/05/16 v1.23 LaTeX kernel commands for general use (HO)
Package: ifluatex 2016/05/16 v1.4 Provides the ifluatex switch (HO)
Package ifluatex Info: LuaTeX not detected.
Package hobsub Info: Skipping package `ifvtex' (already loaded).
Package: intcalc 2016/05/16 v1.2 Expandable calculations with integers (HO)
Package hobsub Info: Skipping package `ifpdf' (already loaded).
Package: etexcmds 2016/05/16 v1.6 Avoid name clashes with e-TeX commands (HO)
Package etexcmds Info: Could not find \expanded.
(etexcmds)             That can mean that you are not using pdfTeX 1.50 or
(etexcmds)             that some package has redefined \expanded.
(etexcmds)             In the latter case, load this package earlier.
Package: kvsetkeys 2016/05/16 v1.17 Key value parser (HO)
Package: kvdefinekeys 2016/05/16 v1.4 Define keys (HO)
Package: pdftexcmds 2017/03/19 v0.25 Utility functions of pdfTeX for LuaTeX (HO
)
Package pdftexcmds Info: LuaTeX not detected.
Package pdftexcmds Info: \pdf@primitive is available.
Package pdftexcmds Info: \pdf@ifprimitive is available.
Package pdftexcmds Info: \pdfdraftmode found.
Package: pdfescape 2016/05/16 v1.14 Implements pdfTeX's escape features (HO)
Package: bigintcalc 2016/05/16 v1.4 Expandable calculations on big integers (HO
)
Package: bitset 2016/05/16 v1.2 Handle bit-vector datatype (HO)
Package: uniquecounter 2016/05/16 v1.3 Provide unlimited unique counter (HO)
)
Package hobsub Info: Skipping package `hobsub' (already loaded).
Package: letltxmacro 2016/05/16 v1.5 Let assignment for LaTeX macros (HO)
Package: hopatch 2016/05/16 v1.3 Wrapper for package hooks (HO)
Package: xcolor-patch 2016/05/16 xcolor patch
Package: atveryend 2016/05/16 v1.9 Hooks at the very end of document (HO)
Package atveryend Info: \enddocument detected (standard20110627).
Package: atbegshi 2016/06/09 v1.18 At begin shipout hook (HO)
Package: refcount 2016/05/16 v3.5 Data extraction from label references (HO)
Package: hycolor 2016/05/16 v1.8 Color options for hyperref/bookmark (HO)
)
(/usr/local/texlive/2017/texmf-dist/tex/latex/oberdiek/auxhook.sty
Package: auxhook 2016/05/16 v1.4 Hooks for auxiliary files (HO)
)
(/usr/local/texlive/2017/texmf-dist/tex/latex/oberdiek/kvoptions.sty
Package: kvoptions 2016/05/16 v3.12 Key value format for package options (HO)
)
\@linkdim=\dimen112
\Hy@linkcounter=\count95
\Hy@pagecounter=\count96

(/usr/local/texlive/2017/texmf-dist/tex/latex/hyperref/pd1enc.def
File: pd1enc.def 2017/03/14 v6.85a Hyperref: PDFDocEncoding definition (HO)
)
\Hy@SavedSpaceFactor=\count97

(/usr/local/texlive/2017/texmf-dist/tex/latex/latexconfig/hyperref.cfg
File: hyperref.cfg 2002/06/06 v1.2 hyperref configuration of TeXLive
)
Package hyperref Info: Hyper figures OFF on input line 4498.
Package hyperref Info: Link nesting OFF on input line 4503.
Package hyperref Info: Hyper index ON on input line 4506.
Package hyperref Info: Plain pages OFF on input line 4513.
Package hyperref Info: Backreferencing OFF on input line 4518.
Package hyperref Info: Implicit mode ON; LaTeX internals redefined.
Package hyperref Info: Bookmarks ON on input line 4751.
\c@Hy@tempcnt=\count98

(/usr/local/texlive/2017/texmf-dist/tex/latex/url/url.sty
\Urlmuskip=\muskip10
Package: url 2013/09/16  ver 3.4  Verb mode for urls, etc.
)
LaTeX Info: Redefining \url on input line 5104.
\XeTeXLinkMargin=\dimen113
\Fld@menulength=\count99
\Field@Width=\dimen114
\Fld@charsize=\dimen115
Package hyperref Info: Hyper figures OFF on input line 6358.
Package hyperref Info: Link nesting OFF on input line 6363.
Package hyperref Info: Hyper index ON on input line 6366.
Package hyperref Info: backreferencing OFF on input line 6373.
Package hyperref Info: Link coloring OFF on input line 6378.
Package hyperref Info: Link coloring with OCG OFF on input line 6383.
Package hyperref Info: PDF/A mode OFF on input line 6388.
LaTeX Info: Redefining \ref on input line 6428.
LaTeX Info: Redefining \pageref on input line 6432.
\Hy@abspage=\count100
\c@Item=\count101
\c@Hfootnote=\count102
)

Package hyperref Message: Driver (autodetected): hpdftex.

(/usr/local/texlive/2017/texmf-dist/tex/latex/hyperref/hpdftex.def
File: hpdftex.def 2017/03/14 v6.85a Hyperref driver for pdfTeX
\Fld@listcount=\count103
\c@bookmark@seq@number=\count104

(/usr/local/texlive/2017/texmf-dist/tex/latex/oberdiek/rerunfilecheck.sty
Package: rerunfilecheck 2016/05/16 v1.8 Rerun checks for auxiliary files (HO)
Package uniquecounter Info: New unique counter `rerunfilecheck' on input line 2
82.
)
\Hy@SectionHShift=\skip47
)
Package hyperref Info: Option `colorlinks' set `true' on input line 12.

(/usr/local/texlive/2017/texmf-dist/tex/latex/graphics/graphicx.sty
Package: graphicx 2014/10/28 v1.0g Enhanced LaTeX Graphics (DPC,SPQR)

(/usr/local/texlive/2017/texmf-dist/tex/latex/graphics/graphics.sty
Package: graphics 2017/04/14 v1.1b Standard LaTeX Graphics (DPC,SPQR)

(/usr/local/texlive/2017/texmf-dist/tex/latex/graphics/trig.sty
Package: trig 2016/01/03 v1.10 sin cos tan (DPC)
)
(/usr/local/texlive/2017/texmf-dist/tex/latex/graphics-cfg/graphics.cfg
File: graphics.cfg 2016/06/04 v1.11 sample graphics configuration
)
Package graphics Info: Driver file: pdftex.def on input line 99.

(/usr/local/texlive/2017/texmf-dist/tex/latex/graphics-def/pdftex.def
File: pdftex.def 2017/01/12 v0.06k Graphics/color for pdfTeX
\Gread@gobject=\count105
))
\Gin@req@height=\dimen116
\Gin@req@width=\dimen117
)
(/usr/local/texlive/2017/texmf-dist/tex/latex/soul/soul.sty
Package: soul 2003/11/17 v2.4 letterspacing/underlining (mf)
\SOUL@word=\toks17
\SOUL@lasttoken=\toks18
\SOUL@cmds=\toks19
\SOUL@buffer=\toks20
\SOUL@token=\toks21
\SOUL@spaceskip=\skip48
\SOUL@ttwidth=\dimen118
\SOUL@uldp=\dimen119
\SOUL@ulht=\dimen120
)
(/usr/local/texlive/2017/texmf-dist/tex/latex/graphics/rotating.sty
Package: rotating 2016/08/11 v2.16d rotated objects in LaTeX

(/usr/local/texlive/2017/texmf-dist/tex/latex/base/ifthen.sty
Package: ifthen 2014/09/29 v1.1c Standard LaTeX ifthen package (DPC)
)
\c@r@tfl@t=\count106
\rotFPtop=\skip49
\rotFPbot=\skip50
\rot@float@box=\box30
\rot@mess@toks=\toks22
)
(/usr/local/texlive/2017/texmf-dist/tex/latex/amsmath/amsmath.sty
Package: amsmath 2016/11/05 v2.16a AMS math features
\@mathmargin=\skip51

For additional information on amsmath, use the `?' option.
(/usr/local/texlive/2017/texmf-dist/tex/latex/amsmath/amstext.sty
Package: amstext 2000/06/29 v2.01 AMS text

(/usr/local/texlive/2017/texmf-dist/tex/latex/amsmath/amsgen.sty
File: amsgen.sty 1999/11/30 v2.0 generic functions
\@emptytoks=\toks23
\ex@=\dimen121
))
(/usr/local/texlive/2017/texmf-dist/tex/latex/amsmath/amsbsy.sty
Package: amsbsy 1999/11/29 v1.2d Bold Symbols
LaTeX Info: Redefining \boldsymbol on input line 28.
\pmbraise@=\dimen122
)
(/usr/local/texlive/2017/texmf-dist/tex/latex/amsmath/amsopn.sty
Package: amsopn 2016/03/08 v2.02 operator names
)
\inf@bad=\count107
LaTeX Info: Redefining \frac on input line 213.
\uproot@=\count108
\leftroot@=\count109
LaTeX Info: Redefining \overline on input line 375.
\classnum@=\count110
\DOTSCASE@=\count111
LaTeX Info: Redefining \ldots on input line 472.
LaTeX Info: Redefining \dots on input line 475.
LaTeX Info: Redefining \cdots on input line 596.
\Mathstrutbox@=\box31
\strutbox@=\box32
\big@size=\dimen123
LaTeX Font Info:    Redeclaring font encoding OML on input line 712.
LaTeX Font Info:    Redeclaring font encoding OMS on input line 713.
\macc@depth=\count112
\c@MaxMatrixCols=\count113
\dotsspace@=\muskip11
\c@parentequation=\count114
\dspbrk@lvl=\count115
\tag@help=\toks24
\row@=\count116
\column@=\count117
\maxfields@=\count118
\andhelp@=\toks25
\eqnshift@=\dimen124
\alignsep@=\dimen125
\tagshift@=\dimen126
\tagwidth@=\dimen127
\totwidth@=\dimen128
\lineht@=\dimen129
\@envbody=\toks26
\multlinegap=\skip52
\multlinetaggap=\skip53
\mathdisplay@stack=\toks27
LaTeX Info: Redefining \[ on input line 2817.
LaTeX Info: Redefining \] on input line 2818.
)
(/usr/local/texlive/2017/texmf-dist/tex/latex/setspace/setspace.sty
Package: setspace 2011/12/19 v6.7a set line spacing
)
(/usr/local/texlive/2017/texmf-dist/tex/latex/amsfonts/amssymb.sty
Package: amssymb 2013/01/14 v3.01 AMS font symbols

(/usr/local/texlive/2017/texmf-dist/tex/latex/amsfonts/amsfonts.sty
Package: amsfonts 2013/01/14 v3.01 Basic AMSFonts support
\symAMSa=\mathgroup7
\symAMSb=\mathgroup8
LaTeX Font Info:    Overwriting math alphabet `\mathfrak' in version `bold'
(Font)                  U/euf/m/n --> U/euf/b/n on input line 106.
))
(/usr/local/texlive/2017/texmf-dist/tex/latex/natbib/natbib.sty
Package: natbib 2010/09/13 8.31b (PWD, AO)
\bibhang=\skip54
\bibsep=\skip55
LaTeX Info: Redefining \cite on input line 694.
\c@NAT@ctr=\count119
)
(/usr/local/texlive/2017/texmf-dist/tex/latex/graphics/lscape.sty
Package: lscape 2000/10/22 v3.01 Landscape Pages (DPC)
)
(/usr/local/texlive/2017/texmf-dist/tex/latex/xcolor/xcolor.sty
Package: xcolor 2016/05/11 v2.12 LaTeX color extensions (UK)

(/usr/local/texlive/2017/texmf-dist/tex/latex/graphics-cfg/color.cfg
File: color.cfg 2016/01/02 v1.6 sample color configuration
)
Package xcolor Info: Driver file: pdftex.def on input line 225.

(/usr/local/texlive/2017/texmf-dist/tex/latex/colortbl/colortbl.sty
Package: colortbl 2012/02/13 v1.0a Color table columns (DPC)

(/usr/local/texlive/2017/texmf-dist/tex/latex/tools/array.sty
Package: array 2016/10/06 v2.4d Tabular extension package (FMi)
\col@sep=\dimen130
\extrarowheight=\dimen131
\NC@list=\toks28
\extratabsurround=\skip56
\backup@length=\skip57
)
\everycr=\toks29
\minrowclearance=\skip58
)
\rownum=\count120
Package xcolor Info: Model `cmy' substituted by `cmy0' on input line 1348.
Package xcolor Info: Model `hsb' substituted by `rgb' on input line 1352.
Package xcolor Info: Model `RGB' extended on input line 1364.
Package xcolor Info: Model `HTML' substituted by `rgb' on input line 1366.
Package xcolor Info: Model `Hsb' substituted by `hsb' on input line 1367.
Package xcolor Info: Model `tHsb' substituted by `hsb' on input line 1368.
Package xcolor Info: Model `HSB' substituted by `hsb' on input line 1369.
Package xcolor Info: Model `Gray' substituted by `gray' on input line 1370.
Package xcolor Info: Model `wave' substituted by `hsb' on input line 1371.
)
(/usr/local/texlive/2017/texmf-dist/tex/latex/booktabs/booktabs.sty
Package: booktabs 2016/04/27 v1.618033 publication quality tables
\heavyrulewidth=\dimen132
\lightrulewidth=\dimen133
\cmidrulewidth=\dimen134
\belowrulesep=\dimen135
\belowbottomsep=\dimen136
\aboverulesep=\dimen137
\abovetopsep=\dimen138
\cmidrulesep=\dimen139
\cmidrulekern=\dimen140
\defaultaddspace=\dimen141
\@cmidla=\count121
\@cmidlb=\count122
\@aboverulesep=\dimen142
\@belowrulesep=\dimen143
\@thisruleclass=\count123
\@lastruleclass=\count124
\@thisrulewidth=\dimen144
)
(/usr/local/texlive/2017/texmf-dist/tex/latex/caption/subcaption.sty
Package: subcaption 2016/05/22 v1.1-161 Sub-captions (AR)

(/usr/local/texlive/2017/texmf-dist/tex/latex/caption/caption.sty
Package: caption 2016/02/21 v3.3-144 Customizing captions (AR)

(/usr/local/texlive/2017/texmf-dist/tex/latex/caption/caption3.sty
Package: caption3 2016/05/22 v1.7-166 caption3 kernel (AR)
Package caption3 Info: TeX engine: e-TeX on input line 67.
\captionmargin=\dimen145
\captionmargin@=\dimen146
\captionwidth=\dimen147
\caption@tempdima=\dimen148
\caption@indent=\dimen149
\caption@parindent=\dimen150
\caption@hangindent=\dimen151
)
\c@ContinuedFloat=\count125
Package caption Info: hyperref package is loaded.
Package caption Info: longtable package is loaded.

(/usr/local/texlive/2017/texmf-dist/tex/latex/caption/ltcaption.sty
Package: ltcaption 2013/06/09 v1.4-94 longtable captions (AR)
)
Package caption Info: rotating package is loaded.
)
\c@subfigure=\count126
\c@subtable=\count127
)
(/usr/local/texlive/2017/texmf-dist/tex/latex/psnfss/courier.sty
Package: courier 2005/04/12 PSNFSS-v9.2a (WaS) 
)
(./fdi_draftSI.aux)
\openout1 = `fdi_draftSI.aux'.

LaTeX Font Info:    Checking defaults for OML/cmm/m/it on input line 31.
LaTeX Font Info:    ... okay on input line 31.
LaTeX Font Info:    Checking defaults for T1/cmr/m/n on input line 31.
LaTeX Font Info:    ... okay on input line 31.
LaTeX Font Info:    Checking defaults for OT1/cmr/m/n on input line 31.
LaTeX Font Info:    ... okay on input line 31.
LaTeX Font Info:    Checking defaults for OMS/cmsy/m/n on input line 31.
LaTeX Font Info:    ... okay on input line 31.
LaTeX Font Info:    Checking defaults for OMX/cmex/m/n on input line 31.
LaTeX Font Info:    ... okay on input line 31.
LaTeX Font Info:    Checking defaults for U/cmr/m/n on input line 31.
LaTeX Font Info:    ... okay on input line 31.
LaTeX Font Info:    Checking defaults for PD1/pdf/m/n on input line 31.
LaTeX Font Info:    ... okay on input line 31.

*geometry* driver: auto-detecting
*geometry* detected driver: pdftex
*geometry* verbose mode - [ preamble ] result:
* driver: pdftex
* paper: letterpaper
* layout: <same size as paper>
* layoutoffset:(h,v)=(0.0pt,0.0pt)
* modes: 
* h-part:(L,W,R)=(72.26999pt, 469.75502pt, 72.26999pt)
* v-part:(T,H,B)=(72.26999pt, 650.43001pt, 72.26999pt)
* \paperwidth=614.295pt
* \paperheight=794.96999pt
* \textwidth=469.75502pt
* \textheight=650.43001pt
* \oddsidemargin=0.0pt
* \evensidemargin=0.0pt
* \topmargin=-37.0pt
* \headheight=12.0pt
* \headsep=25.0pt
* \topskip=12.0pt
* \footskip=30.0pt
* \marginparwidth=44.0pt
* \marginparsep=10.0pt
* \columnsep=10.0pt
* \skip\footins=10.8pt plus 4.0pt minus 2.0pt
* \hoffset=0.0pt
* \voffset=0.0pt
* \mag=1000
* \@twocolumnfalse
* \@twosidefalse
* \@mparswitchfalse
* \@reversemarginfalse
* (1in=72.27pt=25.4mm, 1cm=28.453pt)

\AtBeginShipoutBox=\box33
Package hyperref Info: Link coloring ON on input line 31.
(/usr/local/texlive/2017/texmf-dist/tex/latex/hyperref/nameref.sty
Package: nameref 2016/05/21 v2.44 Cross-referencing by name of section

(/usr/local/texlive/2017/texmf-dist/tex/generic/oberdiek/gettitlestring.sty
Package: gettitlestring 2016/05/16 v1.5 Cleanup title references (HO)
)
\c@section@level=\count128
)
LaTeX Info: Redefining \ref on input line 31.
LaTeX Info: Redefining \pageref on input line 31.
LaTeX Info: Redefining \nameref on input line 31.

(./fdi_draftSI.out) (./fdi_draftSI.out)
\@outlinefile=\write3
\openout3 = `fdi_draftSI.out'.


(/usr/local/texlive/2017/texmf-dist/tex/context/base/mkii/supp-pdf.mkii
[Loading MPS to PDF converter (version 2006.09.02).]
\scratchcounter=\count129
\scratchdimen=\dimen152
\scratchbox=\box34
\nofMPsegments=\count130
\nofMParguments=\count131
\everyMPshowfont=\toks30
\MPscratchCnt=\count132
\MPscratchDim=\dimen153
\MPnumerator=\count133
\makeMPintoPDFobject=\count134
\everyMPtoPDFconversion=\toks31
) (/usr/local/texlive/2017/texmf-dist/tex/latex/oberdiek/epstopdf-base.sty
Package: epstopdf-base 2016/05/15 v2.6 Base part for package epstopdf

(/usr/local/texlive/2017/texmf-dist/tex/latex/oberdiek/grfext.sty
Package: grfext 2016/05/16 v1.2 Manage graphics extensions (HO)
)
Package epstopdf-base Info: Redefining graphics rule for `.eps' on input line 4
38.
Package grfext Info: Graphics extension search list:
(grfext)             [.png,.pdf,.jpg,.mps,.jpeg,.jbig2,.jb2,.PNG,.PDF,.JPG,.JPE
G,.JBIG2,.JB2,.eps]
(grfext)             \AppendGraphicsExtensions on input line 456.

(/usr/local/texlive/2017/texmf-dist/tex/latex/latexconfig/epstopdf-sys.cfg
File: epstopdf-sys.cfg 2010/07/13 v1.3 Configuration of (r)epstopdf for TeX Liv
e
))
Package caption Info: Begin \AtBeginDocument code.
Package caption Info: End \AtBeginDocument code.
LaTeX Font Info:    Try loading font information for U+msa on input line 87.

(/usr/local/texlive/2017/texmf-dist/tex/latex/amsfonts/umsa.fd
File: umsa.fd 2013/01/14 v3.01 AMS symbols A
)
LaTeX Font Info:    Try loading font information for U+msb on input line 87.

(/usr/local/texlive/2017/texmf-dist/tex/latex/amsfonts/umsb.fd
File: umsb.fd 2013/01/14 v3.01 AMS symbols B
) [1


{/usr/local/texlive/2017/texmf-var/fonts/map/pdftex/updmap/pdftex.map}]
<SI_figures/descriptive_plots/alliance_barplot.pdf, id=65, 397.485pt x 307.1475
pt>
File: SI_figures/descriptive_plots/alliance_barplot.pdf Graphic file (type pdf)

 <use SI_figures/descriptive_plots/alliance_barplot.pdf>
Package pdftex.def Info: SI_figures/descriptive_plots/alliance_barplot.pdf used
 on input line 138.
(pdftex.def)             Requested size: 198.16582pt x 110.5719pt.

<SI_figures/descriptive_plots/defense_barplot.pdf, id=67, 397.485pt x 307.1475p
t>
File: SI_figures/descriptive_plots/defense_barplot.pdf Graphic file (type pdf)
 <use SI_figures/descriptive_plots/defense_barplot.pdf>
Package pdftex.def Info: SI_figures/descriptive_plots/defense_barplot.pdf used 
on input line 139.
(pdftex.def)             Requested size: 198.16582pt x 110.5719pt.

<SI_figures/descriptive_plots/BIT_barplot.pdf, id=69, 397.485pt x 307.1475pt>
File: SI_figures/descriptive_plots/BIT_barplot.pdf Graphic file (type pdf)

<use SI_figures/descriptive_plots/BIT_barplot.pdf>
Package pdftex.def Info: SI_figures/descriptive_plots/BIT_barplot.pdf used on i
nput line 142.
(pdftex.def)             Requested size: 198.16582pt x 110.5719pt.

<SI_figures/descriptive_plots/OECDpair_barplot.pdf, id=71, 397.485pt x 307.1475
pt>
File: SI_figures/descriptive_plots/OECDpair_barplot.pdf Graphic file (type pdf)

 <use SI_figures/descriptive_plots/OECDpair_barplot.pdf>
Package pdftex.def Info: SI_figures/descriptive_plots/OECDpair_barplot.pdf used
 on input line 143.
(pdftex.def)             Requested size: 198.16582pt x 110.5719pt.

<SI_figures/descriptive_plots/Mass_boxplot.pdf, id=73, 397.485pt x 307.1475pt>
File: SI_figures/descriptive_plots/Mass_boxplot.pdf Graphic file (type pdf)

<use SI_figures/descriptive_plots/Mass_boxplot.pdf>
Package pdftex.def Info: SI_figures/descriptive_plots/Mass_boxplot.pdf used on 
input line 146.
(pdftex.def)             Requested size: 198.16582pt x 110.5719pt.

<SI_figures/descriptive_plots/dist_boxplot.pdf, id=75, 397.485pt x 307.1475pt>
File: SI_figures/descriptive_plots/dist_boxplot.pdf Graphic file (type pdf)

<use SI_figures/descriptive_plots/dist_boxplot.pdf>
Package pdftex.def Info: SI_figures/descriptive_plots/dist_boxplot.pdf used on 
input line 147.
(pdftex.def)             Requested size: 198.16582pt x 110.5719pt.

<SI_figures/descriptive_plots/GDPpc_boxplot.pdf, id=77, 397.485pt x 307.1475pt>
File: SI_figures/descriptive_plots/GDPpc_boxplot.pdf Graphic file (type pdf)
<use SI_figures/descriptive_plots/GDPpc_boxplot.pdf>
Package pdftex.def Info: SI_figures/descriptive_plots/GDPpc_boxplot.pdf used on
 input line 150.
(pdftex.def)             Requested size: 198.16582pt x 110.5719pt.

<SI_figures/descriptive_plots/polity_boxplot.pdf, id=79, 397.485pt x 307.1475pt
>
File: SI_figures/descriptive_plots/polity_boxplot.pdf Graphic file (type pdf)
 <use SI_figures/descriptive_plots/polity_boxplot.pdf>
Package pdftex.def Info: SI_figures/descriptive_plots/polity_boxplot.pdf used o
n input line 151.
(pdftex.def)             Requested size: 198.16582pt x 110.5719pt.

<SI_figures/descriptive_plots/TO_boxplot.pdf, id=81, 397.485pt x 307.1475pt>
File: SI_figures/descriptive_plots/TO_boxplot.pdf Graphic file (type pdf)

<use SI_figures/descriptive_plots/TO_boxplot.pdf>
Package pdftex.def Info: SI_figures/descriptive_plots/TO_boxplot.pdf used on in
put line 157.
(pdftex.def)             Requested size: 198.16582pt x 110.5719pt.

<SI_figures/descriptive_plots/Trade_boxplot.pdf, id=83, 397.485pt x 307.1475pt>
File: SI_figures/descriptive_plots/Trade_boxplot.pdf Graphic file (type pdf)
<use SI_figures/descriptive_plots/Trade_boxplot.pdf>
Package pdftex.def Info: SI_figures/descriptive_plots/Trade_boxplot.pdf used on
 input line 158.
(pdftex.def)             Requested size: 198.16582pt x 110.5719pt.

<SI_figures/descriptive_plots/ptadepth_boxplot.pdf, id=85, 397.485pt x 307.1475
pt>
File: SI_figures/descriptive_plots/ptadepth_boxplot.pdf Graphic file (type pdf)

 <use SI_figures/descriptive_plots/ptadepth_boxplot.pdf>
Package pdftex.def Info: SI_figures/descriptive_plots/ptadepth_boxplot.pdf used
 on input line 161.
(pdftex.def)             Requested size: 198.16582pt x 110.5719pt.

<SI_figures/descriptive_plots/fdi_stock_zeroes_boxplot.pdf, id=87, 397.485pt x 
307.1475pt>
File: SI_figures/descriptive_plots/fdi_stock_zeroes_boxplot.pdf Graphic file (t
ype pdf)
 <use SI_figures/descriptive_plots/fdi_stock_zeroes_boxplot.pdf>
Package pdftex.def Info: SI_figures/descriptive_plots/fdi_stock_zeroes_boxplot.
pdf used on input line 162.
(pdftex.def)             Requested size: 198.16582pt x 110.5719pt.

[2

 <./SI_figures/descriptive_plots/alliance_barplot.pdf> <./SI_figures/descriptiv
e_plots/defense_barplot.pdf> <./SI_figures/descriptive_plots/BIT_barplot.pdf> <
./SI_figures/descriptive_plots/OECDpair_barplot.pdf> <./SI_figures/descriptive_
plots/Mass_boxplot.pdf> <./SI_figures/descriptive_plots/dist_boxplot.pdf> <./SI
_figures/descriptive_plots/GDPpc_boxplot.pdf> <./SI_figures/descriptive_plots/p
olity_boxplot.pdf>]
<SI_figures/descriptive_plots/check_sums.pdf, id=152, 433.62pt x 289.08pt>
File: SI_figures/descriptive_plots/check_sums.pdf Graphic file (type pdf)

<use SI_figures/descriptive_plots/check_sums.pdf>
Package pdftex.def Info: SI_figures/descriptive_plots/check_sums.pdf used on in
put line 173.
(pdftex.def)             Requested size: 414.7553pt x 260.16803pt.
 [3

 <./SI_figures/descriptive_plots/TO_boxplot.pdf> <./SI_figures/descriptive_plot
s/Trade_boxplot.pdf> <./SI_figures/descriptive_plots/ptadepth_boxplot.pdf> <./S
I_figures/descriptive_plots/fdi_stock_zeroes_boxplot.pdf> <./SI_figures/descrip
tive_plots/check_sums.pdf>]
LaTeX Font Info:    Try loading font information for OT1+pcr on input line 200.

(/usr/local/texlive/2017/texmf-dist/tex/latex/psnfss/ot1pcr.fd
File: ot1pcr.fd 2001/06/04 font definitions for OT1/pcr.
) [4]
Overfull \hbox (16.06628pt too wide) in paragraph at lines 204--221
 [][] 
 []


Overfull \hbox (16.06628pt too wide) in paragraph at lines 226--244
 [] 
 []


Overfull \hbox (12.70244pt too wide) in paragraph at lines 250--268
 [] 
 []

[5]

LaTeX Warning: No positions in optional float specifier.
               Default added (so using `tbp') on input line 275.

<figures/recip_fit.pdf, id=247, 433.62pt x 289.08pt>
File: figures/recip_fit.pdf Graphic file (type pdf)

<use figures/recip_fit.pdf>
Package pdftex.def Info: figures/recip_fit.pdf used on input line 277.
(pdftex.def)             Requested size: 323.08012pt x 184.8002pt.

<figures/trans_fit.pdf, id=249, 433.62pt x 289.08pt>
File: figures/trans_fit.pdf Graphic file (type pdf)

<use figures/trans_fit.pdf>
Package pdftex.def Info: figures/trans_fit.pdf used on input line 278.
(pdftex.def)             Requested size: 323.08012pt x 133.58551pt.

<figures/idsd_fit.pdf, id=251, 433.62pt x 289.08pt>
File: figures/idsd_fit.pdf Graphic file (type pdf)
 <use figures/idsd_fit.pdf>
Package pdftex.def Info: figures/idsd_fit.pdf used on input line 279.
(pdftex.def)             Requested size: 323.08012pt x 133.58551pt.

<figures/odsd_fit.pdf, id=253, 433.62pt x 289.08pt>
File: figures/odsd_fit.pdf Graphic file (type pdf)
 <use figures/odsd_fit.pdf>
Package pdftex.def Info: figures/odsd_fit.pdf used on input line 280.
(pdftex.def)             Requested size: 323.08012pt x 133.58551pt.


LaTeX Warning: Float too large for page by 0.43625pt on input line 282.

[6] [7 <./figures/recip_fit.pdf> <./figures/trans_fit.pdf> <./figures/idsd_fit.
pdf> <./figures/odsd_fit.pdf>] [8]
<SI_figures/TERGM_rl_plots/Transitivity.pdf, id=302, 205.76875pt x 144.54pt>
File: SI_figures/TERGM_rl_plots/Transitivity.pdf Graphic file (type pdf)

<use SI_figures/TERGM_rl_plots/Transitivity.pdf>
Package pdftex.def Info: SI_figures/TERGM_rl_plots/Transitivity.pdf used on inp
ut line 333.
(pdftex.def)             Requested size: 145.34634pt x 107.31657pt.

<SI_figures/TERGM_rl_plots/Mutuality_OECD_Pair.pdf, id=304, 205.76875pt x 144.5
4pt>
File: SI_figures/TERGM_rl_plots/Mutuality_OECD_Pair.pdf Graphic file (type pdf)

 <use SI_figures/TERGM_rl_plots/Mutuality_OECD_Pair.pdf>
Package pdftex.def Info: SI_figures/TERGM_rl_plots/Mutuality_OECD_Pair.pdf used
 on input line 334.
(pdftex.def)             Requested size: 145.34634pt x 107.31657pt.

<SI_figures/TERGM_rl_plots/Mutuality_Not_OECD_Pair.pdf, id=306, 205.76875pt x 1
44.54pt>
File: SI_figures/TERGM_rl_plots/Mutuality_Not_OECD_Pair.pdf Graphic file (type 
pdf)
 <use SI_figures/TERGM_rl_plots/Mutuality_Not_OECD_Pair.pdf>
Package pdftex.def Info: SI_figures/TERGM_rl_plots/Mutuality_Not_OECD_Pair.pdf 
used on input line 335.
(pdftex.def)             Requested size: 145.34634pt x 107.31657pt.

Underfull \hbox (badness 10000) in paragraph at lines 343--344

 []

[9

 <./SI_figures/TERGM_rl_plots/Transitivity.pdf> <./SI_figures/TERGM_rl_plots/Mu
tuality_OECD_Pair.pdf> <./SI_figures/TERGM_rl_plots/Mutuality_Not_OECD_Pair.pdf
>]

./fdi_draftSI.tex:350: LaTeX Error: Unknown graphics extension: .dep.pdf.

See the LaTeX manual or LaTeX Companion for explanation.
Type  H <return>  for immediate help.
 ...                                              
                                                  
l.350 ...]{SI_figures/amen_rl_plots/trans.dep.pdf}
                                                     &
? 

./fdi_draftSI.tex:351: LaTeX Error: Unknown graphics extension: .dep.pdf.

See the LaTeX manual or LaTeX Companion for explanation.
Type  H <return>  for immediate help.
 ...                                              
                                                  
l.351 ...m]{SI_figures/amen_rl_plots/dyad.dep.pdf}
                                                   \\
? 
[10]
Underfull \hbox (badness 10000) in paragraph at lines 365--366

 []


Package hyperref Warning: Token not allowed in a PDF string (PDFDocEncoding):
(hyperref)                removing `math shift' on input line 368.


Package hyperref Warning: Token not allowed in a PDF string (PDFDocEncoding):
(hyperref)                removing `\approx' on input line 368.


Package hyperref Warning: Token not allowed in a PDF string (PDFDocEncoding):
(hyperref)                removing `math shift' on input line 368.

<SI_figures/q50_rl_plots/Transitivity.pdf, id=363, 205.76875pt x 144.54pt>
File: SI_figures/q50_rl_plots/Transitivity.pdf Graphic file (type pdf)

<use SI_figures/q50_rl_plots/Transitivity.pdf>
Package pdftex.def Info: SI_figures/q50_rl_plots/Transitivity.pdf used on input
 line 374.
(pdftex.def)             Requested size: 152.83083pt x 104.07118pt.

<SI_figures/q50_rl_plots/Mutuality_OECD.pdf, id=365, 205.76875pt x 144.54pt>
File: SI_figures/q50_rl_plots/Mutuality_OECD.pdf Graphic file (type pdf)

<use SI_figures/q50_rl_plots/Mutuality_OECD.pdf>
Package pdftex.def Info: SI_figures/q50_rl_plots/Mutuality_OECD.pdf used on inp
ut line 375.
(pdftex.def)             Requested size: 152.83083pt x 104.07118pt.

<SI_figures/q50_rl_plots/Mutuality_notOECD.pdf, id=367, 205.76875pt x 144.54pt>
File: SI_figures/q50_rl_plots/Mutuality_notOECD.pdf Graphic file (type pdf)
<use SI_figures/q50_rl_plots/Mutuality_notOECD.pdf>
Package pdftex.def Info: SI_figures/q50_rl_plots/Mutuality_notOECD.pdf used on 
input line 376.
(pdftex.def)             Requested size: 152.83083pt x 104.07118pt.


Package hyperref Warning: Token not allowed in a PDF string (PDFDocEncoding):
(hyperref)                removing `math shift' on input line 382.


Package hyperref Warning: Token not allowed in a PDF string (PDFDocEncoding):
(hyperref)                removing `\approx' on input line 382.


Package hyperref Warning: Token not allowed in a PDF string (PDFDocEncoding):
(hyperref)                removing `math shift' on input line 382.

<SI_figures/q25_rl_plots/Transitivity.pdf, id=369, 205.76875pt x 144.54pt>
File: SI_figures/q25_rl_plots/Transitivity.pdf Graphic file (type pdf)

<use SI_figures/q25_rl_plots/Transitivity.pdf>
Package pdftex.def Info: SI_figures/q25_rl_plots/Transitivity.pdf used on input
 line 388.
(pdftex.def)             Requested size: 152.83083pt x 104.07118pt.

<SI_figures/q25_rl_plots/Mutuality_OECD.pdf, id=371, 205.76875pt x 144.54pt>
File: SI_figures/q25_rl_plots/Mutuality_OECD.pdf Graphic file (type pdf)

<use SI_figures/q25_rl_plots/Mutuality_OECD.pdf>
Package pdftex.def Info: SI_figures/q25_rl_plots/Mutuality_OECD.pdf used on inp
ut line 389.
(pdftex.def)             Requested size: 152.83083pt x 104.07118pt.

<SI_figures/q25_rl_plots/Mutuality_notOECD.pdf, id=373, 205.76875pt x 144.54pt>
File: SI_figures/q25_rl_plots/Mutuality_notOECD.pdf Graphic file (type pdf)
<use SI_figures/q25_rl_plots/Mutuality_notOECD.pdf>
Package pdftex.def Info: SI_figures/q25_rl_plots/Mutuality_notOECD.pdf used on 
input line 390.
(pdftex.def)             Requested size: 152.83083pt x 104.07118pt.


LaTeX Warning: `!h' float specifier changed to `!ht'.


Underfull \hbox (badness 10000) in paragraph at lines 408--408
\OT1/pcr/m/n/10 2196028 / what -[] the -[] foreign -[] direct -[] investment -[
] data -[] tell -[] us -[] about -[] corporate -[] tax -[]
 []


Underfull \hbox (badness 10000) in paragraph at lines 408--410

 []

[11 <./SI_figures/q50_rl_plots/Transitivity.pdf> <./SI_figures/q50_rl_plots/Mut
uality_OECD.pdf> <./SI_figures/q50_rl_plots/Mutuality_notOECD.pdf>] [12 <./SI_f
igures/q25_rl_plots/Transitivity.pdf> <./SI_figures/q25_rl_plots/Mutuality_OECD
.pdf> <./SI_figures/q25_rl_plots/Mutuality_notOECD.pdf>]
<SI_figures/tax_rl_plots/Transitivity.pdf, id=444, 184.69pt x 129.48375pt>
File: SI_figures/tax_rl_plots/Transitivity.pdf Graphic file (type pdf)

<use SI_figures/tax_rl_plots/Transitivity.pdf>
Package pdftex.def Info: SI_figures/tax_rl_plots/Transitivity.pdf used on input
 line 415.
(pdftex.def)             Requested size: 153.81071pt x 104.07118pt.

<SI_figures/tax_rl_plots/Mutuality_OECD.pdf, id=446, 184.69pt x 129.48375pt>
File: SI_figures/tax_rl_plots/Mutuality_OECD.pdf Graphic file (type pdf)

<use SI_figures/tax_rl_plots/Mutuality_OECD.pdf>
Package pdftex.def Info: SI_figures/tax_rl_plots/Mutuality_OECD.pdf used on inp
ut line 416.
(pdftex.def)             Requested size: 153.81071pt x 104.07118pt.

<SI_figures/tax_rl_plots/Mutuality_notOECD.pdf, id=448, 184.69pt x 129.48375pt>
File: SI_figures/tax_rl_plots/Mutuality_notOECD.pdf Graphic file (type pdf)
<use SI_figures/tax_rl_plots/Mutuality_notOECD.pdf>
Package pdftex.def Info: SI_figures/tax_rl_plots/Mutuality_notOECD.pdf used on 
input line 417.
(pdftex.def)             Requested size: 153.81071pt x 104.07118pt.

Overfull \hbox (1.9453pt too wide) in paragraph at lines 413--419
 [][] 
 []

<SI_figures/haven_rl_plots/Transitivity.pdf, id=450, 184.69pt x 129.48375pt>
File: SI_figures/haven_rl_plots/Transitivity.pdf Graphic file (type pdf)

<use SI_figures/haven_rl_plots/Transitivity.pdf>
Package pdftex.def Info: SI_figures/haven_rl_plots/Transitivity.pdf used on inp
ut line 426.
(pdftex.def)             Requested size: 153.81071pt x 104.07118pt.

<SI_figures/haven_rl_plots/Mutuality_OECD.pdf, id=452, 184.69pt x 129.48375pt>
File: SI_figures/haven_rl_plots/Mutuality_OECD.pdf Graphic file (type pdf)

<use SI_figures/haven_rl_plots/Mutuality_OECD.pdf>
Package pdftex.def Info: SI_figures/haven_rl_plots/Mutuality_OECD.pdf used on i
nput line 427.
(pdftex.def)             Requested size: 153.81071pt x 104.07118pt.

<SI_figures/haven_rl_plots/Mutuality_notOECD.pdf, id=454, 184.69pt x 129.48375p
t>
File: SI_figures/haven_rl_plots/Mutuality_notOECD.pdf Graphic file (type pdf)
 <use SI_figures/haven_rl_plots/Mutuality_notOECD.pdf>
Package pdftex.def Info: SI_figures/haven_rl_plots/Mutuality_notOECD.pdf used o
n input line 428.
(pdftex.def)             Requested size: 153.81071pt x 104.07118pt.

Overfull \hbox (1.9453pt too wide) in paragraph at lines 424--430
 [][] 
 []


Underfull \hbox (badness 10000) in paragraph at lines 436--437

 []

[13 <./SI_figures/tax_rl_plots/Transitivity.pdf> <./SI_figures/tax_rl_plots/Mut
uality_OECD.pdf> <./SI_figures/tax_rl_plots/Mutuality_notOECD.pdf> <./SI_figure
s/haven_rl_plots/Transitivity.pdf> <./SI_figures/haven_rl_plots/Mutuality_OECD.
pdf> <./SI_figures/haven_rl_plots/Mutuality_notOECD.pdf>]
<SI_figures/EU_rl_plots/Transitivity.pdf, id=509, 184.69pt x 129.48375pt>
File: SI_figures/EU_rl_plots/Transitivity.pdf Graphic file (type pdf)

<use SI_figures/EU_rl_plots/Transitivity.pdf>
Package pdftex.def Info: SI_figures/EU_rl_plots/Transitivity.pdf used on input 
line 444.
(pdftex.def)             Requested size: 153.81071pt x 104.07118pt.

<SI_figures/EU_rl_plots/Mutuality_OECD.pdf, id=511, 184.69pt x 129.48375pt>
File: SI_figures/EU_rl_plots/Mutuality_OECD.pdf Graphic file (type pdf)

<use SI_figures/EU_rl_plots/Mutuality_OECD.pdf>
Package pdftex.def Info: SI_figures/EU_rl_plots/Mutuality_OECD.pdf used on inpu
t line 445.
(pdftex.def)             Requested size: 153.81071pt x 104.07118pt.

<SI_figures/EU_rl_plots/Mutuality_notOECD.pdf, id=513, 184.69pt x 129.48375pt>
File: SI_figures/EU_rl_plots/Mutuality_notOECD.pdf Graphic file (type pdf)

<use SI_figures/EU_rl_plots/Mutuality_notOECD.pdf>
Package pdftex.def Info: SI_figures/EU_rl_plots/Mutuality_notOECD.pdf used on i
nput line 446.
(pdftex.def)             Requested size: 153.81071pt x 104.07118pt.

Overfull \hbox (1.9453pt too wide) in paragraph at lines 442--448
 [][] 
 []


Underfull \hbox (badness 10000) in paragraph at lines 453--454

 []

<SI_figures/xr_rl_plots/Transitivity.pdf, id=515, 184.69pt x 129.48375pt>
File: SI_figures/xr_rl_plots/Transitivity.pdf Graphic file (type pdf)

<use SI_figures/xr_rl_plots/Transitivity.pdf>
Package pdftex.def Info: SI_figures/xr_rl_plots/Transitivity.pdf used on input 
line 460.
(pdftex.def)             Requested size: 153.81071pt x 104.07118pt.

<SI_figures/xr_rl_plots/Mutuality_OECD.pdf, id=517, 184.69pt x 129.48375pt>
File: SI_figures/xr_rl_plots/Mutuality_OECD.pdf Graphic file (type pdf)

<use SI_figures/xr_rl_plots/Mutuality_OECD.pdf>
Package pdftex.def Info: SI_figures/xr_rl_plots/Mutuality_OECD.pdf used on inpu
t line 461.
(pdftex.def)             Requested size: 153.81071pt x 104.07118pt.

<SI_figures/xr_rl_plots/Mutuality_notOECD.pdf, id=519, 184.69pt x 129.48375pt>
File: SI_figures/xr_rl_plots/Mutuality_notOECD.pdf Graphic file (type pdf)

<use SI_figures/xr_rl_plots/Mutuality_notOECD.pdf>
Package pdftex.def Info: SI_figures/xr_rl_plots/Mutuality_notOECD.pdf used on i
nput line 462.
(pdftex.def)             Requested size: 153.81071pt x 104.07118pt.

Overfull \hbox (1.9453pt too wide) in paragraph at lines 458--464
 [][] 
 []

[14 <./SI_figures/EU_rl_plots/Transitivity.pdf> <./SI_figures/EU_rl_plots/Mutua
lity_OECD.pdf> <./SI_figures/EU_rl_plots/Mutuality_notOECD.pdf>] [15 <./SI_figu
res/xr_rl_plots/Transitivity.pdf> <./SI_figures/xr_rl_plots/Mutuality_OECD.pdf>
 <./SI_figures/xr_rl_plots/Mutuality_notOECD.pdf>]
<./figures/contagion_simulation_results.pdf, id=577, 397.485pt x 234.8775pt>
File: ./figures/contagion_simulation_results.pdf Graphic file (type pdf)

<use ./figures/contagion_simulation_results.pdf>
Package pdftex.def Info: ./figures/contagion_simulation_results.pdf used on inp
ut line 482.
(pdftex.def)             Requested size: 337.86385pt x 199.6468pt.


LaTeX Warning: `!h' float specifier changed to `!ht'.

[16]

LaTeX Warning: Reference `contagion' on page 17 undefined on input line 498.

[17 <./figures/contagion_simulation_results.pdf>]
<./figures/tradevol_sims.pdf, id=639, 578.16pt x 289.08pt>
File: ./figures/tradevol_sims.pdf Graphic file (type pdf)

<use ./figures/tradevol_sims.pdf>
Package pdftex.def Info: ./figures/tradevol_sims.pdf used on input line 511.
(pdftex.def)             Requested size: 433.61893pt x 216.80946pt.


LaTeX Warning: `!h' float specifier changed to `!ht'.


Package natbib Warning: Citation `krivitsky2013modeling' on page 18 undefined o
n input line 515.

[18] [19 <./figures/tradevol_sims.pdf>] (./fdi_draftSI.bbl
LaTeX Font Info:    Font shape `OT1/pcr/m/it' in size <12> not available
(Font)              Font shape `OT1/pcr/m/sl' tried instead on input line 13.
 [20]
Missing character: There is no â in font cmr12!
Missing character: There is no € in font cmr12!
Missing character: There is no ™ in font cmr12!
 [21])

Package natbib Warning: There were undefined citations.

Package atveryend Info: Empty hook `BeforeClearDocument' on input line 523.
[22]
Package atveryend Info: Empty hook `AfterLastShipout' on input line 523.
 (./fdi_draftSI.aux)
Package atveryend Info: Executing hook `AtVeryEndDocument' on input line 523.
Package atveryend Info: Executing hook `AtEndAfterFileList' on input line 523.
Package rerunfilecheck Info: File `fdi_draftSI.out' has not changed.
(rerunfilecheck)             Checksum: EE178846FA1B1A7A8EA7F390B792D10D;795.


LaTeX Warning: There were undefined references.


LaTeX Warning: Label(s) may have changed. Rerun to get cross-references right.

Package atveryend Info: Empty hook `AtVeryVeryEnd' on input line 523.
 )
(\end occurred inside a group at level 1)

### simple group (level 1) entered at line 363 ({)
### bottom level 
Here is how much of TeX's memory you used:
 9432 strings out of 492995
 143798 string characters out of 6132704
 256451 words of memory out of 5000000
 12708 multiletter control sequences out of 15000+600000
 21234 words of font info for 78 fonts, out of 8000000 for 9000
 1141 hyphenation exceptions out of 8191
 42i,14n,49p,2113b,555s stack positions out of 5000i,500n,10000p,200000b,80000s
pdfTeX warning (dest): name{figure.caption.21} has been referen
ced but does not exist, replaced by a fixed one

pdfTeX warning (dest): name{Hfootnote.6} has been referenced but does not exist
, replaced by a fixed one

pdfTeX warning (dest): name{Hfootnote.5} has been referenced but does not exist
, replaced by a fixed one

pdfTeX warning (dest): name{Hfootnote.4} has been referenced but does not exist
, replaced by a fixed one

pdfTeX warning (dest): name{Hfootnote.3} has been referenced but does not exist
, replaced by a fixed one

pdfTeX warning (dest): name{Hfootnote.2} has been referenced but does not exist
, replaced by a fixed one

pdfTeX warning (dest): name{Hfootnote.1} has been referenced but does not exist
, replaced by a fixed one

{/usr/local/texlive/2017/texmf-dist/fonts/enc/dvips/base/8r.enc}</usr/local/tex
live/2017/texmf-dist/fonts/type1/public/amsfonts/cm/cmbx10.pfb></usr/local/texl
ive/2017/texmf-dist/fonts/type1/public/amsfonts/cm/cmbx12.pfb></usr/local/texli
ve/2017/texmf-dist/fonts/type1/public/amsfonts/cm/cmmi12.pfb></usr/local/texliv
e/2017/texmf-dist/fonts/type1/public/amsfonts/cm/cmmib10.pfb></usr/local/texliv
e/2017/texmf-dist/fonts/type1/public/amsfonts/cm/cmr10.pfb></usr/local/texlive/
2017/texmf-dist/fonts/type1/public/amsfonts/cm/cmr12.pfb></usr/local/texlive/20
17/texmf-dist/fonts/type1/public/amsfonts/cm/cmr7.pfb></usr/local/texlive/2017/
texmf-dist/fonts/type1/public/amsfonts/cm/cmr8.pfb></usr/local/texlive/2017/tex
mf-dist/fonts/type1/public/amsfonts/cm/cmsy10.pfb></usr/local/texlive/2017/texm
f-dist/fonts/type1/public/amsfonts/cm/cmti10.pfb></usr/local/texlive/2017/texmf
-dist/fonts/type1/public/amsfonts/cm/cmti12.pfb></usr/local/texlive/2017/texmf-
dist/fonts/type1/urw/courier/ucrr8a.pfb></usr/local/texlive/2017/texmf-dist/fon
ts/type1/urw/courier/ucrro8a.pfb>
Output written on fdi_draftSI.pdf (22 pages, 547419 bytes).
PDF statistics:
 752 PDF objects out of 1000 (max. 8388607)
 591 compressed objects within 6 object streams
 96 named destinations out of 1000 (max. 500000)
 533 words of extra memory for PDF output out of 10000 (max. 10000000)

