This is pdfTeX, Version 3.14159265-2.6-1.40.18 (MiKTeX 2.9.6600 64-bit) (preloaded format=pdflatex 2018.3.6)  20 DEC 2019 10:13
entering extended mode
**C:/Users/bxz14/Research/FDI_Networks/Github/FDI_IGERT_H/Draft/fdi_draftSI.tex

(C:/Users/bxz14/Research/FDI_Networks/Github/FDI_IGERT_H/Draft/fdi_draftSI.tex
LaTeX2e <2017-04-15>
Babel <3.17> and hyphenation patterns for 75 language(s) loaded.
("C:\Users\bxz14\AppData\Local\Programs\MiKTeX 2.9\tex\latex\base\article.cls"
Document Class: article 2014/09/29 v1.4h Standard LaTeX document class
("C:\Users\bxz14\AppData\Local\Programs\MiKTeX 2.9\tex\latex\base\size12.clo"
File: size12.clo 2014/09/29 v1.4h Standard LaTeX file (size option)
)
\c@part=\count79
\c@section=\count80
\c@subsection=\count81
\c@subsubsection=\count82
\c@paragraph=\count83
\c@subparagraph=\count84
\c@figure=\count85
\c@table=\count86
\abovecaptionskip=\skip41
\belowcaptionskip=\skip42
\bibindent=\dimen102
)
("C:\Users\bxz14\AppData\Local\Programs\MiKTeX 2.9\tex\latex\geometry\geometry.
sty"
Package: geometry 2010/09/12 v5.6 Page Geometry

("C:\Users\bxz14\AppData\Local\Programs\MiKTeX 2.9\tex\latex\graphics\keyval.st
y"
Package: keyval 2014/10/28 v1.15 key=value parser (DPC)
\KV@toks@=\toks14
)
("C:\Users\bxz14\AppData\Local\Programs\MiKTeX 2.9\tex\generic\oberdiek\ifpdf.s
ty"
Package: ifpdf 2017/03/15 v3.2 Provides the ifpdf switch
)
("C:\Users\bxz14\AppData\Local\Programs\MiKTeX 2.9\tex\generic\oberdiek\ifvtex.
sty"
Package: ifvtex 2016/05/16 v1.6 Detect VTeX and its facilities (HO)
Package ifvtex Info: VTeX not detected.
)
("C:\Users\bxz14\AppData\Local\Programs\MiKTeX 2.9\tex\generic\ifxetex\ifxetex.
sty"
Package: ifxetex 2010/09/12 v0.6 Provides ifxetex conditional
)
\Gm@cnth=\count87
\Gm@cntv=\count88
\c@Gm@tempcnt=\count89
\Gm@bindingoffset=\dimen103
\Gm@wd@mp=\dimen104
\Gm@odd@mp=\dimen105
\Gm@even@mp=\dimen106
\Gm@layoutwidth=\dimen107
\Gm@layoutheight=\dimen108
\Gm@layouthoffset=\dimen109
\Gm@layoutvoffset=\dimen110
\Gm@dimlist=\toks15

("C:\Users\bxz14\AppData\Local\Programs\MiKTeX 2.9\tex\latex\geometry\geometry.
cfg"))
("C:\Users\bxz14\AppData\Local\Programs\MiKTeX 2.9\tex\latex\tools\longtable.st
y"
Package: longtable 2014/10/28 v4.11 Multi-page Table package (DPC)
\LTleft=\skip43
\LTright=\skip44
\LTpre=\skip45
\LTpost=\skip46
\LTchunksize=\count90
\LTcapwidth=\dimen111
\LT@head=\box26
\LT@firsthead=\box27
\LT@foot=\box28
\LT@lastfoot=\box29
\LT@cols=\count91
\LT@rows=\count92
\c@LT@tables=\count93
\c@LT@chunks=\count94
\LT@p@ftn=\toks16
) ("C:\Users\bxz14\AppData\Local\Programs\MiKTeX 2.9\tex\latex\tools\bm.sty"
Package: bm 2017/01/16 v1.2c Bold Symbol Support (DPC/FMi)
\symboldoperators=\mathgroup4
\symboldletters=\mathgroup5
\symboldsymbols=\mathgroup6
LaTeX Font Info:    Redeclaring math alphabet \mathbf on input line 141.
LaTeX Info: Redefining \bm on input line 207.
)
("C:\Users\bxz14\AppData\Local\Programs\MiKTeX 2.9\tex\latex\hyperref\hyperref.
sty"
Package: hyperref 2018/02/06 v6.86b Hypertext links for LaTeX

("C:\Users\bxz14\AppData\Local\Programs\MiKTeX 2.9\tex\generic\oberdiek\hobsub-
hyperref.sty"
Package: hobsub-hyperref 2016/05/16 v1.14 Bundle oberdiek, subset hyperref (HO)


("C:\Users\bxz14\AppData\Local\Programs\MiKTeX 2.9\tex\generic\oberdiek\hobsub-
generic.sty"
Package: hobsub-generic 2016/05/16 v1.14 Bundle oberdiek, subset generic (HO)
Package: hobsub 2016/05/16 v1.14 Construct package bundles (HO)
Package: infwarerr 2016/05/16 v1.4 Providing info/warning/error messages (HO)
Package: ltxcmds 2016/05/16 v1.23 LaTeX kernel commands for general use (HO)
Package: ifluatex 2016/05/16 v1.4 Provides the ifluatex switch (HO)
Package ifluatex Info: LuaTeX not detected.
Package hobsub Info: Skipping package `ifvtex' (already loaded).
Package: intcalc 2016/05/16 v1.2 Expandable calculations with integers (HO)
Package hobsub Info: Skipping package `ifpdf' (already loaded).
Package: etexcmds 2016/05/16 v1.6 Avoid name clashes with e-TeX commands (HO)
Package etexcmds Info: Could not find \expanded.
(etexcmds)             That can mean that you are not using pdfTeX 1.50 or
(etexcmds)             that some package has redefined \expanded.
(etexcmds)             In the latter case, load this package earlier.
Package: kvsetkeys 2016/05/16 v1.17 Key value parser (HO)
Package: kvdefinekeys 2016/05/16 v1.4 Define keys (HO)
Package: pdftexcmds 2018/01/21 v0.26 Utility functions of pdfTeX for LuaTeX (HO
)
Package pdftexcmds Info: LuaTeX not detected.
Package pdftexcmds Info: \pdf@primitive is available.
Package pdftexcmds Info: \pdf@ifprimitive is available.
Package pdftexcmds Info: \pdfdraftmode found.
Package: pdfescape 2016/05/16 v1.14 Implements pdfTeX's escape features (HO)
Package: bigintcalc 2016/05/16 v1.4 Expandable calculations on big integers (HO
)
Package: bitset 2016/05/16 v1.2 Handle bit-vector datatype (HO)
Package: uniquecounter 2016/05/16 v1.3 Provide unlimited unique counter (HO)
)
Package hobsub Info: Skipping package `hobsub' (already loaded).
Package: letltxmacro 2016/05/16 v1.5 Let assignment for LaTeX macros (HO)
Package: hopatch 2016/05/16 v1.3 Wrapper for package hooks (HO)
Package: xcolor-patch 2016/05/16 xcolor patch
Package: atveryend 2016/05/16 v1.9 Hooks at the very end of document (HO)
Package atveryend Info: \enddocument detected (standard20110627).
Package: atbegshi 2016/06/09 v1.18 At begin shipout hook (HO)
Package: refcount 2016/05/16 v3.5 Data extraction from label references (HO)
Package: hycolor 2016/05/16 v1.8 Color options for hyperref/bookmark (HO)
)
("C:\Users\bxz14\AppData\Local\Programs\MiKTeX 2.9\tex\latex\oberdiek\auxhook.s
ty"
Package: auxhook 2016/05/16 v1.4 Hooks for auxiliary files (HO)
)
("C:\Users\bxz14\AppData\Local\Programs\MiKTeX 2.9\tex\latex\oberdiek\kvoptions
.sty"
Package: kvoptions 2016/05/16 v3.12 Key value format for package options (HO)
)
\@linkdim=\dimen112
\Hy@linkcounter=\count95
\Hy@pagecounter=\count96

("C:\Users\bxz14\AppData\Local\Programs\MiKTeX 2.9\tex\latex\hyperref\pd1enc.de
f"
File: pd1enc.def 2018/02/06 v6.86b Hyperref: PDFDocEncoding definition (HO)
)
\Hy@SavedSpaceFactor=\count97

("C:\Users\bxz14\AppData\Local\Programs\MiKTeX 2.9\tex\latex\00miktex\hyperref.
cfg"
File: hyperref.cfg 2002/06/06 v1.2 hyperref configuration of TeXLive
)
Package hyperref Info: Hyper figures OFF on input line 4509.
Package hyperref Info: Link nesting OFF on input line 4514.
Package hyperref Info: Hyper index ON on input line 4517.
Package hyperref Info: Plain pages OFF on input line 4524.
Package hyperref Info: Backreferencing OFF on input line 4529.
Package hyperref Info: Implicit mode ON; LaTeX internals redefined.
Package hyperref Info: Bookmarks ON on input line 4762.
\c@Hy@tempcnt=\count98
 (C:\Users\bxz14\AppData\Roaming\MiKTeX\2.9\tex\latex\url\url.sty
\Urlmuskip=\muskip10
Package: url 2013/09/16  ver 3.4  Verb mode for urls, etc.
)
LaTeX Info: Redefining \url on input line 5115.
\XeTeXLinkMargin=\dimen113
\Fld@menulength=\count99
\Field@Width=\dimen114
\Fld@charsize=\dimen115
Package hyperref Info: Hyper figures OFF on input line 6369.
Package hyperref Info: Link nesting OFF on input line 6374.
Package hyperref Info: Hyper index ON on input line 6377.
Package hyperref Info: backreferencing OFF on input line 6384.
Package hyperref Info: Link coloring OFF on input line 6389.
Package hyperref Info: Link coloring with OCG OFF on input line 6394.
Package hyperref Info: PDF/A mode OFF on input line 6399.
LaTeX Info: Redefining \ref on input line 6439.
LaTeX Info: Redefining \pageref on input line 6443.
\Hy@abspage=\count100
\c@Item=\count101
\c@Hfootnote=\count102
)
Package hyperref Info: Driver (autodetected): hpdftex.

("C:\Users\bxz14\AppData\Local\Programs\MiKTeX 2.9\tex\latex\hyperref\hpdftex.d
ef"
File: hpdftex.def 2018/02/06 v6.86b Hyperref driver for pdfTeX
\Fld@listcount=\count103
\c@bookmark@seq@number=\count104

("C:\Users\bxz14\AppData\Local\Programs\MiKTeX 2.9\tex\latex\oberdiek\rerunfile
check.sty"
Package: rerunfilecheck 2016/05/16 v1.8 Rerun checks for auxiliary files (HO)
Package uniquecounter Info: New unique counter `rerunfilecheck' on input line 2
82.
)
\Hy@SectionHShift=\skip47
)
Package hyperref Info: Option `colorlinks' set `true' on input line 12.

("C:\Users\bxz14\AppData\Local\Programs\MiKTeX 2.9\tex\latex\graphics\graphicx.
sty"
Package: graphicx 2017/06/01 v1.1a Enhanced LaTeX Graphics (DPC,SPQR)

("C:\Users\bxz14\AppData\Local\Programs\MiKTeX 2.9\tex\latex\graphics\graphics.
sty"
Package: graphics 2017/06/25 v1.2c Standard LaTeX Graphics (DPC,SPQR)

("C:\Users\bxz14\AppData\Local\Programs\MiKTeX 2.9\tex\latex\graphics\trig.sty"
Package: trig 2016/01/03 v1.10 sin cos tan (DPC)
)
("C:\Users\bxz14\AppData\Local\Programs\MiKTeX 2.9\tex\latex\graphics-cfg\graph
ics.cfg"
File: graphics.cfg 2016/06/04 v1.11 sample graphics configuration
)
Package graphics Info: Driver file: pdftex.def on input line 99.

("C:\Users\bxz14\AppData\Local\Programs\MiKTeX 2.9\tex\latex\graphics-def\pdfte
x.def"
File: pdftex.def 2018/01/08 v1.0l Graphics/color driver for pdftex
))
\Gin@req@height=\dimen116
\Gin@req@width=\dimen117
) (C:\Users\bxz14\AppData\Roaming\MiKTeX\2.9\tex\latex\soul\soul.sty
Package: soul 2003/11/17 v2.4 letterspacing/underlining (mf)
\SOUL@word=\toks17
\SOUL@lasttoken=\toks18
\SOUL@cmds=\toks19
\SOUL@buffer=\toks20
\SOUL@token=\toks21
\SOUL@spaceskip=\skip48
\SOUL@ttwidth=\dimen118
\SOUL@uldp=\dimen119
\SOUL@ulht=\dimen120
)
(C:\Users\bxz14\AppData\Roaming\MiKTeX\2.9\tex\latex\rotating\rotating.sty
Package: rotating 2009/03/28 v2.16a rotated objects in LaTeX

("C:\Users\bxz14\AppData\Local\Programs\MiKTeX 2.9\tex\latex\base\ifthen.sty"
Package: ifthen 2014/09/29 v1.1c Standard LaTeX ifthen package (DPC)
)
\c@r@tfl@t=\count105
\rotFPtop=\skip49
\rotFPbot=\skip50
\rot@float@box=\box30
\rot@mess@toks=\toks22
)
("C:\Users\bxz14\AppData\Local\Programs\MiKTeX 2.9\tex\latex\amsmath\amsmath.st
y"
Package: amsmath 2017/09/02 v2.17a AMS math features
\@mathmargin=\skip51

For additional information on amsmath, use the `?' option.

("C:\Users\bxz14\AppData\Local\Programs\MiKTeX 2.9\tex\latex\amsmath\amstext.st
y"
Package: amstext 2000/06/29 v2.01 AMS text

("C:\Users\bxz14\AppData\Local\Programs\MiKTeX 2.9\tex\latex\amsmath\amsgen.sty
"
File: amsgen.sty 1999/11/30 v2.0 generic functions
\@emptytoks=\toks23
\ex@=\dimen121
))
("C:\Users\bxz14\AppData\Local\Programs\MiKTeX 2.9\tex\latex\amsmath\amsbsy.sty
"
Package: amsbsy 1999/11/29 v1.2d Bold Symbols
LaTeX Info: Redefining \boldsymbol on input line 28.
\pmbraise@=\dimen122
)
("C:\Users\bxz14\AppData\Local\Programs\MiKTeX 2.9\tex\latex\amsmath\amsopn.sty
"
Package: amsopn 2016/03/08 v2.02 operator names
)
\inf@bad=\count106
LaTeX Info: Redefining \frac on input line 213.
\uproot@=\count107
\leftroot@=\count108
LaTeX Info: Redefining \overline on input line 375.
\classnum@=\count109
\DOTSCASE@=\count110
LaTeX Info: Redefining \ldots on input line 472.
LaTeX Info: Redefining \dots on input line 475.
LaTeX Info: Redefining \cdots on input line 596.
\Mathstrutbox@=\box31
\strutbox@=\box32
\big@size=\dimen123
LaTeX Font Info:    Redeclaring font encoding OML on input line 712.
LaTeX Font Info:    Redeclaring font encoding OMS on input line 713.
\macc@depth=\count111
\c@MaxMatrixCols=\count112
\dotsspace@=\muskip11
\c@parentequation=\count113
\dspbrk@lvl=\count114
\tag@help=\toks24
\row@=\count115
\column@=\count116
\maxfields@=\count117
\andhelp@=\toks25
\eqnshift@=\dimen124
\alignsep@=\dimen125
\tagshift@=\dimen126
\tagwidth@=\dimen127
\totwidth@=\dimen128
\lineht@=\dimen129
\@envbody=\toks26
\multlinegap=\skip52
\multlinetaggap=\skip53
\mathdisplay@stack=\toks27
LaTeX Info: Redefining \[ on input line 2817.
LaTeX Info: Redefining \] on input line 2818.
) (C:\Users\bxz14\AppData\Roaming\MiKTeX\2.9\tex\latex\setspace\setspace.sty
Package: setspace 2011/12/19 v6.7a set line spacing
)
("C:\Users\bxz14\AppData\Local\Programs\MiKTeX 2.9\tex\latex\amsfonts\amssymb.s
ty"
Package: amssymb 2013/01/14 v3.01 AMS font symbols

("C:\Users\bxz14\AppData\Local\Programs\MiKTeX 2.9\tex\latex\amsfonts\amsfonts.
sty"
Package: amsfonts 2013/01/14 v3.01 Basic AMSFonts support
\symAMSa=\mathgroup7
\symAMSb=\mathgroup8
LaTeX Font Info:    Overwriting math alphabet `\mathfrak' in version `bold'
(Font)                  U/euf/m/n --> U/euf/b/n on input line 106.
)) (C:\Users\bxz14\AppData\Roaming\MiKTeX\2.9\tex\latex\natbib\natbib.sty
Package: natbib 2010/09/13 8.31b (PWD, AO)
\bibhang=\skip54
\bibsep=\skip55
LaTeX Info: Redefining \cite on input line 694.
\c@NAT@ctr=\count118
)
("C:\Users\bxz14\AppData\Local\Programs\MiKTeX 2.9\tex\latex\graphics\lscape.st
y"
Package: lscape 2000/10/22 v3.01 Landscape Pages (DPC)
) (C:\Users\bxz14\AppData\Roaming\MiKTeX\2.9\tex\latex\xcolor\xcolor.sty
Package: xcolor 2016/05/11 v2.12 LaTeX color extensions (UK)

("C:\Users\bxz14\AppData\Local\Programs\MiKTeX 2.9\tex\latex\graphics-cfg\color
.cfg"
File: color.cfg 2016/01/02 v1.6 sample color configuration
)
Package xcolor Info: Driver file: pdftex.def on input line 225.

(C:\Users\bxz14\AppData\Roaming\MiKTeX\2.9\tex\latex\colortbl\colortbl.sty
Package: colortbl 2012/02/13 v1.0a Color table columns (DPC)

("C:\Users\bxz14\AppData\Local\Programs\MiKTeX 2.9\tex\latex\tools\array.sty"
Package: array 2016/10/06 v2.4d Tabular extension package (FMi)
\col@sep=\dimen130
\extrarowheight=\dimen131
\NC@list=\toks28
\extratabsurround=\skip56
\backup@length=\skip57
)
\everycr=\toks29
\minrowclearance=\skip58
)
\rownum=\count119
Package xcolor Info: Model `cmy' substituted by `cmy0' on input line 1348.
Package xcolor Info: Model `hsb' substituted by `rgb' on input line 1352.
Package xcolor Info: Model `RGB' extended on input line 1364.
Package xcolor Info: Model `HTML' substituted by `rgb' on input line 1366.
Package xcolor Info: Model `Hsb' substituted by `hsb' on input line 1367.
Package xcolor Info: Model `tHsb' substituted by `hsb' on input line 1368.
Package xcolor Info: Model `HSB' substituted by `hsb' on input line 1369.
Package xcolor Info: Model `Gray' substituted by `gray' on input line 1370.
Package xcolor Info: Model `wave' substituted by `hsb' on input line 1371.
) (C:\Users\bxz14\AppData\Roaming\MiKTeX\2.9\tex\latex\booktabs\booktabs.sty
Package: booktabs 2005/04/14 v1.61803 publication quality tables
\heavyrulewidth=\dimen132
\lightrulewidth=\dimen133
\cmidrulewidth=\dimen134
\belowrulesep=\dimen135
\belowbottomsep=\dimen136
\aboverulesep=\dimen137
\abovetopsep=\dimen138
\cmidrulesep=\dimen139
\cmidrulekern=\dimen140
\defaultaddspace=\dimen141
\@cmidla=\count120
\@cmidlb=\count121
\@aboverulesep=\dimen142
\@belowrulesep=\dimen143
\@thisruleclass=\count122
\@lastruleclass=\count123
\@thisrulewidth=\dimen144
)
(C:\Users\bxz14\AppData\Roaming\MiKTeX\2.9\tex\latex\caption\subcaption.sty
Package: subcaption 2016/05/22 v1.1-161 Sub-captions (AR)

(C:\Users\bxz14\AppData\Roaming\MiKTeX\2.9\tex\latex\caption\caption.sty
Package: caption 2016/02/21 v3.3-144 Customizing captions (AR)

(C:\Users\bxz14\AppData\Roaming\MiKTeX\2.9\tex\latex\caption\caption3.sty
Package: caption3 2016/05/22 v1.7-166 caption3 kernel (AR)
Package caption3 Info: TeX engine: e-TeX on input line 67.
\captionmargin=\dimen145
\captionmargin@=\dimen146
\captionwidth=\dimen147
\caption@tempdima=\dimen148
\caption@indent=\dimen149
\caption@parindent=\dimen150
\caption@hangindent=\dimen151
)
\c@ContinuedFloat=\count124
Package caption Info: hyperref package is loaded.
Package caption Info: longtable package is loaded.

(C:\Users\bxz14\AppData\Roaming\MiKTeX\2.9\tex\latex\caption\ltcaption.sty
Package: ltcaption 2013/06/09 v1.4-94 longtable captions (AR)
)
Package caption Info: rotating package is loaded.
)
\c@subfigure=\count125
\c@subtable=\count126
)
("C:\Users\bxz14\AppData\Local\Programs\MiKTeX 2.9\tex\latex\psnfss\courier.sty
"
Package: courier 2005/04/12 PSNFSS-v9.2a (WaS) 
) (fdi_draftSI.aux)
\openout1 = `fdi_draftSI.aux'.

LaTeX Font Info:    Checking defaults for OML/cmm/m/it on input line 31.
LaTeX Font Info:    ... okay on input line 31.
LaTeX Font Info:    Checking defaults for T1/cmr/m/n on input line 31.
LaTeX Font Info:    ... okay on input line 31.
LaTeX Font Info:    Checking defaults for OT1/cmr/m/n on input line 31.
LaTeX Font Info:    ... okay on input line 31.
LaTeX Font Info:    Checking defaults for OMS/cmsy/m/n on input line 31.
LaTeX Font Info:    ... okay on input line 31.
LaTeX Font Info:    Checking defaults for OMX/cmex/m/n on input line 31.
LaTeX Font Info:    ... okay on input line 31.
LaTeX Font Info:    Checking defaults for U/cmr/m/n on input line 31.
LaTeX Font Info:    ... okay on input line 31.
LaTeX Font Info:    Checking defaults for PD1/pdf/m/n on input line 31.
LaTeX Font Info:    ... okay on input line 31.

*geometry* driver: auto-detecting
*geometry* detected driver: pdftex
*geometry* verbose mode - [ preamble ] result:
* driver: pdftex
* paper: letterpaper
* layout: <same size as paper>
* layoutoffset:(h,v)=(0.0pt,0.0pt)
* modes: 
* h-part:(L,W,R)=(72.26999pt, 469.75502pt, 72.26999pt)
* v-part:(T,H,B)=(72.26999pt, 650.43001pt, 72.26999pt)
* \paperwidth=614.295pt
* \paperheight=794.96999pt
* \textwidth=469.75502pt
* \textheight=650.43001pt
* \oddsidemargin=0.0pt
* \evensidemargin=0.0pt
* \topmargin=-37.0pt
* \headheight=12.0pt
* \headsep=25.0pt
* \topskip=12.0pt
* \footskip=30.0pt
* \marginparwidth=44.0pt
* \marginparsep=10.0pt
* \columnsep=10.0pt
* \skip\footins=10.8pt plus 4.0pt minus 2.0pt
* \hoffset=0.0pt
* \voffset=0.0pt
* \mag=1000
* \@twocolumnfalse
* \@twosidefalse
* \@mparswitchfalse
* \@reversemarginfalse
* (1in=72.27pt=25.4mm, 1cm=28.453pt)

\AtBeginShipoutBox=\box33
Package hyperref Info: Link coloring ON on input line 31.

("C:\Users\bxz14\AppData\Local\Programs\MiKTeX 2.9\tex\latex\hyperref\nameref.s
ty"
Package: nameref 2016/05/21 v2.44 Cross-referencing by name of section

("C:\Users\bxz14\AppData\Local\Programs\MiKTeX 2.9\tex\generic\oberdiek\gettitl
estring.sty"
Package: gettitlestring 2016/05/16 v1.5 Cleanup title references (HO)
)
\c@section@level=\count127
)
LaTeX Info: Redefining \ref on input line 31.
LaTeX Info: Redefining \pageref on input line 31.
LaTeX Info: Redefining \nameref on input line 31.
 (fdi_draftSI.out) (fdi_draftSI.out)
\@outlinefile=\write3
\openout3 = `fdi_draftSI.out'.


(C:\Users\bxz14\AppData\Roaming\MiKTeX\2.9\tex\context\base\supp-pdf.mkii
[Loading MPS to PDF converter (version 2006.09.02).]
\scratchcounter=\count128
\scratchdimen=\dimen152
\scratchbox=\box34
\nofMPsegments=\count129
\nofMParguments=\count130
\everyMPshowfont=\toks30
\MPscratchCnt=\count131
\MPscratchDim=\dimen153
\MPnumerator=\count132
\makeMPintoPDFobject=\count133
\everyMPtoPDFconversion=\toks31
)
("C:\Users\bxz14\AppData\Local\Programs\MiKTeX 2.9\tex\latex\oberdiek\epstopdf-
base.sty"
Package: epstopdf-base 2016/05/15 v2.6 Base part for package epstopdf

("C:\Users\bxz14\AppData\Local\Programs\MiKTeX 2.9\tex\latex\oberdiek\grfext.st
y"
Package: grfext 2016/05/16 v1.2 Manage graphics extensions (HO)
)
Package epstopdf-base Info: Redefining graphics rule for `.eps' on input line 4
38.
Package grfext Info: Graphics extension search list:
(grfext)             [.pdf,.png,.jpg,.mps,.jpeg,.jbig2,.jb2,.PDF,.PNG,.JPG,.JPE
G,.JBIG2,.JB2,.eps]
(grfext)             \AppendGraphicsExtensions on input line 456.
)
Package caption Info: Begin \AtBeginDocument code.
Package caption Info: End \AtBeginDocument code.
LaTeX Font Info:    Try loading font information for U+msa on input line 87.

("C:\Users\bxz14\AppData\Local\Programs\MiKTeX 2.9\tex\latex\amsfonts\umsa.fd"
File: umsa.fd 2013/01/14 v3.01 AMS symbols A
)
LaTeX Font Info:    Try loading font information for U+msb on input line 87.
("C:\Users\bxz14\AppData\Local\Programs\MiKTeX 2.9\tex\latex\amsfonts\umsb.fd"
File: umsb.fd 2013/01/14 v3.01 AMS symbols B
) [1


{C:/Users/bxz14/AppData/Local/MiKTeX/2.9/pdftex/config/pdftex.map}]
<SI_figures/descriptive_plots/alliance_barplot.pdf, id=52, 397.485pt x 307.1475
pt>
File: SI_figures/descriptive_plots/alliance_barplot.pdf Graphic file (type pdf)

<use SI_figures/descriptive_plots/alliance_barplot.pdf>
Package pdftex.def Info: SI_figures/descriptive_plots/alliance_barplot.pdf  use
d on input line 138.
(pdftex.def)             Requested size: 198.16582pt x 110.5719pt.
<SI_figures/descriptive_plots/defense_barplot.pdf, id=54, 397.485pt x 307.1475p
t>
File: SI_figures/descriptive_plots/defense_barplot.pdf Graphic file (type pdf)
<use SI_figures/descriptive_plots/defense_barplot.pdf>
Package pdftex.def Info: SI_figures/descriptive_plots/defense_barplot.pdf  used
 on input line 139.
(pdftex.def)             Requested size: 198.16582pt x 110.5719pt.
<SI_figures/descriptive_plots/BIT_barplot.pdf, id=56, 397.485pt x 307.1475pt>
File: SI_figures/descriptive_plots/BIT_barplot.pdf Graphic file (type pdf)
<use SI_figures/descriptive_plots/BIT_barplot.pdf>
Package pdftex.def Info: SI_figures/descriptive_plots/BIT_barplot.pdf  used on 
input line 142.
(pdftex.def)             Requested size: 198.16582pt x 110.5719pt.
<SI_figures/descriptive_plots/OECDpair_barplot.pdf, id=58, 397.485pt x 307.1475
pt>
File: SI_figures/descriptive_plots/OECDpair_barplot.pdf Graphic file (type pdf)

<use SI_figures/descriptive_plots/OECDpair_barplot.pdf>
Package pdftex.def Info: SI_figures/descriptive_plots/OECDpair_barplot.pdf  use
d on input line 143.
(pdftex.def)             Requested size: 198.16582pt x 110.5719pt.
<SI_figures/descriptive_plots/Mass_boxplot.pdf, id=60, 397.485pt x 307.1475pt>
File: SI_figures/descriptive_plots/Mass_boxplot.pdf Graphic file (type pdf)
<use SI_figures/descriptive_plots/Mass_boxplot.pdf>
Package pdftex.def Info: SI_figures/descriptive_plots/Mass_boxplot.pdf  used on
 input line 146.
(pdftex.def)             Requested size: 198.16582pt x 110.5719pt.
<SI_figures/descriptive_plots/dist_boxplot.pdf, id=62, 397.485pt x 307.1475pt>
File: SI_figures/descriptive_plots/dist_boxplot.pdf Graphic file (type pdf)
<use SI_figures/descriptive_plots/dist_boxplot.pdf>
Package pdftex.def Info: SI_figures/descriptive_plots/dist_boxplot.pdf  used on
 input line 147.
(pdftex.def)             Requested size: 198.16582pt x 110.5719pt.
<SI_figures/descriptive_plots/GDPpc_boxplot.pdf, id=64, 397.485pt x 307.1475pt>

File: SI_figures/descriptive_plots/GDPpc_boxplot.pdf Graphic file (type pdf)
<use SI_figures/descriptive_plots/GDPpc_boxplot.pdf>
Package pdftex.def Info: SI_figures/descriptive_plots/GDPpc_boxplot.pdf  used o
n input line 150.
(pdftex.def)             Requested size: 198.16582pt x 110.5719pt.
<SI_figures/descriptive_plots/polity_boxplot.pdf, id=66, 397.485pt x 307.1475pt
>
File: SI_figures/descriptive_plots/polity_boxplot.pdf Graphic file (type pdf)
<use SI_figures/descriptive_plots/polity_boxplot.pdf>
Package pdftex.def Info: SI_figures/descriptive_plots/polity_boxplot.pdf  used 
on input line 151.
(pdftex.def)             Requested size: 198.16582pt x 110.5719pt.
<SI_figures/descriptive_plots/TO_boxplot.pdf, id=68, 397.485pt x 307.1475pt>
File: SI_figures/descriptive_plots/TO_boxplot.pdf Graphic file (type pdf)
<use SI_figures/descriptive_plots/TO_boxplot.pdf>
Package pdftex.def Info: SI_figures/descriptive_plots/TO_boxplot.pdf  used on i
nput line 157.
(pdftex.def)             Requested size: 198.16582pt x 110.5719pt.
<SI_figures/descriptive_plots/Trade_boxplot.pdf, id=70, 397.485pt x 307.1475pt>

File: SI_figures/descriptive_plots/Trade_boxplot.pdf Graphic file (type pdf)
<use SI_figures/descriptive_plots/Trade_boxplot.pdf>
Package pdftex.def Info: SI_figures/descriptive_plots/Trade_boxplot.pdf  used o
n input line 158.
(pdftex.def)             Requested size: 198.16582pt x 110.5719pt.
<SI_figures/descriptive_plots/ptadepth_boxplot.pdf, id=72, 397.485pt x 307.1475
pt>
File: SI_figures/descriptive_plots/ptadepth_boxplot.pdf Graphic file (type pdf)

<use SI_figures/descriptive_plots/ptadepth_boxplot.pdf>
Package pdftex.def Info: SI_figures/descriptive_plots/ptadepth_boxplot.pdf  use
d on input line 161.
(pdftex.def)             Requested size: 198.16582pt x 110.5719pt.
<SI_figures/descriptive_plots/fdi_stock_zeroes_boxplot.pdf, id=74, 397.485pt x 
307.1475pt>
File: SI_figures/descriptive_plots/fdi_stock_zeroes_boxplot.pdf Graphic file (t
ype pdf)
<use SI_figures/descriptive_plots/fdi_stock_zeroes_boxplot.pdf>
Package pdftex.def Info: SI_figures/descriptive_plots/fdi_stock_zeroes_boxplot.
pdf  used on input line 162.
(pdftex.def)             Requested size: 198.16582pt x 110.5719pt.
 [2

 <./SI_figures/descriptive_plots/alliance_barplot.pdf> <./SI_figures/descriptiv
e_plots/defense_barplot.pdf> <./SI_figures/descriptive_plots/BIT_barplot.pdf> <
./SI_figures/descriptive_plots/OECDpair_barplot.pdf> <./SI_figures/descriptive_
plots/Mass_boxplot.pdf> <./SI_figures/descriptive_plots/dist_boxplot.pdf> <./SI
_figures/descriptive_plots/GDPpc_boxplot.pdf> <./SI_figures/descriptive_plots/p
olity_boxplot.pdf>]
<SI_figures/descriptive_plots/check_sums.pdf, id=139, 433.62pt x 289.08pt>
File: SI_figures/descriptive_plots/check_sums.pdf Graphic file (type pdf)
<use SI_figures/descriptive_plots/check_sums.pdf>
Package pdftex.def Info: SI_figures/descriptive_plots/check_sums.pdf  used on i
nput line 173.
(pdftex.def)             Requested size: 414.7553pt x 260.16803pt.
LaTeX Font Info:    Try loading font information for OT1+pcr on input line 191.


("C:\Users\bxz14\AppData\Local\Programs\MiKTeX 2.9\tex\latex\psnfss\ot1pcr.fd"
File: ot1pcr.fd 2001/06/04 font definitions for OT1/pcr.
) [3

 <./SI_figures/descriptive_plots/TO_boxplot.pdf> <./SI_figures/descriptive_plot
s/Trade_boxplot.pdf> <./SI_figures/descriptive_plots/ptadepth_boxplot.pdf> <./S
I_figures/descriptive_plots/fdi_stock_zeroes_boxplot.pdf> <./SI_figures/descrip
tive_plots/check_sums.pdf>]
Overfull \hbox (16.06628pt too wide) in paragraph at lines 195--212
 [][] 
 []


Overfull \hbox (16.06628pt too wide) in paragraph at lines 217--235
 [] 
 []


Overfull \hbox (12.70244pt too wide) in paragraph at lines 241--259
 [] 
 []

[4] [5]
<SI_figures/rl_TERGM_plots/Transitivity.pdf, id=208, 205.76875pt x 144.54pt>
File: SI_figures/rl_TERGM_plots/Transitivity.pdf Graphic file (type pdf)
<use SI_figures/rl_TERGM_plots/Transitivity.pdf>
Package pdftex.def Info: SI_figures/rl_TERGM_plots/Transitivity.pdf  used on in
put line 310.
(pdftex.def)             Requested size: 142.10396pt x 107.31657pt.
<SI_figures/rl_TERGM_plots/Mutuality_OECD_Pair.pdf, id=210, 205.76875pt x 144.5
4pt>
File: SI_figures/rl_TERGM_plots/Mutuality_OECD_Pair.pdf Graphic file (type pdf)

<use SI_figures/rl_TERGM_plots/Mutuality_OECD_Pair.pdf>
Package pdftex.def Info: SI_figures/rl_TERGM_plots/Mutuality_OECD_Pair.pdf  use
d on input line 311.
(pdftex.def)             Requested size: 142.10396pt x 107.31657pt.
<SI_figures/rl_TERGM_plots/Mutuality_Not_OECD_Pair.pdf, id=212, 205.76875pt x 1
44.54pt>
File: SI_figures/rl_TERGM_plots/Mutuality_Not_OECD_Pair.pdf Graphic file (type 
pdf)
<use SI_figures/rl_TERGM_plots/Mutuality_Not_OECD_Pair.pdf>
Package pdftex.def Info: SI_figures/rl_TERGM_plots/Mutuality_Not_OECD_Pair.pdf 
 used on input line 312.
(pdftex.def)             Requested size: 142.10396pt x 107.31657pt.

Underfull \hbox (badness 10000) in paragraph at lines 320--321

 []

[6

 <./SI_figures/rl_TERGM_plots/Transitivity.pdf> <./SI_figures/rl_TERGM_plots/Mu
tuality_OECD_Pair.pdf> <./SI_figures/rl_TERGM_plots/Mutuality_Not_OECD_Pair.pdf
>]
<SI_figures/LSM_rl_plots/trans_dep.pdf, id=248, 184.69pt x 129.48375pt>
File: SI_figures/LSM_rl_plots/trans_dep.pdf Graphic file (type pdf)
<use SI_figures/LSM_rl_plots/trans_dep.pdf>
Package pdftex.def Info: SI_figures/LSM_rl_plots/trans_dep.pdf  used on input l
ine 327.
(pdftex.def)             Requested size: 162.74326pt x 107.31657pt.
<SI_figures/LSM_rl_plots/dyad_dep.pdf, id=250, 184.69pt x 129.48375pt>
File: SI_figures/LSM_rl_plots/dyad_dep.pdf Graphic file (type pdf)
<use SI_figures/LSM_rl_plots/dyad_dep.pdf>
Package pdftex.def Info: SI_figures/LSM_rl_plots/dyad_dep.pdf  used on input li
ne 328.
(pdftex.def)             Requested size: 162.74326pt x 107.31657pt.

Underfull \hbox (badness 10000) in paragraph at lines 337--338

 []

[7 <./SI_figures/LSM_rl_plots/trans_dep.pdf> <./SI_figures/LSM_rl_plots/dyad_de
p.pdf>]

Package hyperref Warning: Token not allowed in a PDF string (PDFDocEncoding):
(hyperref)                removing `math shift' on input line 340.


Package hyperref Warning: Token not allowed in a PDF string (PDFDocEncoding):
(hyperref)                removing `\approx' on input line 340.


Package hyperref Warning: Token not allowed in a PDF string (PDFDocEncoding):
(hyperref)                removing `math shift' on input line 340.

<SI_figures/q50_rl_plots/Transitivity.pdf, id=278, 205.76875pt x 144.54pt>
File: SI_figures/q50_rl_plots/Transitivity.pdf Graphic file (type pdf)
<use SI_figures/q50_rl_plots/Transitivity.pdf>
Package pdftex.def Info: SI_figures/q50_rl_plots/Transitivity.pdf  used on inpu
t line 346.
(pdftex.def)             Requested size: 150.58287pt x 104.07118pt.
<SI_figures/q50_rl_plots/Mutuality_OECD.pdf, id=280, 205.76875pt x 144.54pt>
File: SI_figures/q50_rl_plots/Mutuality_OECD.pdf Graphic file (type pdf)
<use SI_figures/q50_rl_plots/Mutuality_OECD.pdf>
Package pdftex.def Info: SI_figures/q50_rl_plots/Mutuality_OECD.pdf  used on in
put line 347.
(pdftex.def)             Requested size: 150.58287pt x 104.07118pt.
<SI_figures/q50_rl_plots/Mutuality_notOECD.pdf, id=282, 205.76875pt x 144.54pt>

File: SI_figures/q50_rl_plots/Mutuality_notOECD.pdf Graphic file (type pdf)
<use SI_figures/q50_rl_plots/Mutuality_notOECD.pdf>
Package pdftex.def Info: SI_figures/q50_rl_plots/Mutuality_notOECD.pdf  used on
 input line 348.
(pdftex.def)             Requested size: 150.58287pt x 104.07118pt.

Package hyperref Warning: Token not allowed in a PDF string (PDFDocEncoding):
(hyperref)                removing `math shift' on input line 354.


Package hyperref Warning: Token not allowed in a PDF string (PDFDocEncoding):
(hyperref)                removing `\approx' on input line 354.


Package hyperref Warning: Token not allowed in a PDF string (PDFDocEncoding):
(hyperref)                removing `math shift' on input line 354.

<SI_figures/q25_rl_plots/Transitivity.pdf, id=284, 205.76875pt x 144.54pt>
File: SI_figures/q25_rl_plots/Transitivity.pdf Graphic file (type pdf)
<use SI_figures/q25_rl_plots/Transitivity.pdf>
Package pdftex.def Info: SI_figures/q25_rl_plots/Transitivity.pdf  used on inpu
t line 360.
(pdftex.def)             Requested size: 150.58287pt x 104.07118pt.
<SI_figures/q25_rl_plots/Mutuality_OECD.pdf, id=286, 205.76875pt x 144.54pt>
File: SI_figures/q25_rl_plots/Mutuality_OECD.pdf Graphic file (type pdf)
<use SI_figures/q25_rl_plots/Mutuality_OECD.pdf>
Package pdftex.def Info: SI_figures/q25_rl_plots/Mutuality_OECD.pdf  used on in
put line 361.
(pdftex.def)             Requested size: 150.58287pt x 104.07118pt.
<SI_figures/q25_rl_plots/Mutuality_notOECD.pdf, id=288, 205.76875pt x 144.54pt>

File: SI_figures/q25_rl_plots/Mutuality_notOECD.pdf Graphic file (type pdf)
<use SI_figures/q25_rl_plots/Mutuality_notOECD.pdf>
Package pdftex.def Info: SI_figures/q25_rl_plots/Mutuality_notOECD.pdf  used on
 input line 362.
(pdftex.def)             Requested size: 150.58287pt x 104.07118pt.

Underfull \hbox (badness 10000) in paragraph at lines 380--380
\OT1/pcr/m/n/10 2196028 / what -[] the -[] foreign -[] direct -[] investment -[
] data -[] tell -[] us -[] about -[] corporate -[] tax -[]
 []


Underfull \hbox (badness 10000) in paragraph at lines 380--382

 []

[8 <./SI_figures/q50_rl_plots/Transitivity.pdf> <./SI_figures/q50_rl_plots/Mutu
ality_OECD.pdf> <./SI_figures/q50_rl_plots/Mutuality_notOECD.pdf> <./SI_figures
/q25_rl_plots/Transitivity.pdf> <./SI_figures/q25_rl_plots/Mutuality_OECD.pdf> 
<./SI_figures/q25_rl_plots/Mutuality_notOECD.pdf>]
<SI_figures/tax_rl_plots/Transitivity.pdf, id=347, 184.69pt x 129.48375pt>
File: SI_figures/tax_rl_plots/Transitivity.pdf Graphic file (type pdf)
<use SI_figures/tax_rl_plots/Transitivity.pdf>
Package pdftex.def Info: SI_figures/tax_rl_plots/Transitivity.pdf  used on inpu
t line 387.
(pdftex.def)             Requested size: 151.23639pt x 104.07118pt.
<SI_figures/tax_rl_plots/Mutuality_OECD.pdf, id=349, 184.69pt x 129.48375pt>
File: SI_figures/tax_rl_plots/Mutuality_OECD.pdf Graphic file (type pdf)
<use SI_figures/tax_rl_plots/Mutuality_OECD.pdf>
Package pdftex.def Info: SI_figures/tax_rl_plots/Mutuality_OECD.pdf  used on in
put line 388.
(pdftex.def)             Requested size: 151.23639pt x 104.07118pt.
<SI_figures/tax_rl_plots/Mutuality_notOECD.pdf, id=351, 184.69pt x 129.48375pt>

File: SI_figures/tax_rl_plots/Mutuality_notOECD.pdf Graphic file (type pdf)
<use SI_figures/tax_rl_plots/Mutuality_notOECD.pdf>
Package pdftex.def Info: SI_figures/tax_rl_plots/Mutuality_notOECD.pdf  used on
 input line 389.
(pdftex.def)             Requested size: 151.23639pt x 104.07118pt.


LaTeX Warning: `!h' float specifier changed to `!ht'.

<SI_figures/haven_rl_plots/Transitivity.pdf, id=353, 184.69pt x 129.48375pt>
File: SI_figures/haven_rl_plots/Transitivity.pdf Graphic file (type pdf)
<use SI_figures/haven_rl_plots/Transitivity.pdf>
Package pdftex.def Info: SI_figures/haven_rl_plots/Transitivity.pdf  used on in
put line 398.
(pdftex.def)             Requested size: 151.23639pt x 104.07118pt.
<SI_figures/haven_rl_plots/Mutuality_OECD.pdf, id=355, 184.69pt x 129.48375pt>
File: SI_figures/haven_rl_plots/Mutuality_OECD.pdf Graphic file (type pdf)
<use SI_figures/haven_rl_plots/Mutuality_OECD.pdf>
Package pdftex.def Info: SI_figures/haven_rl_plots/Mutuality_OECD.pdf  used on 
input line 399.
(pdftex.def)             Requested size: 151.23639pt x 104.07118pt.
<SI_figures/haven_rl_plots/Mutuality_notOECD.pdf, id=357, 184.69pt x 129.48375p
t>
File: SI_figures/haven_rl_plots/Mutuality_notOECD.pdf Graphic file (type pdf)
<use SI_figures/haven_rl_plots/Mutuality_notOECD.pdf>
Package pdftex.def Info: SI_figures/haven_rl_plots/Mutuality_notOECD.pdf  used 
on input line 400.
(pdftex.def)             Requested size: 151.23639pt x 104.07118pt.

LaTeX Warning: `!h' float specifier changed to `!ht'.


Underfull \hbox (badness 10000) in paragraph at lines 408--409

 []

[9]
<SI_figures/EU_rl_plots/Transitivity.pdf, id=376, 184.69pt x 129.48375pt>
File: SI_figures/EU_rl_plots/Transitivity.pdf Graphic file (type pdf)
<use SI_figures/EU_rl_plots/Transitivity.pdf>
Package pdftex.def Info: SI_figures/EU_rl_plots/Transitivity.pdf  used on input
 line 416.
(pdftex.def)             Requested size: 151.23639pt x 104.07118pt.
<SI_figures/EU_rl_plots/Mutuality_OECD.pdf, id=378, 184.69pt x 129.48375pt>
File: SI_figures/EU_rl_plots/Mutuality_OECD.pdf Graphic file (type pdf)
<use SI_figures/EU_rl_plots/Mutuality_OECD.pdf>
Package pdftex.def Info: SI_figures/EU_rl_plots/Mutuality_OECD.pdf  used on inp
ut line 417.
(pdftex.def)             Requested size: 151.23639pt x 104.07118pt.
<SI_figures/EU_rl_plots/Mutuality_notOECD.pdf, id=380, 184.69pt x 129.48375pt>
File: SI_figures/EU_rl_plots/Mutuality_notOECD.pdf Graphic file (type pdf)
<use SI_figures/EU_rl_plots/Mutuality_notOECD.pdf>
Package pdftex.def Info: SI_figures/EU_rl_plots/Mutuality_notOECD.pdf  used on 
input line 418.
(pdftex.def)             Requested size: 151.23639pt x 104.07118pt.


LaTeX Warning: `!h' float specifier changed to `!ht'.


Underfull \hbox (badness 10000) in paragraph at lines 425--426

 []

[10 <./SI_figures/tax_rl_plots/Transitivity.pdf> <./SI_figures/tax_rl_plots/Mut
uality_OECD.pdf> <./SI_figures/tax_rl_plots/Mutuality_notOECD.pdf> <./SI_figure
s/haven_rl_plots/Transitivity.pdf> <./SI_figures/haven_rl_plots/Mutuality_OECD.
pdf> <./SI_figures/haven_rl_plots/Mutuality_notOECD.pdf>]
<SI_figures/xr_rl_plots/Transitivity.pdf, id=428, 184.69pt x 129.48375pt>
File: SI_figures/xr_rl_plots/Transitivity.pdf Graphic file (type pdf)
<use SI_figures/xr_rl_plots/Transitivity.pdf>
Package pdftex.def Info: SI_figures/xr_rl_plots/Transitivity.pdf  used on input
 line 432.
(pdftex.def)             Requested size: 151.23639pt x 104.07118pt.
<SI_figures/xr_rl_plots/Mutuality_OECD.pdf, id=430, 184.69pt x 129.48375pt>
File: SI_figures/xr_rl_plots/Mutuality_OECD.pdf Graphic file (type pdf)
<use SI_figures/xr_rl_plots/Mutuality_OECD.pdf>
Package pdftex.def Info: SI_figures/xr_rl_plots/Mutuality_OECD.pdf  used on inp
ut line 433.
(pdftex.def)             Requested size: 151.23639pt x 104.07118pt.
<SI_figures/xr_rl_plots/Mutuality_notOECD.pdf, id=432, 184.69pt x 129.48375pt>
File: SI_figures/xr_rl_plots/Mutuality_notOECD.pdf Graphic file (type pdf)
<use SI_figures/xr_rl_plots/Mutuality_notOECD.pdf>
Package pdftex.def Info: SI_figures/xr_rl_plots/Mutuality_notOECD.pdf  used on 
input line 434.
(pdftex.def)             Requested size: 151.23639pt x 104.07118pt.
 [11 <./SI_figures/EU_rl_plots/Transitivity.pdf> <./SI_figures/EU_rl_plots/Mutu
ality_OECD.pdf> <./SI_figures/EU_rl_plots/Mutuality_notOECD.pdf> <./SI_figures/
xr_rl_plots/Transitivity.pdf> <./SI_figures/xr_rl_plots/Mutuality_OECD.pdf> <./
SI_figures/xr_rl_plots/Mutuality_notOECD.pdf>] (fdi_draftSI.bbl
LaTeX Font Info:    Font shape `OT1/pcr/m/it' in size <12> not available
(Font)              Font shape `OT1/pcr/m/sl' tried instead on input line 7.
)
Package atveryend Info: Empty hook `BeforeClearDocument' on input line 452.
 [12]
Package atveryend Info: Empty hook `AfterLastShipout' on input line 452.
 (fdi_draftSI.aux)
Package atveryend Info: Executing hook `AtVeryEndDocument' on input line 452.
Package atveryend Info: Executing hook `AtEndAfterFileList' on input line 452.
Package rerunfilecheck Info: File `fdi_draftSI.out' has not changed.
(rerunfilecheck)             Checksum: 9BC58F5CE90BE8DCDEBC21540F57CB9D;628.
Package atveryend Info: Empty hook `AtVeryVeryEnd' on input line 452.
 )
(\end occurred inside a group at level 1)

### simple group (level 1) entered at line 335 ({)
### bottom level 
Here is how much of TeX's memory you used:
 9202 strings out of 493303
 142321 string characters out of 3129785
 246941 words of memory out of 3000000
 12531 multiletter control sequences out of 15000+200000
 21234 words of font info for 78 fonts, out of 3000000 for 9000
 1141 hyphenation exceptions out of 8191
 42i,14n,49p,2175b,439s stack positions out of 5000i,500n,10000p,200000b,50000s
pdfTeX warning (dest): name{Hfootnote.3} has been referenced bu
t does not exist, replaced by a fixed one

pdfTeX warning (dest): name{Hfootnote.2} has been referenced but does not exist
, replaced by a fixed one

pdfTeX warning (dest): name{Hfootnote.1} has been referenced but does not exist
, replaced by a fixed one

{C:/Users/bxz14/AppData/Local/Programs/MiKTeX 2.9/fonts/enc/dvips/base/8r.enc}<
C:/Users/bxz14/AppData/Local/Programs/MiKTeX 2.9/fonts/type1/public/amsfonts/cm
/cmbx12.pfb><C:/Users/bxz14/AppData/Local/Programs/MiKTeX 2.9/fonts/type1/publi
c/amsfonts/cm/cmmi12.pfb><C:/Users/bxz14/AppData/Local/Programs/MiKTeX 2.9/font
s/type1/public/amsfonts/cm/cmr10.pfb><C:/Users/bxz14/AppData/Local/Programs/MiK
TeX 2.9/fonts/type1/public/amsfonts/cm/cmr12.pfb><C:/Users/bxz14/AppData/Local/
Programs/MiKTeX 2.9/fonts/type1/public/amsfonts/cm/cmr7.pfb><C:/Users/bxz14/App
Data/Local/Programs/MiKTeX 2.9/fonts/type1/public/amsfonts/cm/cmr8.pfb><C:/User
s/bxz14/AppData/Local/Programs/MiKTeX 2.9/fonts/type1/public/amsfonts/cm/cmsy10
.pfb><C:/Users/bxz14/AppData/Local/Programs/MiKTeX 2.9/fonts/type1/public/amsfo
nts/cm/cmti10.pfb><C:/Users/bxz14/AppData/Local/Programs/MiKTeX 2.9/fonts/type1
/public/amsfonts/cm/cmti12.pfb><C:/Users/bxz14/AppData/Local/Programs/MiKTeX 2.
9/fonts/type1/urw/courier/ucrr8a.pfb><C:/Users/bxz14/AppData/Local/Programs/MiK
TeX 2.9/fonts/type1/urw/courier/ucrro8a.pfb>
Output written on fdi_draftSI.pdf (12 pages, 413234 bytes).
PDF statistics:
 539 PDF objects out of 1000 (max. 8388607)
 48 named destinations out of 1000 (max. 500000)
 477 words of extra memory for PDF output out of 10000 (max. 10000000)

