This is pdfTeX, Version 3.14159265-2.6-1.40.16 (TeX Live 2015) (preloaded format=pdflatex 2015.10.29)  11 AUG 2017 07:52
entering extended mode
 restricted \write18 enabled.
 file:line:error style messages enabled.
 %&-line parsing enabled.
**fdi_draft.tex
(./fdi_draft.tex
LaTeX2e <2015/01/01>
Babel <3.9l> and hyphenation patterns for 79 languages loaded.
(/usr/local/texlive/2015/texmf-dist/tex/latex/base/article.cls
Document Class: article 2014/09/29 v1.4h Standard LaTeX document class
(/usr/local/texlive/2015/texmf-dist/tex/latex/base/size12.clo
File: size12.clo 2014/09/29 v1.4h Standard LaTeX file (size option)
)
\c@part=\count79
\c@section=\count80
\c@subsection=\count81
\c@subsubsection=\count82
\c@paragraph=\count83
\c@subparagraph=\count84
\c@figure=\count85
\c@table=\count86
\abovecaptionskip=\skip41
\belowcaptionskip=\skip42
\bibindent=\dimen102
)
(/usr/local/texlive/2015/texmf-dist/tex/latex/geometry/geometry.sty
Package: geometry 2010/09/12 v5.6 Page Geometry

(/usr/local/texlive/2015/texmf-dist/tex/latex/graphics/keyval.sty
Package: keyval 2014/10/28 v1.15 key=value parser (DPC)
\KV@toks@=\toks14
)
(/usr/local/texlive/2015/texmf-dist/tex/generic/oberdiek/ifpdf.sty
Package: ifpdf 2011/01/30 v2.3 Provides the ifpdf switch (HO)
Package ifpdf Info: pdfTeX in PDF mode is detected.
)
(/usr/local/texlive/2015/texmf-dist/tex/generic/oberdiek/ifvtex.sty
Package: ifvtex 2010/03/01 v1.5 Detect VTeX and its facilities (HO)
Package ifvtex Info: VTeX not detected.
)
(/usr/local/texlive/2015/texmf-dist/tex/generic/ifxetex/ifxetex.sty
Package: ifxetex 2010/09/12 v0.6 Provides ifxetex conditional
)
\Gm@cnth=\count87
\Gm@cntv=\count88
\c@Gm@tempcnt=\count89
\Gm@bindingoffset=\dimen103
\Gm@wd@mp=\dimen104
\Gm@odd@mp=\dimen105
\Gm@even@mp=\dimen106
\Gm@layoutwidth=\dimen107
\Gm@layoutheight=\dimen108
\Gm@layouthoffset=\dimen109
\Gm@layoutvoffset=\dimen110
\Gm@dimlist=\toks15
)
(/usr/local/texlive/2015/texmf-dist/tex/latex/tools/longtable.sty
Package: longtable 2014/10/28 v4.11 Multi-page Table package (DPC)
\LTleft=\skip43
\LTright=\skip44
\LTpre=\skip45
\LTpost=\skip46
\LTchunksize=\count90
\LTcapwidth=\dimen111
\LT@head=\box26
\LT@firsthead=\box27
\LT@foot=\box28
\LT@lastfoot=\box29
\LT@cols=\count91
\LT@rows=\count92
\c@LT@tables=\count93
\c@LT@chunks=\count94
\LT@p@ftn=\toks16
)
(/usr/local/texlive/2015/texmf-dist/tex/latex/tools/bm.sty
Package: bm 2014/10/28 v1.1c Bold Symbol Support (DPC/FMi)
\symboldoperators=\mathgroup4
\symboldletters=\mathgroup5
\symboldsymbols=\mathgroup6
LaTeX Font Info:    Redeclaring math alphabet \mathbf on input line 141.
LaTeX Info: Redefining \bm on input line 207.
)
(/usr/local/texlive/2015/texmf-dist/tex/latex/hyperref/hyperref.sty
Package: hyperref 2012/11/06 v6.83m Hypertext links for LaTeX

(/usr/local/texlive/2015/texmf-dist/tex/generic/oberdiek/hobsub-hyperref.sty
Package: hobsub-hyperref 2012/05/28 v1.13 Bundle oberdiek, subset hyperref (HO)


(/usr/local/texlive/2015/texmf-dist/tex/generic/oberdiek/hobsub-generic.sty
Package: hobsub-generic 2012/05/28 v1.13 Bundle oberdiek, subset generic (HO)
Package: hobsub 2012/05/28 v1.13 Construct package bundles (HO)
Package: infwarerr 2010/04/08 v1.3 Providing info/warning/error messages (HO)
Package: ltxcmds 2011/11/09 v1.22 LaTeX kernel commands for general use (HO)
Package: ifluatex 2010/03/01 v1.3 Provides the ifluatex switch (HO)
Package ifluatex Info: LuaTeX not detected.
Package hobsub Info: Skipping package `ifvtex' (already loaded).
Package: intcalc 2007/09/27 v1.1 Expandable calculations with integers (HO)
Package hobsub Info: Skipping package `ifpdf' (already loaded).
Package: etexcmds 2011/02/16 v1.5 Avoid name clashes with e-TeX commands (HO)
Package etexcmds Info: Could not find \expanded.
(etexcmds)             That can mean that you are not using pdfTeX 1.50 or
(etexcmds)             that some package has redefined \expanded.
(etexcmds)             In the latter case, load this package earlier.
Package: kvsetkeys 2012/04/25 v1.16 Key value parser (HO)
Package: kvdefinekeys 2011/04/07 v1.3 Define keys (HO)
Package: pdftexcmds 2011/11/29 v0.20 Utility functions of pdfTeX for LuaTeX (HO
)
Package pdftexcmds Info: LuaTeX not detected.
Package pdftexcmds Info: \pdf@primitive is available.
Package pdftexcmds Info: \pdf@ifprimitive is available.
Package pdftexcmds Info: \pdfdraftmode found.
Package: pdfescape 2011/11/25 v1.13 Implements pdfTeX's escape features (HO)
Package: bigintcalc 2012/04/08 v1.3 Expandable calculations on big integers (HO
)
Package: bitset 2011/01/30 v1.1 Handle bit-vector datatype (HO)
Package: uniquecounter 2011/01/30 v1.2 Provide unlimited unique counter (HO)
)
Package hobsub Info: Skipping package `hobsub' (already loaded).
Package: letltxmacro 2010/09/02 v1.4 Let assignment for LaTeX macros (HO)
Package: hopatch 2012/05/28 v1.2 Wrapper for package hooks (HO)
Package: xcolor-patch 2011/01/30 xcolor patch
Package: atveryend 2011/06/30 v1.8 Hooks at the very end of document (HO)
Package atveryend Info: \enddocument detected (standard20110627).
Package: atbegshi 2011/10/05 v1.16 At begin shipout hook (HO)
Package: refcount 2011/10/16 v3.4 Data extraction from label references (HO)
Package: hycolor 2011/01/30 v1.7 Color options for hyperref/bookmark (HO)
)
(/usr/local/texlive/2015/texmf-dist/tex/latex/oberdiek/auxhook.sty
Package: auxhook 2011/03/04 v1.3 Hooks for auxiliary files (HO)
)
(/usr/local/texlive/2015/texmf-dist/tex/latex/oberdiek/kvoptions.sty
Package: kvoptions 2011/06/30 v3.11 Key value format for package options (HO)
)
\@linkdim=\dimen112
\Hy@linkcounter=\count95
\Hy@pagecounter=\count96

(/usr/local/texlive/2015/texmf-dist/tex/latex/hyperref/pd1enc.def
File: pd1enc.def 2012/11/06 v6.83m Hyperref: PDFDocEncoding definition (HO)
)
\Hy@SavedSpaceFactor=\count97

(/usr/local/texlive/2015/texmf-dist/tex/latex/latexconfig/hyperref.cfg
File: hyperref.cfg 2002/06/06 v1.2 hyperref configuration of TeXLive
)
Package hyperref Info: Hyper figures OFF on input line 4443.
Package hyperref Info: Link nesting OFF on input line 4448.
Package hyperref Info: Hyper index ON on input line 4451.
Package hyperref Info: Plain pages OFF on input line 4458.
Package hyperref Info: Backreferencing OFF on input line 4463.
Package hyperref Info: Implicit mode ON; LaTeX internals redefined.
Package hyperref Info: Bookmarks ON on input line 4688.
\c@Hy@tempcnt=\count98

(/usr/local/texlive/2015/texmf-dist/tex/latex/url/url.sty
\Urlmuskip=\muskip10
Package: url 2013/09/16  ver 3.4  Verb mode for urls, etc.
)
LaTeX Info: Redefining \url on input line 5041.
\XeTeXLinkMargin=\dimen113
\Fld@menulength=\count99
\Field@Width=\dimen114
\Fld@charsize=\dimen115
Package hyperref Info: Hyper figures OFF on input line 6295.
Package hyperref Info: Link nesting OFF on input line 6300.
Package hyperref Info: Hyper index ON on input line 6303.
Package hyperref Info: backreferencing OFF on input line 6310.
Package hyperref Info: Link coloring OFF on input line 6315.
Package hyperref Info: Link coloring with OCG OFF on input line 6320.
Package hyperref Info: PDF/A mode OFF on input line 6325.
LaTeX Info: Redefining \ref on input line 6365.
LaTeX Info: Redefining \pageref on input line 6369.
\Hy@abspage=\count100
\c@Item=\count101
\c@Hfootnote=\count102
)

Package hyperref Message: Driver (autodetected): hpdftex.

(/usr/local/texlive/2015/texmf-dist/tex/latex/hyperref/hpdftex.def
File: hpdftex.def 2012/11/06 v6.83m Hyperref driver for pdfTeX
\Fld@listcount=\count103
\c@bookmark@seq@number=\count104

(/usr/local/texlive/2015/texmf-dist/tex/latex/oberdiek/rerunfilecheck.sty
Package: rerunfilecheck 2011/04/15 v1.7 Rerun checks for auxiliary files (HO)
Package uniquecounter Info: New unique counter `rerunfilecheck' on input line 2
82.
)
\Hy@SectionHShift=\skip47
)
Package hyperref Info: Option `colorlinks' set `true' on input line 13.

(/usr/local/texlive/2015/texmf-dist/tex/latex/graphics/graphicx.sty
Package: graphicx 2014/10/28 v1.0g Enhanced LaTeX Graphics (DPC,SPQR)

(/usr/local/texlive/2015/texmf-dist/tex/latex/graphics/graphics.sty
Package: graphics 2014/10/28 v1.0p Standard LaTeX Graphics (DPC,SPQR)

(/usr/local/texlive/2015/texmf-dist/tex/latex/graphics/trig.sty
Package: trig 1999/03/16 v1.09 sin cos tan (DPC)
)
(/usr/local/texlive/2015/texmf-dist/tex/latex/latexconfig/graphics.cfg
File: graphics.cfg 2010/04/23 v1.9 graphics configuration of TeX Live
)
Package graphics Info: Driver file: pdftex.def on input line 94.

(/usr/local/texlive/2015/texmf-dist/tex/latex/pdftex-def/pdftex.def
File: pdftex.def 2011/05/27 v0.06d Graphics/color for pdfTeX
\Gread@gobject=\count105
))
\Gin@req@height=\dimen116
\Gin@req@width=\dimen117
)
(/usr/local/texlive/2015/texmf-dist/tex/latex/soul/soul.sty
Package: soul 2003/11/17 v2.4 letterspacing/underlining (mf)
\SOUL@word=\toks17
\SOUL@lasttoken=\toks18
\SOUL@cmds=\toks19
\SOUL@buffer=\toks20
\SOUL@token=\toks21
\SOUL@spaceskip=\skip48
\SOUL@ttwidth=\dimen118
\SOUL@uldp=\dimen119
\SOUL@ulht=\dimen120
)
(/usr/local/texlive/2015/texmf-dist/tex/latex/rotating/rotating.sty
Package: rotating 2009/03/28 v2.16a rotated objects in LaTeX

(/usr/local/texlive/2015/texmf-dist/tex/latex/base/ifthen.sty
Package: ifthen 2014/09/29 v1.1c Standard LaTeX ifthen package (DPC)
)
\c@r@tfl@t=\count106
\rotFPtop=\skip49
\rotFPbot=\skip50
\rot@float@box=\box30
\rot@mess@toks=\toks22
)
(/usr/local/texlive/2015/texmf-dist/tex/latex/amsmath/amsmath.sty
Package: amsmath 2013/01/14 v2.14 AMS math features
\@mathmargin=\skip51

For additional information on amsmath, use the `?' option.
(/usr/local/texlive/2015/texmf-dist/tex/latex/amsmath/amstext.sty
Package: amstext 2000/06/29 v2.01

(/usr/local/texlive/2015/texmf-dist/tex/latex/amsmath/amsgen.sty
File: amsgen.sty 1999/11/30 v2.0
\@emptytoks=\toks23
\ex@=\dimen121
))
(/usr/local/texlive/2015/texmf-dist/tex/latex/amsmath/amsbsy.sty
Package: amsbsy 1999/11/29 v1.2d
LaTeX Info: Redefining \boldsymbol on input line 39.
\pmbraise@=\dimen122
)
(/usr/local/texlive/2015/texmf-dist/tex/latex/amsmath/amsopn.sty
Package: amsopn 1999/12/14 v2.01 operator names
)
\inf@bad=\count107
LaTeX Info: Redefining \frac on input line 210.
\uproot@=\count108
\leftroot@=\count109
LaTeX Info: Redefining \overline on input line 306.
\classnum@=\count110
\DOTSCASE@=\count111
LaTeX Info: Redefining \ldots on input line 378.
LaTeX Info: Redefining \dots on input line 381.
LaTeX Info: Redefining \cdots on input line 466.
\Mathstrutbox@=\box31
\strutbox@=\box32
\big@size=\dimen123
LaTeX Font Info:    Redeclaring font encoding OML on input line 566.
LaTeX Font Info:    Redeclaring font encoding OMS on input line 567.
\macc@depth=\count112
\c@MaxMatrixCols=\count113
\dotsspace@=\muskip11
\c@parentequation=\count114
\dspbrk@lvl=\count115
\tag@help=\toks24
\row@=\count116
\column@=\count117
\maxfields@=\count118
\andhelp@=\toks25
\eqnshift@=\dimen124
\alignsep@=\dimen125
\tagshift@=\dimen126
\tagwidth@=\dimen127
\totwidth@=\dimen128
\lineht@=\dimen129
\@envbody=\toks26
\multlinegap=\skip52
\multlinetaggap=\skip53
\mathdisplay@stack=\toks27
LaTeX Info: Redefining \[ on input line 2665.
LaTeX Info: Redefining \] on input line 2666.
)
(/usr/local/texlive/2015/texmf-dist/tex/latex/setspace/setspace.sty
Package: setspace 2011/12/19 v6.7a set line spacing
)
(/usr/local/texlive/2015/texmf-dist/tex/latex/amsfonts/amssymb.sty
Package: amssymb 2013/01/14 v3.01 AMS font symbols

(/usr/local/texlive/2015/texmf-dist/tex/latex/amsfonts/amsfonts.sty
Package: amsfonts 2013/01/14 v3.01 Basic AMSFonts support
\symAMSa=\mathgroup7
\symAMSb=\mathgroup8
LaTeX Font Info:    Overwriting math alphabet `\mathfrak' in version `bold'
(Font)                  U/euf/m/n --> U/euf/b/n on input line 106.
))
(/usr/local/texlive/2015/texmf-dist/tex/latex/natbib/natbib.sty
Package: natbib 2010/09/13 8.31b (PWD, AO)
\bibhang=\skip54
\bibsep=\skip55
LaTeX Info: Redefining \cite on input line 694.
\c@NAT@ctr=\count119
)
(/usr/local/texlive/2015/texmf-dist/tex/latex/graphics/lscape.sty
Package: lscape 2000/10/22 v3.01 Landscape Pages (DPC)
)
(/usr/local/texlive/2015/texmf-dist/tex/latex/xcolor/xcolor.sty
Package: xcolor 2007/01/21 v2.11 LaTeX color extensions (UK)

(/usr/local/texlive/2015/texmf-dist/tex/latex/latexconfig/color.cfg
File: color.cfg 2007/01/18 v1.5 color configuration of teTeX/TeXLive
)
Package xcolor Info: Driver file: pdftex.def on input line 225.

(/usr/local/texlive/2015/texmf-dist/tex/latex/colortbl/colortbl.sty
Package: colortbl 2012/02/13 v1.0a Color table columns (DPC)

(/usr/local/texlive/2015/texmf-dist/tex/latex/tools/array.sty
Package: array 2014/10/28 v2.4c Tabular extension package (FMi)
\col@sep=\dimen130
\extrarowheight=\dimen131
\NC@list=\toks28
\extratabsurround=\skip56
\backup@length=\skip57
)
\everycr=\toks29
\minrowclearance=\skip58
)
\rownum=\count120
Package xcolor Info: Model `cmy' substituted by `cmy0' on input line 1337.
Package xcolor Info: Model `hsb' substituted by `rgb' on input line 1341.
Package xcolor Info: Model `RGB' extended on input line 1353.
Package xcolor Info: Model `HTML' substituted by `rgb' on input line 1355.
Package xcolor Info: Model `Hsb' substituted by `hsb' on input line 1356.
Package xcolor Info: Model `tHsb' substituted by `hsb' on input line 1357.
Package xcolor Info: Model `HSB' substituted by `hsb' on input line 1358.
Package xcolor Info: Model `Gray' substituted by `gray' on input line 1359.
Package xcolor Info: Model `wave' substituted by `hsb' on input line 1360.
)
(/usr/local/texlive/2015/texmf-dist/tex/latex/booktabs/booktabs.sty
Package: booktabs 2005/04/14 v1.61803 publication quality tables
\heavyrulewidth=\dimen132
\lightrulewidth=\dimen133
\cmidrulewidth=\dimen134
\belowrulesep=\dimen135
\belowbottomsep=\dimen136
\aboverulesep=\dimen137
\abovetopsep=\dimen138
\cmidrulesep=\dimen139
\cmidrulekern=\dimen140
\defaultaddspace=\dimen141
\@cmidla=\count121
\@cmidlb=\count122
\@aboverulesep=\dimen142
\@belowrulesep=\dimen143
\@thisruleclass=\count123
\@lastruleclass=\count124
\@thisrulewidth=\dimen144
)
(/usr/local/texlive/2015/texmf-dist/tex/latex/caption/subcaption.sty
Package: subcaption 2013/02/03 v1.1-62 Sub-captions (AR)

(/usr/local/texlive/2015/texmf-dist/tex/latex/caption/caption.sty
Package: caption 2013/05/02 v3.3-89 Customizing captions (AR)

(/usr/local/texlive/2015/texmf-dist/tex/latex/caption/caption3.sty
Package: caption3 2013/05/02 v1.6-88 caption3 kernel (AR)
Package caption3 Info: TeX engine: e-TeX on input line 57.
\captionmargin=\dimen145
\captionmargin@=\dimen146
\captionwidth=\dimen147
\caption@tempdima=\dimen148
\caption@indent=\dimen149
\caption@parindent=\dimen150
\caption@hangindent=\dimen151
)
\c@ContinuedFloat=\count125
Package caption Info: hyperref package is loaded.
Package caption Info: longtable package is loaded.

(/usr/local/texlive/2015/texmf-dist/tex/latex/caption/ltcaption.sty
Package: ltcaption 2013/02/03 v1.3-62 longtable captions (AR)
)
Package caption Info: rotating package is loaded.
)
\c@subfigure=\count126
\c@subtable=\count127
)
(/usr/local/texlive/2015/texmf-dist/tex/latex/psnfss/courier.sty
Package: courier 2005/04/12 PSNFSS-v9.2a (WaS) 
)
(./fdi_draft.aux

LaTeX Warning: Label `fig:bic' multiply defined.


LaTeX Warning: Label `fig:effectPlots4' multiply defined.


LaTeX Warning: Label `fig:effectPlots4' multiply defined.


LaTeX Warning: Label `fig:bic' multiply defined.


LaTeX Warning: Label `' multiply defined.


LaTeX Warning: Label `fig:effectPlots4' multiply defined.


LaTeX Warning: Label `fig:effectPlots4' multiply defined.


LaTeX Warning: Label `fig:effectPlots4' multiply defined.

)
\openout1 = `fdi_draft.aux'.

LaTeX Font Info:    Checking defaults for OML/cmm/m/it on input line 32.
LaTeX Font Info:    ... okay on input line 32.
LaTeX Font Info:    Checking defaults for T1/cmr/m/n on input line 32.
LaTeX Font Info:    ... okay on input line 32.
LaTeX Font Info:    Checking defaults for OT1/cmr/m/n on input line 32.
LaTeX Font Info:    ... okay on input line 32.
LaTeX Font Info:    Checking defaults for OMS/cmsy/m/n on input line 32.
LaTeX Font Info:    ... okay on input line 32.
LaTeX Font Info:    Checking defaults for OMX/cmex/m/n on input line 32.
LaTeX Font Info:    ... okay on input line 32.
LaTeX Font Info:    Checking defaults for U/cmr/m/n on input line 32.
LaTeX Font Info:    ... okay on input line 32.
LaTeX Font Info:    Checking defaults for PD1/pdf/m/n on input line 32.
LaTeX Font Info:    ... okay on input line 32.

*geometry* driver: auto-detecting
*geometry* detected driver: pdftex
*geometry* verbose mode - [ preamble ] result:
* driver: pdftex
* paper: letterpaper
* layout: <same size as paper>
* layoutoffset:(h,v)=(0.0pt,0.0pt)
* modes: 
* h-part:(L,W,R)=(72.26999pt, 469.75502pt, 72.26999pt)
* v-part:(T,H,B)=(72.26999pt, 650.43001pt, 72.26999pt)
* \paperwidth=614.295pt
* \paperheight=794.96999pt
* \textwidth=469.75502pt
* \textheight=650.43001pt
* \oddsidemargin=0.0pt
* \evensidemargin=0.0pt
* \topmargin=-37.0pt
* \headheight=12.0pt
* \headsep=25.0pt
* \topskip=12.0pt
* \footskip=30.0pt
* \marginparwidth=44.0pt
* \marginparsep=10.0pt
* \columnsep=10.0pt
* \skip\footins=10.8pt plus 4.0pt minus 2.0pt
* \hoffset=0.0pt
* \voffset=0.0pt
* \mag=1000
* \@twocolumnfalse
* \@twosidefalse
* \@mparswitchfalse
* \@reversemarginfalse
* (1in=72.27pt=25.4mm, 1cm=28.453pt)

\AtBeginShipoutBox=\box33
Package hyperref Info: Link coloring ON on input line 32.
(/usr/local/texlive/2015/texmf-dist/tex/latex/hyperref/nameref.sty
Package: nameref 2012/10/27 v2.43 Cross-referencing by name of section

(/usr/local/texlive/2015/texmf-dist/tex/generic/oberdiek/gettitlestring.sty
Package: gettitlestring 2010/12/03 v1.4 Cleanup title references (HO)
)
\c@section@level=\count128
)
LaTeX Info: Redefining \ref on input line 32.
LaTeX Info: Redefining \pageref on input line 32.
LaTeX Info: Redefining \nameref on input line 32.

(./fdi_draft.out) (./fdi_draft.out)
\@outlinefile=\write3
\openout3 = `fdi_draft.out'.


(/usr/local/texlive/2015/texmf-dist/tex/context/base/supp-pdf.mkii
[Loading MPS to PDF converter (version 2006.09.02).]
\scratchcounter=\count129
\scratchdimen=\dimen152
\scratchbox=\box34
\nofMPsegments=\count130
\nofMParguments=\count131
\everyMPshowfont=\toks30
\MPscratchCnt=\count132
\MPscratchDim=\dimen153
\MPnumerator=\count133
\makeMPintoPDFobject=\count134
\everyMPtoPDFconversion=\toks31
) (/usr/local/texlive/2015/texmf-dist/tex/latex/oberdiek/epstopdf-base.sty
Package: epstopdf-base 2010/02/09 v2.5 Base part for package epstopdf

(/usr/local/texlive/2015/texmf-dist/tex/latex/oberdiek/grfext.sty
Package: grfext 2010/08/19 v1.1 Manage graphics extensions (HO)
)
Package grfext Info: Graphics extension search list:
(grfext)             [.png,.pdf,.jpg,.mps,.jpeg,.jbig2,.jb2,.PNG,.PDF,.JPG,.JPE
G,.JBIG2,.JB2,.eps]
(grfext)             \AppendGraphicsExtensions on input line 452.

(/usr/local/texlive/2015/texmf-dist/tex/latex/latexconfig/epstopdf-sys.cfg
File: epstopdf-sys.cfg 2010/07/13 v1.3 Configuration of (r)epstopdf for TeX Liv
e
))
Package caption Info: Begin \AtBeginDocument code.
Package caption Info: End \AtBeginDocument code.
LaTeX Font Info:    Try loading font information for U+msa on input line 43.

(/usr/local/texlive/2015/texmf-dist/tex/latex/amsfonts/umsa.fd
File: umsa.fd 2013/01/14 v3.01 AMS symbols A
)
LaTeX Font Info:    Try loading font information for U+msb on input line 43.

(/usr/local/texlive/2015/texmf-dist/tex/latex/amsfonts/umsb.fd
File: umsb.fd 2013/01/14 v3.01 AMS symbols B
)
LaTeX Font Info:    Try loading font information for OMS+cmr on input line 43.

(/usr/local/texlive/2015/texmf-dist/tex/latex/base/omscmr.fd
File: omscmr.fd 2014/09/29 v2.5h Standard LaTeX font definitions
)
LaTeX Font Info:    Font shape `OMS/cmr/m/n' in size <14.4> not available
(Font)              Font shape `OMS/cmsy/m/n' tried instead on input line 43.
LaTeX Font Info:    Font shape `OMS/cmr/m/n' in size <10> not available
(Font)              Font shape `OMS/cmsy/m/n' tried instead on input line 43.
LaTeX Font Info:    Font shape `OMS/cmr/m/n' in size <7> not available
(Font)              Font shape `OMS/cmsy/m/n' tried instead on input line 43.

Underfull \hbox (badness 10000) in paragraph at lines 50--51

 []

LaTeX Font Info:    Font shape `OMS/cmr/m/n' in size <12> not available
(Font)              Font shape `OMS/cmsy/m/n' tried instead on input line 54.
[1

{/usr/local/texlive/2015/texmf-var/fonts/map/pdftex/updmap/pdftex.map}]
[2]pdfTeX warning (ext4): destination with the same identifier (name{page.1}) h
as been already used, duplicate ignored
<to be read again> 
                   \relax 
l.91 
      [1

]pdfTeX warning (ext4): destination with the same identifier (name{page.2}) has
 been already used, duplicate ignored
<to be read again> 
                   \relax 
l.102 
       [2] [3]

Package natbib Warning: Citation `Pinto_Pinto:2008' on page 4 undefined on inpu
t line 125.


Package natbib Warning: Citation `Pinto:2013' on page 4 undefined on input line
 125.

[4] [5] [6]
LaTeX Font Info:    Try loading font information for OT1+pcr on input line 144.

 (/usr/local/texlive/2015/texmf-dist/tex/latex/psnfss/ot1pcr.fd
File: ot1pcr.fd 2001/06/04 font definitions for OT1/pcr.
)
Underfull \hbox (badness 1983) in paragraph at lines 144--144
[][]\OT1/cmr/m/n/10 Singh, Sarita. ``In-dia to Give a `Power' Blow to Chi-nese 
Firms Soon.'' \OT1/cmr/m/it/10 The Eco-nomic
 []


Underfull \hbox (badness 10000) in paragraph at lines 144--144
\OT1/pcr/m/n/10 security-[]concerns-[]indias-[]new-[]rules-[]to-[]bar-[]chinese
-[]companies-[]in-[]power-[]sector /
 []

[7] [8] [9]

Package natbib Warning: Citation `UNCTAD:2014' on page 10 undefined on input li
ne 178.

[10]

Package natbib Warning: Citation `Li_et_al:2016' on page 11 undefined on input 
line 187.

[11] [12] [13] [14] [15]
<draft_figures/rl_plots/Sum.pdf, id=594, 205.76875pt x 144.54pt>
File: draft_figures/rl_plots/Sum.pdf Graphic file (type pdf)

<use draft_figures/rl_plots/Sum.pdf>
Package pdftex.def Info: draft_figures/rl_plots/Sum.pdf used on input line 230.

(pdftex.def)             Requested size: 210.0132pt x 130.08401pt.

<draft_figures/rl_plots/Sum_5.pdf, id=596, 205.76875pt x 144.54pt>
File: draft_figures/rl_plots/Sum_5.pdf Graphic file (type pdf)

<use draft_figures/rl_plots/Sum_5.pdf>
Package pdftex.def Info: draft_figures/rl_plots/Sum_5.pdf used on input line 23
1.
(pdftex.def)             Requested size: 195.4934pt x 130.08401pt.

<draft_figures/rl_plots/Nonzero.pdf, id=598, 205.76875pt x 144.54pt>
File: draft_figures/rl_plots/Nonzero.pdf Graphic file (type pdf)

<use draft_figures/rl_plots/Nonzero.pdf>
Package pdftex.def Info: draft_figures/rl_plots/Nonzero.pdf used on input line 
234.
(pdftex.def)             Requested size: 210.0132pt x 130.08401pt.

<draft_figures/rl_plots/LDV.pdf, id=600, 205.76875pt x 144.54pt>
File: draft_figures/rl_plots/LDV.pdf Graphic file (type pdf)

<use draft_figures/rl_plots/LDV.pdf>
Package pdftex.def Info: draft_figures/rl_plots/LDV.pdf used on input line 235.

(pdftex.def)             Requested size: 195.4934pt x 130.08401pt.

<draft_figures/rl_plots/GDP_Dyad.pdf, id=602, 205.76875pt x 144.54pt>
File: draft_figures/rl_plots/GDP_Dyad.pdf Graphic file (type pdf)

<use draft_figures/rl_plots/GDP_Dyad.pdf>
Package pdftex.def Info: draft_figures/rl_plots/GDP_Dyad.pdf used on input line
 238.
(pdftex.def)             Requested size: 210.0132pt x 130.08401pt.

<draft_figures/rl_plots/Distance.pdf, id=604, 205.76875pt x 144.54pt>
File: draft_figures/rl_plots/Distance.pdf Graphic file (type pdf)

<use draft_figures/rl_plots/Distance.pdf>
Package pdftex.def Info: draft_figures/rl_plots/Distance.pdf used on input line
 239.
(pdftex.def)             Requested size: 195.4934pt x 130.08401pt.

<draft_figures/rl_plots/Defense.pdf, id=606, 205.76875pt x 144.54pt>
File: draft_figures/rl_plots/Defense.pdf Graphic file (type pdf)

<use draft_figures/rl_plots/Defense.pdf>
Package pdftex.def Info: draft_figures/rl_plots/Defense.pdf used on input line 
242.
(pdftex.def)             Requested size: 210.0132pt x 130.08401pt.

<draft_figures/rl_plots/Alliance.pdf, id=608, 205.76875pt x 144.54pt>
File: draft_figures/rl_plots/Alliance.pdf Graphic file (type pdf)

<use draft_figures/rl_plots/Alliance.pdf>
Package pdftex.def Info: draft_figures/rl_plots/Alliance.pdf used on input line
 243.
(pdftex.def)             Requested size: 195.4934pt x 130.08401pt.

<draft_figures/rl_plots/Polity_in.pdf, id=610, 205.76875pt x 144.54pt>
File: draft_figures/rl_plots/Polity_in.pdf Graphic file (type pdf)

<use draft_figures/rl_plots/Polity_in.pdf>
Package pdftex.def Info: draft_figures/rl_plots/Polity_in.pdf used on input lin
e 256.
(pdftex.def)             Requested size: 210.0132pt x 130.08401pt.

<draft_figures/rl_plots/Polity_out.pdf, id=612, 205.76875pt x 144.54pt>
File: draft_figures/rl_plots/Polity_out.pdf Graphic file (type pdf)

<use draft_figures/rl_plots/Polity_out.pdf>
Package pdftex.def Info: draft_figures/rl_plots/Polity_out.pdf used on input li
ne 257.
(pdftex.def)             Requested size: 195.4934pt x 130.08401pt.

<draft_figures/rl_plots/GDPpc_in.pdf, id=614, 205.76875pt x 144.54pt>
File: draft_figures/rl_plots/GDPpc_in.pdf Graphic file (type pdf)

<use draft_figures/rl_plots/GDPpc_in.pdf>
Package pdftex.def Info: draft_figures/rl_plots/GDPpc_in.pdf used on input line
 260.
(pdftex.def)             Requested size: 210.0132pt x 130.08401pt.

<draft_figures/rl_plots/GDPpc_out.pdf, id=616, 205.76875pt x 144.54pt>
File: draft_figures/rl_plots/GDPpc_out.pdf Graphic file (type pdf)

<use draft_figures/rl_plots/GDPpc_out.pdf>
Package pdftex.def Info: draft_figures/rl_plots/GDPpc_out.pdf used on input lin
e 261.
(pdftex.def)             Requested size: 195.4934pt x 130.08401pt.

<draft_figures/rl_plots/BIT.pdf, id=618, 205.76875pt x 144.54pt>
File: draft_figures/rl_plots/BIT.pdf Graphic file (type pdf)

<use draft_figures/rl_plots/BIT.pdf>
Package pdftex.def Info: draft_figures/rl_plots/BIT.pdf used on input line 264.

(pdftex.def)             Requested size: 210.0132pt x 130.08401pt.

<draft_figures/rl_plots/TradeV.pdf, id=620, 205.76875pt x 144.54pt>
File: draft_figures/rl_plots/TradeV.pdf Graphic file (type pdf)

<use draft_figures/rl_plots/TradeV.pdf>
Package pdftex.def Info: draft_figures/rl_plots/TradeV.pdf used on input line 2
65.
(pdftex.def)             Requested size: 195.4934pt x 130.08401pt.

<draft_figures/rl_plots/TradeO_in.pdf, id=622, 205.76875pt x 144.54pt>
File: draft_figures/rl_plots/TradeO_in.pdf Graphic file (type pdf)

<use draft_figures/rl_plots/TradeO_in.pdf>
Package pdftex.def Info: draft_figures/rl_plots/TradeO_in.pdf used on input lin
e 268.
(pdftex.def)             Requested size: 210.0132pt x 130.08401pt.

<draft_figures/rl_plots/TradeO_out.pdf, id=624, 205.76875pt x 144.54pt>
File: draft_figures/rl_plots/TradeO_out.pdf Graphic file (type pdf)

<use draft_figures/rl_plots/TradeO_out.pdf>
Package pdftex.def Info: draft_figures/rl_plots/TradeO_out.pdf used on input li
ne 269.
(pdftex.def)             Requested size: 195.4934pt x 130.08401pt.

<draft_figures/rl_plots/Mutuality.pdf, id=626, 205.76875pt x 144.54pt>
File: draft_figures/rl_plots/Mutuality.pdf Graphic file (type pdf)

<use draft_figures/rl_plots/Mutuality.pdf>
Package pdftex.def Info: draft_figures/rl_plots/Mutuality.pdf used on input lin
e 281.
(pdftex.def)             Requested size: 210.0132pt x 130.08401pt.

<draft_figures/rl_plots/Transitivity.pdf, id=628, 205.76875pt x 144.54pt>
File: draft_figures/rl_plots/Transitivity.pdf Graphic file (type pdf)

<use draft_figures/rl_plots/Transitivity.pdf>
Package pdftex.def Info: draft_figures/rl_plots/Transitivity.pdf used on input 
line 282.
(pdftex.def)             Requested size: 195.4934pt x 130.08401pt.
 [16] [17 <./draft_figures/rl_plots/Sum.pdf> <./draft_figures/rl_plots/Sum_5.pd
f> <./draft_figures/rl_plots/Nonzero.pdf> <./draft_figures/rl_plots/LDV.pdf> <.
/draft_figures/rl_plots/GDP_Dyad.pdf> <./draft_figures/rl_plots/Distance.pdf> <
./draft_figures/rl_plots/Defense.pdf> <./draft_figures/rl_plots/Alliance.pdf>] 
[18 <./draft_figures/rl_plots/Polity_in.pdf> <./draft_figures/rl_plots/Polity_o
ut.pdf> <./draft_figures/rl_plots/GDPpc_in.pdf> <./draft_figures/rl_plots/GDPpc
_out.pdf> <./draft_figures/rl_plots/BIT.pdf> <./draft_figures/rl_plots/TradeV.p
df> <./draft_figures/rl_plots/TradeO_in.pdf> <./draft_figures/rl_plots/TradeO_o
ut.pdf>]
<draft_figures/BICdiff.pdf, id=775, 469.755pt x 289.08pt>
File: draft_figures/BICdiff.pdf Graphic file (type pdf)

<use draft_figures/BICdiff.pdf>
Package pdftex.def Info: draft_figures/BICdiff.pdf used on input line 297.
(pdftex.def)             Requested size: 352.31538pt x 216.80946pt.
 [19 <./draft_figures/rl_plots/Mutuality.pdf> <./draft_figures/rl_plots/Transit
ivity.pdf> <./draft_figures/BICdiff.pdf>]
<draft_figures/reciprocityFit.pdf, id=803, 433.62pt x 433.62pt>
File: draft_figures/reciprocityFit.pdf Graphic file (type pdf)

<use draft_figures/reciprocityFit.pdf>
Package pdftex.def Info: draft_figures/reciprocityFit.pdf used on input line 30
5.
(pdftex.def)             Requested size: 325.2142pt x 325.2142pt.


LaTeX Warning: `!h' float specifier changed to `!ht'.

<draft_figures/transitiveInterpretation.pdf, id=805, 578.16pt x 289.08pt>
File: draft_figures/transitiveInterpretation.pdf Graphic file (type pdf)

<use draft_figures/transitiveInterpretation.pdf>
Package pdftex.def Info: draft_figures/transitiveInterpretation.pdf used on inp
ut line 313.
(pdftex.def)             Requested size: 433.61893pt x 216.80946pt.

<draft_figures/mutualInterpretation.pdf, id=806, 578.16pt x 289.08pt>
File: draft_figures/mutualInterpretation.pdf Graphic file (type pdf)

<use draft_figures/mutualInterpretation.pdf>
Package pdftex.def Info: draft_figures/mutualInterpretation.pdf used on input l
ine 314.
(pdftex.def)             Requested size: 433.61893pt x 216.80946pt.


LaTeX Warning: `!h' float specifier changed to `!ht'.

[20] [21 <./draft_figures/reciprocityFit.pdf>]
File: draft_figures/BICdiff.pdf Graphic file (type pdf)
 <use draft_figures/BICdiff.pdf>
Package pdftex.def Info: draft_figures/BICdiff.pdf used on input line 324.
(pdftex.def)             Requested size: 352.31538pt x 216.80946pt.


LaTeX Warning: `!h' float specifier changed to `!ht'.

[22 <./draft_figures/transitiveInterpretation.pdf> <./draft_figures/mutualInter
pretation.pdf>] [23] [24] (./fdi_draft.bbl [25] [26] [27] [28] [29] [30])
[31]
<draft_figures/descriptive_plots/alliance.pdf, id=898, 578.16pt x 433.62pt>
File: draft_figures/descriptive_plots/alliance.pdf Graphic file (type pdf)

<use draft_figures/descriptive_plots/alliance.pdf>
Package pdftex.def Info: draft_figures/descriptive_plots/alliance.pdf used on i
nput line 357.
(pdftex.def)             Requested size: 209.11668pt x 130.08401pt.

<draft_figures/descriptive_plots/defense.pdf, id=900, 578.16pt x 433.62pt>
File: draft_figures/descriptive_plots/defense.pdf Graphic file (type pdf)

<use draft_figures/descriptive_plots/defense.pdf>
Package pdftex.def Info: draft_figures/descriptive_plots/defense.pdf used on in
put line 358.
(pdftex.def)             Requested size: 203.9711pt x 130.08401pt.

<draft_figures/descriptive_plots/BIT.pdf, id=902, 578.16pt x 433.62pt>
File: draft_figures/descriptive_plots/BIT.pdf Graphic file (type pdf)

<use draft_figures/descriptive_plots/BIT.pdf>
Package pdftex.def Info: draft_figures/descriptive_plots/BIT.pdf used on input 
line 368.
(pdftex.def)             Requested size: 209.11668pt x 130.08401pt.

<draft_figures/descriptive_plots/Polity.pdf, id=904, 578.16pt x 433.62pt>
File: draft_figures/descriptive_plots/Polity.pdf Graphic file (type pdf)

<use draft_figures/descriptive_plots/Polity.pdf>
Package pdftex.def Info: draft_figures/descriptive_plots/Polity.pdf used on inp
ut line 369.
(pdftex.def)             Requested size: 198.82552pt x 130.08401pt.

<draft_figures/descriptive_plots/mass.pdf, id=906, 578.16pt x 433.62pt>
File: draft_figures/descriptive_plots/mass.pdf Graphic file (type pdf)

<use draft_figures/descriptive_plots/mass.pdf>
Package pdftex.def Info: draft_figures/descriptive_plots/mass.pdf used on input
 line 372.
(pdftex.def)             Requested size: 198.82552pt x 130.08401pt.

<draft_figures/descriptive_plots/distance.pdf, id=908, 578.16pt x 433.62pt>
File: draft_figures/descriptive_plots/distance.pdf Graphic file (type pdf)

<use draft_figures/descriptive_plots/distance.pdf>
Package pdftex.def Info: draft_figures/descriptive_plots/distance.pdf used on i
nput line 373.
(pdftex.def)             Requested size: 198.82552pt x 130.08401pt.

<draft_figures/descriptive_plots/GDPpc.pdf, id=910, 578.16pt x 433.62pt>
File: draft_figures/descriptive_plots/GDPpc.pdf Graphic file (type pdf)

<use draft_figures/descriptive_plots/GDPpc.pdf>
Package pdftex.def Info: draft_figures/descriptive_plots/GDPpc.pdf used on inpu
t line 376.
(pdftex.def)             Requested size: 198.82552pt x 130.08401pt.

<draft_figures/descriptive_plots/TradeO.pdf, id=912, 578.16pt x 433.62pt>
File: draft_figures/descriptive_plots/TradeO.pdf Graphic file (type pdf)

<use draft_figures/descriptive_plots/TradeO.pdf>
Package pdftex.def Info: draft_figures/descriptive_plots/TradeO.pdf used on inp
ut line 377.
(pdftex.def)             Requested size: 199.3401pt x 130.08401pt.

<draft_figures/descriptive_plots/TradeV.pdf, id=914, 578.16pt x 433.62pt>
File: draft_figures/descriptive_plots/TradeV.pdf Graphic file (type pdf)

<use draft_figures/descriptive_plots/TradeV.pdf>
Package pdftex.def Info: draft_figures/descriptive_plots/TradeV.pdf used on inp
ut line 380.
(pdftex.def)             Requested size: 198.82552pt x 130.08401pt.

<draft_figures/descriptive_plots/fdi_stock.pdf, id=916, 578.16pt x 433.62pt>
File: draft_figures/descriptive_plots/fdi_stock.pdf Graphic file (type pdf)

<use draft_figures/descriptive_plots/fdi_stock.pdf>
Package pdftex.def Info: draft_figures/descriptive_plots/fdi_stock.pdf used on 
input line 381.
(pdftex.def)             Requested size: 198.82552pt x 130.08401pt.

<draft_figures/descriptive_plots/fdi_flows.pdf, id=918, 578.16pt x 433.62pt>
File: draft_figures/descriptive_plots/fdi_flows.pdf Graphic file (type pdf)

<use draft_figures/descriptive_plots/fdi_flows.pdf>
Package pdftex.def Info: draft_figures/descriptive_plots/fdi_flows.pdf used on 
input line 388.
(pdftex.def)             Requested size: 433.61893pt x 325.2142pt.


LaTeX Warning: `!h' float specifier changed to `!ht'.

[32 <./draft_figures/descriptive_plots/alliance.pdf> <./draft_figures/descripti
ve_plots/defense.pdf>] [33 <./draft_figures/descriptive_plots/BIT.pdf> <./draft
_figures/descriptive_plots/Polity.pdf> <./draft_figures/descriptive_plots/mass.
pdf> <./draft_figures/descriptive_plots/distance.pdf> <./draft_figures/descript
ive_plots/GDPpc.pdf> <./draft_figures/descriptive_plots/TradeO.pdf> <./draft_fi
gures/descriptive_plots/TradeV.pdf> <./draft_figures/descriptive_plots/fdi_stoc
k.pdf>] [34 <./draft_figures/descriptive_plots/fdi_flows.pdf>]
Overfull \hbox (35.22256pt too wide) in paragraph at lines 418--434
 [][] 
 []

[35

]
<draft_figures/plots_pooled/Mutuality.pdf, id=1016, 205.76875pt x 144.54pt>
File: draft_figures/plots_pooled/Mutuality.pdf Graphic file (type pdf)

<use draft_figures/plots_pooled/Mutuality.pdf>
Package pdftex.def Info: draft_figures/plots_pooled/Mutuality.pdf used on input
 line 447.
(pdftex.def)             Requested size: 192.78526pt x 130.08401pt.

<draft_figures/plots_pooled/Transitivity.pdf, id=1018, 205.76875pt x 144.54pt>
File: draft_figures/plots_pooled/Transitivity.pdf Graphic file (type pdf)

<use draft_figures/plots_pooled/Transitivity.pdf>
Package pdftex.def Info: draft_figures/plots_pooled/Transitivity.pdf used on in
put line 448.
(pdftex.def)             Requested size: 192.78526pt x 130.08401pt.

<draft_figures/plots_pooled/Sum.pdf, id=1020, 205.76875pt x 144.54pt>
File: draft_figures/plots_pooled/Sum.pdf Graphic file (type pdf)

<use draft_figures/plots_pooled/Sum.pdf>
Package pdftex.def Info: draft_figures/plots_pooled/Sum.pdf used on input line 
459.
(pdftex.def)             Requested size: 192.78526pt x 130.08401pt.

<draft_figures/plots_pooled/sum_5.pdf, id=1022, 205.76875pt x 144.54pt>
File: draft_figures/plots_pooled/sum_5.pdf Graphic file (type pdf)

<use draft_figures/plots_pooled/sum_5.pdf>
Package pdftex.def Info: draft_figures/plots_pooled/sum_5.pdf used on input lin
e 460.
(pdftex.def)             Requested size: 192.78526pt x 130.08401pt.

<draft_figures/plots_pooled/Non-zero.pdf, id=1024, 205.76875pt x 144.54pt>
File: draft_figures/plots_pooled/Non-zero.pdf Graphic file (type pdf)

<use draft_figures/plots_pooled/Non-zero.pdf>
Package pdftex.def Info: draft_figures/plots_pooled/Non-zero.pdf used on input 
line 462.
(pdftex.def)             Requested size: 192.78526pt x 130.08401pt.

<draft_figures/plots_pooled/AllianceTreaty.pdf, id=1026, 205.76875pt x 144.54pt
>
File: draft_figures/plots_pooled/AllianceTreaty.pdf Graphic file (type pdf)
 <use draft_figures/plots_pooled/AllianceTreaty.pdf>
Package pdftex.def Info: draft_figures/plots_pooled/AllianceTreaty.pdf used on 
input line 463.
(pdftex.def)             Requested size: 192.78526pt x 130.08401pt.

<draft_figures/plots_pooled/BIT.pdf, id=1028, 205.76875pt x 144.54pt>
File: draft_figures/plots_pooled/BIT.pdf Graphic file (type pdf)

<use draft_figures/plots_pooled/BIT.pdf>
Package pdftex.def Info: draft_figures/plots_pooled/BIT.pdf used on input line 
465.
(pdftex.def)             Requested size: 192.78526pt x 130.08401pt.

<draft_figures/plots_pooled/DefenseTreaty.pdf, id=1030, 205.76875pt x 144.54pt>
File: draft_figures/plots_pooled/DefenseTreaty.pdf Graphic file (type pdf)
<use draft_figures/plots_pooled/DefenseTreaty.pdf>
Package pdftex.def Info: draft_figures/plots_pooled/DefenseTreaty.pdf used on i
nput line 466.
(pdftex.def)             Requested size: 192.78526pt x 130.08401pt.

<draft_figures/plots_pooled/DyadGDPProduct.pdf, id=1032, 205.76875pt x 144.54pt
>
File: draft_figures/plots_pooled/DyadGDPProduct.pdf Graphic file (type pdf)
 <use draft_figures/plots_pooled/DyadGDPProduct.pdf>
Package pdftex.def Info: draft_figures/plots_pooled/DyadGDPProduct.pdf used on 
input line 468.
(pdftex.def)             Requested size: 192.78526pt x 130.08401pt.

<draft_figures/plots_pooled/Distance.pdf, id=1034, 205.76875pt x 144.54pt>
File: draft_figures/plots_pooled/Distance.pdf Graphic file (type pdf)

<use draft_figures/plots_pooled/Distance.pdf>
Package pdftex.def Info: draft_figures/plots_pooled/Distance.pdf used on input 
line 469.
(pdftex.def)             Requested size: 192.78526pt x 130.08401pt.

<draft_figures/plots_pooled/LaggedDV.pdf, id=1036, 205.76875pt x 144.54pt>
File: draft_figures/plots_pooled/LaggedDV.pdf Graphic file (type pdf)

<use draft_figures/plots_pooled/LaggedDV.pdf>
Package pdftex.def Info: draft_figures/plots_pooled/LaggedDV.pdf used on input 
line 478.
(pdftex.def)             Requested size: 192.78526pt x 130.08401pt.

<draft_figures/plots_pooled/TradeVolume.pdf, id=1038, 205.76875pt x 144.54pt>
File: draft_figures/plots_pooled/TradeVolume.pdf Graphic file (type pdf)

<use draft_figures/plots_pooled/TradeVolume.pdf>
Package pdftex.def Info: draft_figures/plots_pooled/TradeVolume.pdf used on inp
ut line 479.
(pdftex.def)             Requested size: 192.78526pt x 130.08401pt.

<draft_figures/plots_pooled/GDPpc_in.pdf, id=1040, 205.76875pt x 144.54pt>
File: draft_figures/plots_pooled/GDPpc_in.pdf Graphic file (type pdf)

<use draft_figures/plots_pooled/GDPpc_in.pdf>
Package pdftex.def Info: draft_figures/plots_pooled/GDPpc_in.pdf used on input 
line 481.
(pdftex.def)             Requested size: 192.78526pt x 130.08401pt.

<draft_figures/plots_pooled/GDPpc_out.pdf, id=1042, 205.76875pt x 144.54pt>
File: draft_figures/plots_pooled/GDPpc_out.pdf Graphic file (type pdf)

<use draft_figures/plots_pooled/GDPpc_out.pdf>
Package pdftex.def Info: draft_figures/plots_pooled/GDPpc_out.pdf used on input
 line 482.
(pdftex.def)             Requested size: 192.78526pt x 130.08401pt.

<draft_figures/plots_pooled/Polity_in.pdf, id=1044, 205.76875pt x 144.54pt>
File: draft_figures/plots_pooled/Polity_in.pdf Graphic file (type pdf)

<use draft_figures/plots_pooled/Polity_in.pdf>
Package pdftex.def Info: draft_figures/plots_pooled/Polity_in.pdf used on input
 line 484.
(pdftex.def)             Requested size: 192.78526pt x 130.08401pt.

<draft_figures/plots_pooled/Polity_out.pdf, id=1046, 205.76875pt x 144.54pt>
File: draft_figures/plots_pooled/Polity_out.pdf Graphic file (type pdf)

<use draft_figures/plots_pooled/Polity_out.pdf>
Package pdftex.def Info: draft_figures/plots_pooled/Polity_out.pdf used on inpu
t line 485.
(pdftex.def)             Requested size: 192.78526pt x 130.08401pt.

<draft_figures/plots_pooled/Trade_in.pdf, id=1048, 205.76875pt x 144.54pt>
File: draft_figures/plots_pooled/Trade_in.pdf Graphic file (type pdf)

<use draft_figures/plots_pooled/Trade_in.pdf>
Package pdftex.def Info: draft_figures/plots_pooled/Trade_in.pdf used on input 
line 487.
(pdftex.def)             Requested size: 192.78526pt x 130.08401pt.

<draft_figures/plots_pooled/Trade_out.pdf, id=1050, 205.76875pt x 144.54pt>
File: draft_figures/plots_pooled/Trade_out.pdf Graphic file (type pdf)

<use draft_figures/plots_pooled/Trade_out.pdf>
Package pdftex.def Info: draft_figures/plots_pooled/Trade_out.pdf used on input
 line 488.
(pdftex.def)             Requested size: 192.78526pt x 130.08401pt.


Package natbib Warning: There were undefined citations.

Package atveryend Info: Empty hook `BeforeClearDocument' on input line 494.
[36

 <./draft_figures/plots_pooled/Mutuality.pdf> <./draft_figures/plots_pooled/Tra
nsitivity.pdf>] [37 <./draft_figures/plots_pooled/Sum.pdf> <./draft_figures/plo
ts_pooled/sum_5.pdf> <./draft_figures/plots_pooled/Non-zero.pdf> <./draft_figur
es/plots_pooled/AllianceTreaty.pdf> <./draft_figures/plots_pooled/BIT.pdf> <./d
raft_figures/plots_pooled/DefenseTreaty.pdf> <./draft_figures/plots_pooled/Dyad
GDPProduct.pdf> <./draft_figures/plots_pooled/Distance.pdf>] [38 <./draft_figur
es/plots_pooled/LaggedDV.pdf> <./draft_figures/plots_pooled/TradeVolume.pdf> <.
/draft_figures/plots_pooled/GDPpc_in.pdf> <./draft_figures/plots_pooled/GDPpc_o
ut.pdf> <./draft_figures/plots_pooled/Polity_in.pdf> <./draft_figures/plots_poo
led/Polity_out.pdf> <./draft_figures/plots_pooled/Trade_in.pdf> <./draft_figure
s/plots_pooled/Trade_out.pdf>]
Package atveryend Info: Empty hook `AfterLastShipout' on input line 494.
 (./fdi_draft.aux)
Package atveryend Info: Executing hook `AtVeryEndDocument' on input line 494.
Package atveryend Info: Executing hook `AtEndAfterFileList' on input line 494.
Package rerunfilecheck Info: File `fdi_draft.out' has not changed.
(rerunfilecheck)             Checksum: 50F3DBF171FFEA8F51C5A08B61129B65;838.


LaTeX Warning: There were multiply-defined labels.

Package atveryend Info: Empty hook `AtVeryVeryEnd' on input line 494.
 ) 
Here is how much of TeX's memory you used:
 9795 strings out of 493089
 152116 string characters out of 6134841
 243241 words of memory out of 5000000
 12908 multiletter control sequences out of 15000+600000
 23691 words of font info for 87 fonts, out of 8000000 for 9000
 1141 hyphenation exceptions out of 8191
 42i,14n,40p,1891b,603s stack positions out of 5000i,500n,10000p,200000b,80000s
pdfTeX warning (dest): name{Hfootnote.18} has been referenced but does not ex
ist, replaced by a fixed one

pdfTeX warning (dest): name{Hfootnote.17} has been referenced but does not exis
t, replaced by a fixed one

pdfTeX warning (dest): name{Hfootnote.16} has been referenced but does not exis
t, replaced by a fixed one

pdfTeX warning (dest): name{Hfootnote.15} has been referenced but does not exis
t, replaced by a fixed one

pdfTeX warning (dest): name{Hfootnote.14} has been referenced but does not exis
t, replaced by a fixed one

pdfTeX warning (dest): name{Hfootnote.13} has been referenced but does not exis
t, replaced by a fixed one

pdfTeX warning (dest): name{Hfootnote.12} has been referenced but does not exis
t, replaced by a fixed one

pdfTeX warning (dest): name{Hfootnote.11} has been referenced but does not exis
t, replaced by a fixed one

pdfTeX warning (dest): name{Hfootnote.10} has been referenced but does not exis
t, replaced by a fixed one

pdfTeX warning (dest): name{Hfootnote.9} has been referenced but does not exist
, replaced by a fixed one

pdfTeX warning (dest): name{Hfootnote.8} has been referenced but does not exist
, replaced by a fixed one

pdfTeX warning (dest): name{Hfootnote.7} has been referenced but does not exist
, replaced by a fixed one

pdfTeX warning (dest): name{Hfootnote.6} has been referenced but does not exist
, replaced by a fixed one

pdfTeX warning (dest): name{Hfootnote.5} has been referenced but does not exist
, replaced by a fixed one

pdfTeX warning (dest): name{Hfootnote.4} has been referenced but does not exist
, replaced by a fixed one

pdfTeX warning (dest): name{Hfootnote.3} has been referenced but does not exist
, replaced by a fixed one

pdfTeX warning (dest): name{Hfootnote.2} has been referenced but does not exist
, replaced by a fixed one

pdfTeX warning (dest): name{Hfootnote.1} has been referenced but does not exist
, replaced by a fixed one

{/usr/local/texlive/2015/texmf-dist/fonts/enc/dvips/base/8r.enc}</usr/local/tex
live/2015/texmf-dist/fonts/type1/public/amsfonts/cm/cmbx10.pfb></usr/local/texl
ive/2015/texmf-dist/fonts/type1/public/amsfonts/cm/cmbx12.pfb></usr/local/texli
ve/2015/texmf-dist/fonts/type1/public/amsfonts/cm/cmex10.pfb></usr/local/texliv
e/2015/texmf-dist/fonts/type1/public/amsfonts/cm/cmmi12.pfb></usr/local/texlive
/2015/texmf-dist/fonts/type1/public/amsfonts/cm/cmmi8.pfb></usr/local/texlive/2
015/texmf-dist/fonts/type1/public/amsfonts/cm/cmmib10.pfb></usr/local/texlive/2
015/texmf-dist/fonts/type1/public/amsfonts/cmextra/cmmib8.pfb></usr/local/texli
ve/2015/texmf-dist/fonts/type1/public/amsfonts/cm/cmr10.pfb></usr/local/texlive
/2015/texmf-dist/fonts/type1/public/amsfonts/cm/cmr12.pfb></usr/local/texlive/2
015/texmf-dist/fonts/type1/public/amsfonts/cm/cmr17.pfb></usr/local/texlive/201
5/texmf-dist/fonts/type1/public/amsfonts/cm/cmr7.pfb></usr/local/texlive/2015/t
exmf-dist/fonts/type1/public/amsfonts/cm/cmr8.pfb></usr/local/texlive/2015/texm
f-dist/fonts/type1/public/amsfonts/cm/cmsy10.pfb></usr/local/texlive/2015/texmf
-dist/fonts/type1/public/amsfonts/cm/cmsy7.pfb></usr/local/texlive/2015/texmf-d
ist/fonts/type1/public/amsfonts/cm/cmsy8.pfb></usr/local/texlive/2015/texmf-dis
t/fonts/type1/public/amsfonts/cm/cmti10.pfb></usr/local/texlive/2015/texmf-dist
/fonts/type1/public/amsfonts/cm/cmti12.pfb></usr/local/texlive/2015/texmf-dist/
fonts/type1/public/amsfonts/symbols/msbm10.pfb></usr/local/texlive/2015/texmf-d
ist/fonts/type1/urw/courier/ucrr8a.pfb>
Output written on fdi_draft.pdf (40 pages, 764245 bytes).
PDF statistics:
 1297 PDF objects out of 1440 (max. 8388607)
 1077 compressed objects within 11 object streams
 184 named destinations out of 1000 (max. 500000)
 636 words of extra memory for PDF output out of 10000 (max. 10000000)

